[0.547s] Invoking command in '/home/minha/moiro_ws/src/yolov8_ros/yolov8_ros': CONDA_PROMPT_MODIFIER=(new_adaface) PYTHONPATH=/home/minha/moiro_ws/src/yolov8_ros/build/yolov8_ros/prefix_override:/home/minha/moiro_ws/src/yolov8_ros/install/yolov8_ros/lib/python3.10/site-packages:${PYTHONPATH} /usr/bin/python3 -W ignore:setup.py install is deprecated setup.py egg_info --egg-base ../build/yolov8_ros build --build-base /home/minha/moiro_ws/src/yolov8_ros/build/yolov8_ros/build install --record /home/minha/moiro_ws/src/yolov8_ros/build/yolov8_ros/install.log --single-version-externally-managed install_data
[0.751s] running egg_info
[0.751s] writing ../build/yolov8_ros/yolov8_ros.egg-info/PKG-INFO
[0.751s] writing dependency_links to ../build/yolov8_ros/yolov8_ros.egg-info/dependency_links.txt
[0.752s] writing entry points to ../build/yolov8_ros/yolov8_ros.egg-info/entry_points.txt
[0.752s] writing requirements to ../build/yolov8_ros/yolov8_ros.egg-info/requires.txt
[0.752s] writing top-level names to ../build/yolov8_ros/yolov8_ros.egg-info/top_level.txt
[0.753s] reading manifest file '../build/yolov8_ros/yolov8_ros.egg-info/SOURCES.txt'
[0.753s] writing manifest file '../build/yolov8_ros/yolov8_ros.egg-info/SOURCES.txt'
[0.753s] running build
[0.753s] running build_py
[0.754s] running install
[0.754s] running install_lib
[0.755s] running install_data
[0.755s] running install_egg_info
[0.756s] removing '/home/minha/moiro_ws/src/yolov8_ros/install/yolov8_ros/lib/python3.10/site-packages/yolov8_ros-0.0.0-py3.10.egg-info' (and everything under it)
[0.756s] Copying ../build/yolov8_ros/yolov8_ros.egg-info to /home/minha/moiro_ws/src/yolov8_ros/install/yolov8_ros/lib/python3.10/site-packages/yolov8_ros-0.0.0-py3.10.egg-info
[0.757s] running install_scripts
[0.772s] Installing debug_node script to /home/minha/moiro_ws/src/yolov8_ros/install/yolov8_ros/lib/yolov8_ros
[0.773s] Installing detect_3d_node script to /home/minha/moiro_ws/src/yolov8_ros/install/yolov8_ros/lib/yolov8_ros
[0.773s] Installing tracking_node script to /home/minha/moiro_ws/src/yolov8_ros/install/yolov8_ros/lib/yolov8_ros
[0.773s] Installing yolov8_node script to /home/minha/moiro_ws/src/yolov8_ros/install/yolov8_ros/lib/yolov8_ros
[0.773s] writing list of installed files to '/home/minha/moiro_ws/src/yolov8_ros/build/yolov8_ros/install.log'
[0.790s] Invoked command in '/home/minha/moiro_ws/src/yolov8_ros/yolov8_ros' returned '0': CONDA_PROMPT_MODIFIER=(new_adaface) PYTHONPATH=/home/minha/moiro_ws/src/yolov8_ros/build/yolov8_ros/prefix_override:/home/minha/moiro_ws/src/yolov8_ros/install/yolov8_ros/lib/python3.10/site-packages:${PYTHONPATH} /usr/bin/python3 -W ignore:setup.py install is deprecated setup.py egg_info --egg-base ../build/yolov8_ros build --build-base /home/minha/moiro_ws/src/yolov8_ros/build/yolov8_ros/build install --record /home/minha/moiro_ws/src/yolov8_ros/build/yolov8_ros/install.log --single-version-externally-managed install_data
