[0.226s] Invoking command in '/home/minha/moiro_ws/src/yolov8_ros/build/yolov8_msgs': CMAKE_PREFIX_PATH=${CMAKE_PREFIX_PATH}:/home/minha/moiro_ws/install/adaface:/home/minha/moiro_ws/install/yolov8_ros:/home/minha/colcon_ws/install/ultraarm:/home/minha/colcon_ws/install/mypalletizer_260_pi:/home/minha/colcon_ws/install/mypalletizer_260:/home/minha/colcon_ws/install/mypalletizer_communication:/home/minha/colcon_ws/install/mycobot_630:/home/minha/colcon_ws/install/mycobot_600:/home/minha/colcon_ws/install/mycobot_320pi:/home/minha/colcon_ws/install/mycobot_320:/home/minha/colcon_ws/install/mycobot_280pi:/home/minha/colcon_ws/install/mycobot_280jn:/home/minha/colcon_ws/install/mycobot_280_x3pi:/home/minha/colcon_ws/install/mycobot_280:/home/minha/colcon_ws/install/myarm_300:/home/minha/colcon_ws/install/mycobot_communication:/home/minha/colcon_ws/install/mecharm_pi:/home/minha/colcon_ws/install/mecharm:/home/minha/colcon_ws/install/mecharm_communication:/home/minha/colcon_ws/install/mybuddy:/home/minha/colcon_ws/install/mycobot_description:/home/minha/ros2_ws_tut/install/urdf_turtorial:/home/minha/ros2_ws_tut/install/ros_topic:/home/minha/ros2_ws_tut/install/ros_mini_proj:/home/minha/ros2_ws_tut/install/python_parameters:/home/minha/ros2_ws_tut/install/motor_control_serial:/home/minha/ros2_ws_tut/install/action_tutorial:/home/minha/ros2_ws_tut/install/action_service:/opt/ros/humble CONDA_PROMPT_MODIFIER=(new_adaface) /home/minha/.local/bin/cmake /home/minha/moiro_ws/src/yolov8_ros/yolov8_msgs -DCMAKE_INSTALL_PREFIX=/home/minha/moiro_ws/src/yolov8_ros/install/yolov8_msgs
[0.311s] -- The C compiler identification is GNU 11.4.0
[0.366s] -- The CXX compiler identification is GNU 11.4.0
[0.377s] -- Detecting C compiler ABI info
[0.424s] -- Detecting C compiler ABI info - done
[0.440s] -- Check for working C compiler: /usr/bin/cc - skipped
[0.441s] -- Detecting C compile features
[0.441s] -- Detecting C compile features - done
[0.446s] -- Detecting CXX compiler ABI info
[0.494s] -- Detecting CXX compiler ABI info - done
[0.507s] -- Check for working CXX compiler: /usr/bin/c++ - skipped
[0.507s] -- Detecting CXX compile features
[0.508s] -- Detecting CXX compile features - done
[0.513s] -- Found ament_cmake: 1.3.8 (/opt/ros/humble/share/ament_cmake/cmake)
[0.925s] -- Found Python3: /home/minha/anaconda3/envs/new_adaface/bin/python3 (found version "3.10.14") found components: Interpreter 
[1.038s] -- Found rclcpp: 16.0.8 (/opt/ros/humble/share/rclcpp/cmake)
[1.105s] -- Found rosidl_generator_c: 3.1.5 (/opt/ros/humble/share/rosidl_generator_c/cmake)
[1.113s] -- Found rosidl_adapter: 3.1.5 (/opt/ros/humble/share/rosidl_adapter/cmake)
[1.128s] -- Found rosidl_generator_cpp: 3.1.5 (/opt/ros/humble/share/rosidl_generator_cpp/cmake)
[1.146s] -- Using all available rosidl_typesupport_c: rosidl_typesupport_fastrtps_c;rosidl_typesupport_introspection_c
[1.173s] -- Using all available rosidl_typesupport_cpp: rosidl_typesupport_fastrtps_cpp;rosidl_typesupport_introspection_cpp
[1.257s] -- Found rmw_implementation_cmake: 6.1.1 (/opt/ros/humble/share/rmw_implementation_cmake/cmake)
[1.262s] -- Found rmw_fastrtps_cpp: 6.2.6 (/opt/ros/humble/share/rmw_fastrtps_cpp/cmake)
[1.358s] -- Found OpenSSL: /usr/lib/x86_64-linux-gnu/libcrypto.so (found version "3.0.2")  
[1.383s] -- Found FastRTPS: /opt/ros/humble/include  
[1.428s] -- Using RMW implementation 'rmw_fastrtps_cpp' as default
[1.447s] -- Performing Test CMAKE_HAVE_LIBC_PTHREAD
[1.493s] -- Performing Test CMAKE_HAVE_LIBC_PTHREAD - Success
[1.495s] -- Found Threads: TRUE  
[1.647s] -- Found rosidl_default_generators: 1.2.0 (/opt/ros/humble/share/rosidl_default_generators/cmake)
[1.664s] -- Found geometry_msgs: 4.2.3 (/opt/ros/humble/share/geometry_msgs/cmake)
[1.978s] -- Found ament_cmake_ros: 0.10.0 (/opt/ros/humble/share/ament_cmake_ros/cmake)
[2.244s] -- Using all available rosidl_typesupport_c: rosidl_typesupport_fastrtps_c;rosidl_typesupport_introspection_c
[2.346s] -- Using all available rosidl_typesupport_cpp: rosidl_typesupport_fastrtps_cpp;rosidl_typesupport_introspection_cpp
[2.373s] -- Found PythonInterp: /home/minha/anaconda3/envs/new_adaface/bin/python3 (found suitable version "3.10.14", minimum required is "3.6") 
[2.376s] -- Found python_cmake_module: 0.10.0 (/opt/ros/humble/share/python_cmake_module/cmake)
[2.403s] -- Found PythonLibs: /home/minha/anaconda3/envs/new_adaface/lib/libpython3.10.so (found suitable version "3.10.14", minimum required is "3.5") 
[2.403s] -- Using PYTHON_EXECUTABLE: /home/minha/anaconda3/envs/new_adaface/bin/python3
[2.403s] -- Using PYTHON_INCLUDE_DIRS: /home/minha/anaconda3/envs/new_adaface/include/python3.10
[2.403s] -- Using PYTHON_LIBRARIES: /home/minha/anaconda3/envs/new_adaface/lib/libpython3.10.so
[2.425s] -- Found PythonExtra: .so  
[2.581s] -- Using numpy include directory: /home/minha/.local/lib/python3.10/site-packages/numpy/core/include
[2.622s] -- Configuring done (2.4s)
[2.652s] [33mCMake Warning at /opt/ros/humble/share/rosidl_generator_py/cmake/rosidl_generator_py_generate_interfaces.cmake:166 (add_library):
[2.652s]   Cannot generate a safe runtime search path for target
[2.652s]   yolov8_msgs__rosidl_generator_py because files in some directories may
[2.652s]   conflict with libraries in implicit directories:
[2.652s] 
[2.652s]     runtime library [libpython3.10.so.1.0] in /usr/lib/x86_64-linux-gnu may be hidden by files in:
[2.653s]       /home/minha/anaconda3/envs/new_adaface/lib
[2.653s] 
[2.653s]   Some of these libraries may not be found correctly.
[2.653s] Call Stack (most recent call first):
[2.653s]   /opt/ros/humble/share/ament_cmake_core/cmake/core/ament_execute_extensions.cmake:48 (include)
[2.653s]   /opt/ros/humble/share/rosidl_cmake/cmake/rosidl_generate_interfaces.cmake:286 (ament_execute_extensions)
[2.653s]   CMakeLists.txt:15 (rosidl_generate_interfaces)
[2.653s] 
[2.653s] [0m
[2.654s] [33mCMake Warning at /opt/ros/humble/share/rosidl_generator_py/cmake/rosidl_generator_py_generate_interfaces.cmake:226 (add_library):
[2.654s]   Cannot generate a safe runtime search path for target
[2.654s]   yolov8_msgs__rosidl_typesupport_fastrtps_c__pyext because files in some
[2.654s]   directories may conflict with libraries in implicit directories:
[2.654s] 
[2.654s]     runtime library [libpython3.10.so.1.0] in /usr/lib/x86_64-linux-gnu may be hidden by files in:
[2.654s]       /home/minha/anaconda3/envs/new_adaface/lib
[2.654s] 
[2.654s]   Some of these libraries may not be found correctly.
[2.654s] Call Stack (most recent call first):
[2.655s]   /opt/ros/humble/share/ament_cmake_core/cmake/core/ament_execute_extensions.cmake:48 (include)
[2.655s]   /opt/ros/humble/share/rosidl_cmake/cmake/rosidl_generate_interfaces.cmake:286 (ament_execute_extensions)
[2.655s]   CMakeLists.txt:15 (rosidl_generate_interfaces)
[2.655s] 
[2.655s] [0m
[2.655s] [33mCMake Warning at /opt/ros/humble/share/rosidl_generator_py/cmake/rosidl_generator_py_generate_interfaces.cmake:226 (add_library):
[2.656s]   Cannot generate a safe runtime search path for target
[2.656s]   yolov8_msgs__rosidl_typesupport_introspection_c__pyext because files in
[2.656s]   some directories may conflict with libraries in implicit directories:
[2.656s] 
[2.656s]     runtime library [libpython3.10.so.1.0] in /usr/lib/x86_64-linux-gnu may be hidden by files in:
[2.656s]       /home/minha/anaconda3/envs/new_adaface/lib
[2.656s] 
[2.656s]   Some of these libraries may not be found correctly.
[2.656s] Call Stack (most recent call first):
[2.656s]   /opt/ros/humble/share/ament_cmake_core/cmake/core/ament_execute_extensions.cmake:48 (include)
[2.656s]   /opt/ros/humble/share/rosidl_cmake/cmake/rosidl_generate_interfaces.cmake:286 (ament_execute_extensions)
[2.656s]   CMakeLists.txt:15 (rosidl_generate_interfaces)
[2.656s] 
[2.657s] [0m
[2.657s] [33mCMake Warning at /opt/ros/humble/share/rosidl_generator_py/cmake/rosidl_generator_py_generate_interfaces.cmake:226 (add_library):
[2.657s]   Cannot generate a safe runtime search path for target
[2.657s]   yolov8_msgs__rosidl_typesupport_c__pyext because files in some directories
[2.657s]   may conflict with libraries in implicit directories:
[2.657s] 
[2.658s]     runtime library [libpython3.10.so.1.0] in /usr/lib/x86_64-linux-gnu may be hidden by files in:
[2.658s]       /home/minha/anaconda3/envs/new_adaface/lib
[2.658s] 
[2.658s]   Some of these libraries may not be found correctly.
[2.658s] Call Stack (most recent call first):
[2.658s]   /opt/ros/humble/share/ament_cmake_core/cmake/core/ament_execute_extensions.cmake:48 (include)
[2.658s]   /opt/ros/humble/share/rosidl_cmake/cmake/rosidl_generate_interfaces.cmake:286 (ament_execute_extensions)
[2.658s]   CMakeLists.txt:15 (rosidl_generate_interfaces)
[2.658s] 
[2.658s] [0m
[2.662s] -- Generating done (0.0s)
[2.665s] -- Build files have been written to: /home/minha/moiro_ws/src/yolov8_ros/build/yolov8_msgs
[2.677s] Invoked command in '/home/minha/moiro_ws/src/yolov8_ros/build/yolov8_msgs' returned '0': CMAKE_PREFIX_PATH=${CMAKE_PREFIX_PATH}:/home/minha/moiro_ws/install/adaface:/home/minha/moiro_ws/install/yolov8_ros:/home/minha/colcon_ws/install/ultraarm:/home/minha/colcon_ws/install/mypalletizer_260_pi:/home/minha/colcon_ws/install/mypalletizer_260:/home/minha/colcon_ws/install/mypalletizer_communication:/home/minha/colcon_ws/install/mycobot_630:/home/minha/colcon_ws/install/mycobot_600:/home/minha/colcon_ws/install/mycobot_320pi:/home/minha/colcon_ws/install/mycobot_320:/home/minha/colcon_ws/install/mycobot_280pi:/home/minha/colcon_ws/install/mycobot_280jn:/home/minha/colcon_ws/install/mycobot_280_x3pi:/home/minha/colcon_ws/install/mycobot_280:/home/minha/colcon_ws/install/myarm_300:/home/minha/colcon_ws/install/mycobot_communication:/home/minha/colcon_ws/install/mecharm_pi:/home/minha/colcon_ws/install/mecharm:/home/minha/colcon_ws/install/mecharm_communication:/home/minha/colcon_ws/install/mybuddy:/home/minha/colcon_ws/install/mycobot_description:/home/minha/ros2_ws_tut/install/urdf_turtorial:/home/minha/ros2_ws_tut/install/ros_topic:/home/minha/ros2_ws_tut/install/ros_mini_proj:/home/minha/ros2_ws_tut/install/python_parameters:/home/minha/ros2_ws_tut/install/motor_control_serial:/home/minha/ros2_ws_tut/install/action_tutorial:/home/minha/ros2_ws_tut/install/action_service:/opt/ros/humble CONDA_PROMPT_MODIFIER=(new_adaface) /home/minha/.local/bin/cmake /home/minha/moiro_ws/src/yolov8_ros/yolov8_msgs -DCMAKE_INSTALL_PREFIX=/home/minha/moiro_ws/src/yolov8_ros/install/yolov8_msgs
[2.678s] Invoking command in '/home/minha/moiro_ws/src/yolov8_ros/build/yolov8_msgs': CMAKE_PREFIX_PATH=${CMAKE_PREFIX_PATH}:/home/minha/moiro_ws/install/adaface:/home/minha/moiro_ws/install/yolov8_ros:/home/minha/colcon_ws/install/ultraarm:/home/minha/colcon_ws/install/mypalletizer_260_pi:/home/minha/colcon_ws/install/mypalletizer_260:/home/minha/colcon_ws/install/mypalletizer_communication:/home/minha/colcon_ws/install/mycobot_630:/home/minha/colcon_ws/install/mycobot_600:/home/minha/colcon_ws/install/mycobot_320pi:/home/minha/colcon_ws/install/mycobot_320:/home/minha/colcon_ws/install/mycobot_280pi:/home/minha/colcon_ws/install/mycobot_280jn:/home/minha/colcon_ws/install/mycobot_280_x3pi:/home/minha/colcon_ws/install/mycobot_280:/home/minha/colcon_ws/install/myarm_300:/home/minha/colcon_ws/install/mycobot_communication:/home/minha/colcon_ws/install/mecharm_pi:/home/minha/colcon_ws/install/mecharm:/home/minha/colcon_ws/install/mecharm_communication:/home/minha/colcon_ws/install/mybuddy:/home/minha/colcon_ws/install/mycobot_description:/home/minha/ros2_ws_tut/install/urdf_turtorial:/home/minha/ros2_ws_tut/install/ros_topic:/home/minha/ros2_ws_tut/install/ros_mini_proj:/home/minha/ros2_ws_tut/install/python_parameters:/home/minha/ros2_ws_tut/install/motor_control_serial:/home/minha/ros2_ws_tut/install/action_tutorial:/home/minha/ros2_ws_tut/install/action_service:/opt/ros/humble CONDA_PROMPT_MODIFIER=(new_adaface) /home/minha/.local/bin/cmake --build /home/minha/moiro_ws/src/yolov8_ros/build/yolov8_msgs -- -j12 -l12
[2.719s] [  1%] [34m[1mGenerating C code for ROS interfaces[0m
[2.723s] [  1%] [34m[1mGenerating C++ code for ROS interfaces[0m
[2.731s] [  1%] Built target ament_cmake_python_copy_yolov8_msgs
[3.049s] running egg_info
[3.050s] creating yolov8_msgs.egg-info
[3.051s] writing manifest file 'yolov8_msgs.egg-info/SOURCES.txt'
[3.053s] writing manifest file 'yolov8_msgs.egg-info/SOURCES.txt'
[3.078s] [  1%] Built target ament_cmake_python_build_yolov8_msgs_egg
[3.357s] [  1%] Built target yolov8_msgs__cpp
[3.361s] [  2%] [34m[1mGenerating C++ type support for eProsima Fast-RTPS[0m
[3.363s] [  2%] [34m[1mGenerating C++ introspection for ROS interfaces[0m
[3.363s] [  3%] [34m[1mGenerating C++ type support dispatch for ROS interfaces[0m
[3.420s] [  4%] [32mBuilding C object CMakeFiles/yolov8_msgs__rosidl_generator_c.dir/rosidl_generator_c/yolov8_msgs/msg/detail/point2_d__functions.c.o[0m
[3.420s] [  5%] [32mBuilding C object CMakeFiles/yolov8_msgs__rosidl_generator_c.dir/rosidl_generator_c/yolov8_msgs/msg/detail/vector2__functions.c.o[0m
[3.421s] [  5%] [32mBuilding C object CMakeFiles/yolov8_msgs__rosidl_generator_c.dir/rosidl_generator_c/yolov8_msgs/msg/detail/pose2_d__functions.c.o[0m
[3.421s] [  6%] [32mBuilding C object CMakeFiles/yolov8_msgs__rosidl_generator_c.dir/rosidl_generator_c/yolov8_msgs/msg/detail/bounding_box2_d__functions.c.o[0m
[3.421s] [  7%] [32mBuilding C object CMakeFiles/yolov8_msgs__rosidl_generator_c.dir/rosidl_generator_c/yolov8_msgs/msg/detail/bounding_box3_d__functions.c.o[0m
[3.422s] [  8%] [32mBuilding C object CMakeFiles/yolov8_msgs__rosidl_generator_c.dir/rosidl_generator_c/yolov8_msgs/msg/detail/mask__functions.c.o[0m
[3.422s] [  8%] [32mBuilding C object CMakeFiles/yolov8_msgs__rosidl_generator_c.dir/rosidl_generator_c/yolov8_msgs/msg/detail/key_point2_d__functions.c.o[0m
[3.422s] [  9%] [32mBuilding C object CMakeFiles/yolov8_msgs__rosidl_generator_c.dir/rosidl_generator_c/yolov8_msgs/msg/detail/key_point2_d_array__functions.c.o[0m
[3.422s] [ 10%] [32mBuilding C object CMakeFiles/yolov8_msgs__rosidl_generator_c.dir/rosidl_generator_c/yolov8_msgs/msg/detail/key_point3_d__functions.c.o[0m
[3.464s] [ 11%] [32mBuilding C object CMakeFiles/yolov8_msgs__rosidl_generator_c.dir/rosidl_generator_c/yolov8_msgs/msg/detail/key_point3_d_array__functions.c.o[0m
[3.465s] [ 12%] [32mBuilding C object CMakeFiles/yolov8_msgs__rosidl_generator_c.dir/rosidl_generator_c/yolov8_msgs/msg/detail/detection__functions.c.o[0m
[3.468s] [ 13%] [32mBuilding C object CMakeFiles/yolov8_msgs__rosidl_generator_c.dir/rosidl_generator_c/yolov8_msgs/msg/detail/detection_array__functions.c.o[0m
[3.469s] [ 13%] [32mBuilding C object CMakeFiles/yolov8_msgs__rosidl_generator_c.dir/rosidl_generator_c/yolov8_msgs/msg/detail/detection_info__functions.c.o[0m
[3.520s] [ 14%] [32m[1mLinking C shared library libyolov8_msgs__rosidl_generator_c.so[0m
[3.552s] [ 14%] Built target yolov8_msgs__rosidl_generator_c
[3.559s] [ 17%] [34m[1mGenerating C introspection for ROS interfaces[0m
[3.559s] [ 17%] [34m[1mGenerating C type support for eProsima Fast-RTPS[0m
[3.559s] [ 17%] [34m[1mGenerating C type support dispatch for ROS interfaces[0m
[3.906s] [ 18%] [32mBuilding CXX object CMakeFiles/yolov8_msgs__rosidl_typesupport_cpp.dir/rosidl_typesupport_cpp/yolov8_msgs/msg/point2_d__type_support.cpp.o[0m
[3.906s] [ 19%] [32mBuilding CXX object CMakeFiles/yolov8_msgs__rosidl_typesupport_cpp.dir/rosidl_typesupport_cpp/yolov8_msgs/msg/vector2__type_support.cpp.o[0m
[3.906s] [ 19%] [32mBuilding CXX object CMakeFiles/yolov8_msgs__rosidl_typesupport_cpp.dir/rosidl_typesupport_cpp/yolov8_msgs/msg/pose2_d__type_support.cpp.o[0m
[3.907s] [ 20%] [32mBuilding CXX object CMakeFiles/yolov8_msgs__rosidl_typesupport_cpp.dir/rosidl_typesupport_cpp/yolov8_msgs/msg/bounding_box3_d__type_support.cpp.o[0m
[3.908s] [ 21%] [32mBuilding CXX object CMakeFiles/yolov8_msgs__rosidl_typesupport_cpp.dir/rosidl_typesupport_cpp/yolov8_msgs/msg/bounding_box2_d__type_support.cpp.o[0m
[3.908s] [ 22%] [32mBuilding CXX object CMakeFiles/yolov8_msgs__rosidl_typesupport_cpp.dir/rosidl_typesupport_cpp/yolov8_msgs/msg/mask__type_support.cpp.o[0m
[3.908s] [ 23%] [32mBuilding CXX object CMakeFiles/yolov8_msgs__rosidl_typesupport_cpp.dir/rosidl_typesupport_cpp/yolov8_msgs/msg/key_point2_d__type_support.cpp.o[0m
[4.118s] [ 24%] [32mBuilding CXX object CMakeFiles/yolov8_msgs__rosidl_typesupport_fastrtps_cpp.dir/rosidl_typesupport_fastrtps_cpp/yolov8_msgs/msg/detail/dds_fastrtps/point2_d__type_support.cpp.o[0m
[4.160s] [ 24%] [32mBuilding CXX object CMakeFiles/yolov8_msgs__rosidl_typesupport_cpp.dir/rosidl_typesupport_cpp/yolov8_msgs/msg/key_point2_d_array__type_support.cpp.o[0m
[4.181s] [ 25%] [32mBuilding CXX object CMakeFiles/yolov8_msgs__rosidl_typesupport_cpp.dir/rosidl_typesupport_cpp/yolov8_msgs/msg/key_point3_d__type_support.cpp.o[0m
[4.184s] [ 26%] [32mBuilding CXX object CMakeFiles/yolov8_msgs__rosidl_typesupport_cpp.dir/rosidl_typesupport_cpp/yolov8_msgs/msg/key_point3_d_array__type_support.cpp.o[0m
[4.222s] [ 27%] [32mBuilding CXX object CMakeFiles/yolov8_msgs__rosidl_typesupport_cpp.dir/rosidl_typesupport_cpp/yolov8_msgs/msg/detection__type_support.cpp.o[0m
[4.230s] [ 28%] [32mBuilding CXX object CMakeFiles/yolov8_msgs__rosidl_typesupport_cpp.dir/rosidl_typesupport_cpp/yolov8_msgs/msg/detection_array__type_support.cpp.o[0m
[4.231s] [ 28%] [32mBuilding CXX object CMakeFiles/yolov8_msgs__rosidl_typesupport_cpp.dir/rosidl_typesupport_cpp/yolov8_msgs/msg/detection_info__type_support.cpp.o[0m
[4.243s] [ 29%] [32mBuilding CXX object CMakeFiles/yolov8_msgs__rosidl_typesupport_fastrtps_cpp.dir/rosidl_typesupport_fastrtps_cpp/yolov8_msgs/msg/detail/dds_fastrtps/vector2__type_support.cpp.o[0m
[4.412s] [ 30%] [32mBuilding CXX object CMakeFiles/yolov8_msgs__rosidl_typesupport_fastrtps_cpp.dir/rosidl_typesupport_fastrtps_cpp/yolov8_msgs/msg/detail/dds_fastrtps/pose2_d__type_support.cpp.o[0m
[4.470s] [ 31%] [32mBuilding CXX object CMakeFiles/yolov8_msgs__rosidl_typesupport_introspection_cpp.dir/rosidl_typesupport_introspection_cpp/yolov8_msgs/msg/detail/point2_d__type_support.cpp.o[0m
[4.482s] [ 32%] [32mBuilding CXX object CMakeFiles/yolov8_msgs__rosidl_typesupport_introspection_cpp.dir/rosidl_typesupport_introspection_cpp/yolov8_msgs/msg/detail/vector2__type_support.cpp.o[0m
[4.492s] [ 33%] [32mBuilding CXX object CMakeFiles/yolov8_msgs__rosidl_typesupport_introspection_cpp.dir/rosidl_typesupport_introspection_cpp/yolov8_msgs/msg/detail/pose2_d__type_support.cpp.o[0m
[4.494s] [ 33%] [32mBuilding CXX object CMakeFiles/yolov8_msgs__rosidl_typesupport_fastrtps_cpp.dir/rosidl_typesupport_fastrtps_cpp/yolov8_msgs/msg/detail/dds_fastrtps/bounding_box2_d__type_support.cpp.o[0m
[4.495s] [ 34%] [32mBuilding CXX object CMakeFiles/yolov8_msgs__rosidl_typesupport_introspection_cpp.dir/rosidl_typesupport_introspection_cpp/yolov8_msgs/msg/detail/bounding_box2_d__type_support.cpp.o[0m
[4.496s] [ 34%] [32mBuilding CXX object CMakeFiles/yolov8_msgs__rosidl_typesupport_c.dir/rosidl_typesupport_c/yolov8_msgs/msg/point2_d__type_support.cpp.o[0m
[4.521s] [ 35%] [32mBuilding CXX object CMakeFiles/yolov8_msgs__rosidl_typesupport_c.dir/rosidl_typesupport_c/yolov8_msgs/msg/vector2__type_support.cpp.o[0m
[4.548s] [ 36%] [32mBuilding CXX object CMakeFiles/yolov8_msgs__rosidl_typesupport_c.dir/rosidl_typesupport_c/yolov8_msgs/msg/pose2_d__type_support.cpp.o[0m
[4.551s] [ 37%] [32m[1mLinking CXX shared library libyolov8_msgs__rosidl_typesupport_cpp.so[0m
[4.591s] [ 38%] [32mBuilding CXX object CMakeFiles/yolov8_msgs__rosidl_typesupport_c.dir/rosidl_typesupport_c/yolov8_msgs/msg/bounding_box2_d__type_support.cpp.o[0m
[4.613s] [ 39%] [32mBuilding CXX object CMakeFiles/yolov8_msgs__rosidl_typesupport_fastrtps_cpp.dir/rosidl_typesupport_fastrtps_cpp/yolov8_msgs/msg/detail/dds_fastrtps/bounding_box3_d__type_support.cpp.o[0m
[4.618s] [ 40%] [32mBuilding CXX object CMakeFiles/yolov8_msgs__rosidl_typesupport_c.dir/rosidl_typesupport_c/yolov8_msgs/msg/bounding_box3_d__type_support.cpp.o[0m
[4.626s] [ 40%] Built target yolov8_msgs__rosidl_typesupport_cpp
[4.638s] [ 40%] [32mBuilding CXX object CMakeFiles/yolov8_msgs__rosidl_typesupport_c.dir/rosidl_typesupport_c/yolov8_msgs/msg/mask__type_support.cpp.o[0m
[4.645s] [ 41%] [32mBuilding CXX object CMakeFiles/yolov8_msgs__rosidl_typesupport_c.dir/rosidl_typesupport_c/yolov8_msgs/msg/key_point2_d__type_support.cpp.o[0m
[4.661s] [ 42%] [32mBuilding CXX object CMakeFiles/yolov8_msgs__rosidl_typesupport_fastrtps_cpp.dir/rosidl_typesupport_fastrtps_cpp/yolov8_msgs/msg/detail/dds_fastrtps/mask__type_support.cpp.o[0m
[4.661s] [ 43%] [32mBuilding C object CMakeFiles/yolov8_msgs__rosidl_typesupport_introspection_c.dir/rosidl_typesupport_introspection_c/yolov8_msgs/msg/detail/point2_d__type_support.c.o[0m
[4.668s] [ 43%] [32mBuilding CXX object CMakeFiles/yolov8_msgs__rosidl_typesupport_introspection_cpp.dir/rosidl_typesupport_introspection_cpp/yolov8_msgs/msg/detail/bounding_box3_d__type_support.cpp.o[0m
[4.670s] [ 44%] [32mBuilding CXX object CMakeFiles/yolov8_msgs__rosidl_typesupport_c.dir/rosidl_typesupport_c/yolov8_msgs/msg/key_point2_d_array__type_support.cpp.o[0m
[4.691s] [ 45%] [32mBuilding C object CMakeFiles/yolov8_msgs__rosidl_typesupport_introspection_c.dir/rosidl_typesupport_introspection_c/yolov8_msgs/msg/detail/vector2__type_support.c.o[0m
[4.707s] [ 46%] [32mBuilding CXX object CMakeFiles/yolov8_msgs__rosidl_typesupport_c.dir/rosidl_typesupport_c/yolov8_msgs/msg/key_point3_d__type_support.cpp.o[0m
[4.725s] [ 46%] [32mBuilding C object CMakeFiles/yolov8_msgs__rosidl_typesupport_introspection_c.dir/rosidl_typesupport_introspection_c/yolov8_msgs/msg/detail/pose2_d__type_support.c.o[0m
[4.732s] [ 47%] [32mBuilding CXX object CMakeFiles/yolov8_msgs__rosidl_typesupport_c.dir/rosidl_typesupport_c/yolov8_msgs/msg/key_point3_d_array__type_support.cpp.o[0m
[4.759s] [ 48%] [32mBuilding C object CMakeFiles/yolov8_msgs__rosidl_typesupport_introspection_c.dir/rosidl_typesupport_introspection_c/yolov8_msgs/msg/detail/bounding_box2_d__type_support.c.o[0m
[4.759s] [ 48%] [32mBuilding CXX object CMakeFiles/yolov8_msgs__rosidl_typesupport_c.dir/rosidl_typesupport_c/yolov8_msgs/msg/detection__type_support.cpp.o[0m
[4.789s] [ 50%] [32mBuilding CXX object CMakeFiles/yolov8_msgs__rosidl_typesupport_c.dir/rosidl_typesupport_c/yolov8_msgs/msg/detection_array__type_support.cpp.o[0m
[4.789s] [ 50%] [32mBuilding CXX object CMakeFiles/yolov8_msgs__rosidl_typesupport_fastrtps_c.dir/rosidl_typesupport_fastrtps_c/yolov8_msgs/msg/detail/point2_d__type_support_c.cpp.o[0m
[4.793s] [ 51%] [32mBuilding C object CMakeFiles/yolov8_msgs__rosidl_typesupport_introspection_c.dir/rosidl_typesupport_introspection_c/yolov8_msgs/msg/detail/bounding_box3_d__type_support.c.o[0m
[4.827s] [ 53%] [32mBuilding CXX object CMakeFiles/yolov8_msgs__rosidl_typesupport_c.dir/rosidl_typesupport_c/yolov8_msgs/msg/detection_info__type_support.cpp.o[0m
[4.827s] [ 53%] [32mBuilding C object CMakeFiles/yolov8_msgs__rosidl_typesupport_introspection_c.dir/rosidl_typesupport_introspection_c/yolov8_msgs/msg/detail/mask__type_support.c.o[0m
[4.864s] [ 54%] [32mBuilding C object CMakeFiles/yolov8_msgs__rosidl_typesupport_introspection_c.dir/rosidl_typesupport_introspection_c/yolov8_msgs/msg/detail/key_point2_d__type_support.c.o[0m
[4.865s] [ 55%] [32m[1mLinking CXX shared library libyolov8_msgs__rosidl_typesupport_c.so[0m
[4.890s] [ 55%] [32mBuilding CXX object CMakeFiles/yolov8_msgs__rosidl_typesupport_fastrtps_c.dir/rosidl_typesupport_fastrtps_c/yolov8_msgs/msg/detail/vector2__type_support_c.cpp.o[0m
[4.911s] [ 55%] [32mBuilding C object CMakeFiles/yolov8_msgs__rosidl_typesupport_introspection_c.dir/rosidl_typesupport_introspection_c/yolov8_msgs/msg/detail/key_point2_d_array__type_support.c.o[0m
[4.916s] [ 56%] [32mBuilding CXX object CMakeFiles/yolov8_msgs__rosidl_typesupport_introspection_cpp.dir/rosidl_typesupport_introspection_cpp/yolov8_msgs/msg/detail/mask__type_support.cpp.o[0m
[4.924s] [ 56%] Built target yolov8_msgs__rosidl_typesupport_c
[4.929s] [ 57%] [32mBuilding CXX object CMakeFiles/yolov8_msgs__rosidl_typesupport_introspection_cpp.dir/rosidl_typesupport_introspection_cpp/yolov8_msgs/msg/detail/key_point2_d__type_support.cpp.o[0m
[4.940s] [ 58%] [32mBuilding CXX object CMakeFiles/yolov8_msgs__rosidl_typesupport_fastrtps_c.dir/rosidl_typesupport_fastrtps_c/yolov8_msgs/msg/detail/pose2_d__type_support_c.cpp.o[0m
[4.959s] [ 59%] [32mBuilding C object CMakeFiles/yolov8_msgs__rosidl_typesupport_introspection_c.dir/rosidl_typesupport_introspection_c/yolov8_msgs/msg/detail/key_point3_d__type_support.c.o[0m
[4.961s] [ 60%] [32mBuilding CXX object CMakeFiles/yolov8_msgs__rosidl_typesupport_introspection_cpp.dir/rosidl_typesupport_introspection_cpp/yolov8_msgs/msg/detail/key_point2_d_array__type_support.cpp.o[0m
[4.964s] [ 61%] [32mBuilding CXX object CMakeFiles/yolov8_msgs__rosidl_typesupport_introspection_cpp.dir/rosidl_typesupport_introspection_cpp/yolov8_msgs/msg/detail/key_point3_d__type_support.cpp.o[0m
[4.979s] [ 62%] [32mBuilding CXX object CMakeFiles/yolov8_msgs__rosidl_typesupport_fastrtps_cpp.dir/rosidl_typesupport_fastrtps_cpp/yolov8_msgs/msg/detail/dds_fastrtps/key_point2_d__type_support.cpp.o[0m
[4.994s] [ 63%] [32mBuilding CXX object CMakeFiles/yolov8_msgs__rosidl_typesupport_fastrtps_cpp.dir/rosidl_typesupport_fastrtps_cpp/yolov8_msgs/msg/detail/dds_fastrtps/key_point2_d_array__type_support.cpp.o[0m
[5.001s] [ 63%] [32mBuilding CXX object CMakeFiles/yolov8_msgs__rosidl_typesupport_introspection_cpp.dir/rosidl_typesupport_introspection_cpp/yolov8_msgs/msg/detail/key_point3_d_array__type_support.cpp.o[0m
[5.015s] [ 64%] [32mBuilding C object CMakeFiles/yolov8_msgs__rosidl_typesupport_introspection_c.dir/rosidl_typesupport_introspection_c/yolov8_msgs/msg/detail/key_point3_d_array__type_support.c.o[0m
[5.055s] [ 65%] [32mBuilding C object CMakeFiles/yolov8_msgs__rosidl_typesupport_introspection_c.dir/rosidl_typesupport_introspection_c/yolov8_msgs/msg/detail/detection__type_support.c.o[0m
[5.094s] [ 66%] [32mBuilding C object CMakeFiles/yolov8_msgs__rosidl_typesupport_introspection_c.dir/rosidl_typesupport_introspection_c/yolov8_msgs/msg/detail/detection_array__type_support.c.o[0m
[5.189s] [ 66%] [32mBuilding C object CMakeFiles/yolov8_msgs__rosidl_typesupport_introspection_c.dir/rosidl_typesupport_introspection_c/yolov8_msgs/msg/detail/detection_info__type_support.c.o[0m
[5.198s] [ 67%] [32mBuilding CXX object CMakeFiles/yolov8_msgs__rosidl_typesupport_fastrtps_c.dir/rosidl_typesupport_fastrtps_c/yolov8_msgs/msg/detail/bounding_box2_d__type_support_c.cpp.o[0m
[5.218s] [ 68%] [32mBuilding CXX object CMakeFiles/yolov8_msgs__rosidl_typesupport_fastrtps_c.dir/rosidl_typesupport_fastrtps_c/yolov8_msgs/msg/detail/bounding_box3_d__type_support_c.cpp.o[0m
[5.227s] [ 69%] [32m[1mLinking C shared library libyolov8_msgs__rosidl_typesupport_introspection_c.so[0m
[5.248s] [ 69%] [32mBuilding CXX object CMakeFiles/yolov8_msgs__rosidl_typesupport_fastrtps_cpp.dir/rosidl_typesupport_fastrtps_cpp/yolov8_msgs/msg/detail/dds_fastrtps/key_point3_d__type_support.cpp.o[0m
[5.275s] [ 69%] Built target yolov8_msgs__rosidl_typesupport_introspection_c
[5.279s] [ 70%] [32mBuilding CXX object CMakeFiles/yolov8_msgs__rosidl_typesupport_fastrtps_cpp.dir/rosidl_typesupport_fastrtps_cpp/yolov8_msgs/msg/detail/dds_fastrtps/key_point3_d_array__type_support.cpp.o[0m
[5.343s] [ 71%] [32mBuilding CXX object CMakeFiles/yolov8_msgs__rosidl_typesupport_fastrtps_c.dir/rosidl_typesupport_fastrtps_c/yolov8_msgs/msg/detail/mask__type_support_c.cpp.o[0m
[5.397s] [ 72%] [32mBuilding CXX object CMakeFiles/yolov8_msgs__rosidl_typesupport_fastrtps_cpp.dir/rosidl_typesupport_fastrtps_cpp/yolov8_msgs/msg/detail/dds_fastrtps/detection__type_support.cpp.o[0m
[5.401s] [ 73%] [32mBuilding CXX object CMakeFiles/yolov8_msgs__rosidl_typesupport_introspection_cpp.dir/rosidl_typesupport_introspection_cpp/yolov8_msgs/msg/detail/detection__type_support.cpp.o[0m
[5.423s] [ 74%] [32mBuilding CXX object CMakeFiles/yolov8_msgs__rosidl_typesupport_introspection_cpp.dir/rosidl_typesupport_introspection_cpp/yolov8_msgs/msg/detail/detection_array__type_support.cpp.o[0m
[5.424s] [ 75%] [32mBuilding CXX object CMakeFiles/yolov8_msgs__rosidl_typesupport_introspection_cpp.dir/rosidl_typesupport_introspection_cpp/yolov8_msgs/msg/detail/detection_info__type_support.cpp.o[0m
[5.446s] [ 76%] [32mBuilding CXX object CMakeFiles/yolov8_msgs__rosidl_typesupport_fastrtps_cpp.dir/rosidl_typesupport_fastrtps_cpp/yolov8_msgs/msg/detail/dds_fastrtps/detection_array__type_support.cpp.o[0m
[5.515s] [ 77%] [32mBuilding CXX object CMakeFiles/yolov8_msgs__rosidl_typesupport_fastrtps_cpp.dir/rosidl_typesupport_fastrtps_cpp/yolov8_msgs/msg/detail/dds_fastrtps/detection_info__type_support.cpp.o[0m
[5.517s] [ 77%] [32mBuilding CXX object CMakeFiles/yolov8_msgs__rosidl_typesupport_fastrtps_c.dir/rosidl_typesupport_fastrtps_c/yolov8_msgs/msg/detail/key_point2_d__type_support_c.cpp.o[0m
[5.523s] [ 78%] [32mBuilding CXX object CMakeFiles/yolov8_msgs__rosidl_typesupport_fastrtps_c.dir/rosidl_typesupport_fastrtps_c/yolov8_msgs/msg/detail/key_point2_d_array__type_support_c.cpp.o[0m
[5.549s] [ 79%] [32mBuilding CXX object CMakeFiles/yolov8_msgs__rosidl_typesupport_fastrtps_c.dir/rosidl_typesupport_fastrtps_c/yolov8_msgs/msg/detail/key_point3_d__type_support_c.cpp.o[0m
[5.715s] [ 80%] [32mBuilding CXX object CMakeFiles/yolov8_msgs__rosidl_typesupport_fastrtps_c.dir/rosidl_typesupport_fastrtps_c/yolov8_msgs/msg/detail/key_point3_d_array__type_support_c.cpp.o[0m
[5.716s] [ 81%] [32mBuilding CXX object CMakeFiles/yolov8_msgs__rosidl_typesupport_fastrtps_c.dir/rosidl_typesupport_fastrtps_c/yolov8_msgs/msg/detail/detection__type_support_c.cpp.o[0m
[5.808s] [ 81%] [32mBuilding CXX object CMakeFiles/yolov8_msgs__rosidl_typesupport_fastrtps_c.dir/rosidl_typesupport_fastrtps_c/yolov8_msgs/msg/detail/detection_array__type_support_c.cpp.o[0m
[5.855s] [ 82%] [32mBuilding CXX object CMakeFiles/yolov8_msgs__rosidl_typesupport_fastrtps_c.dir/rosidl_typesupport_fastrtps_c/yolov8_msgs/msg/detail/detection_info__type_support_c.cpp.o[0m
[6.019s] [ 82%] [32m[1mLinking CXX shared library libyolov8_msgs__rosidl_typesupport_fastrtps_cpp.so[0m
[6.084s] [ 83%] [32m[1mLinking CXX shared library libyolov8_msgs__rosidl_typesupport_introspection_cpp.so[0m
[6.100s] [ 83%] Built target yolov8_msgs__rosidl_typesupport_fastrtps_cpp
[6.136s] [ 83%] Built target yolov8_msgs__rosidl_typesupport_introspection_cpp
[6.159s] [ 84%] [32m[1mLinking CXX shared library libyolov8_msgs__rosidl_typesupport_fastrtps_c.so[0m
[6.202s] [ 84%] Built target yolov8_msgs__rosidl_typesupport_fastrtps_c
[6.209s] [ 84%] Built target yolov8_msgs
[6.216s] [ 85%] [34m[1mGenerating Python code for ROS interfaces[0m
[7.332s] [ 85%] Built target yolov8_msgs__py
[7.339s] [ 86%] [32mBuilding C object CMakeFiles/yolov8_msgs__rosidl_generator_py.dir/rosidl_generator_py/yolov8_msgs/msg/_point2_d_s.c.o[0m
[7.339s] [ 86%] [32mBuilding C object CMakeFiles/yolov8_msgs__rosidl_generator_py.dir/rosidl_generator_py/yolov8_msgs/msg/_vector2_s.c.o[0m
[7.341s] [ 87%] [32mBuilding C object CMakeFiles/yolov8_msgs__rosidl_generator_py.dir/rosidl_generator_py/yolov8_msgs/msg/_bounding_box3_d_s.c.o[0m
[7.341s] [ 89%] [32mBuilding C object CMakeFiles/yolov8_msgs__rosidl_generator_py.dir/rosidl_generator_py/yolov8_msgs/msg/_pose2_d_s.c.o[0m
[7.341s] [ 90%] [32mBuilding C object CMakeFiles/yolov8_msgs__rosidl_generator_py.dir/rosidl_generator_py/yolov8_msgs/msg/_bounding_box2_d_s.c.o[0m
[7.342s] [ 90%] [32mBuilding C object CMakeFiles/yolov8_msgs__rosidl_generator_py.dir/rosidl_generator_py/yolov8_msgs/msg/_mask_s.c.o[0m
[7.342s] [ 90%] [32mBuilding C object CMakeFiles/yolov8_msgs__rosidl_generator_py.dir/rosidl_generator_py/yolov8_msgs/msg/_key_point2_d_s.c.o[0m
[7.342s] [ 91%] [32mBuilding C object CMakeFiles/yolov8_msgs__rosidl_generator_py.dir/rosidl_generator_py/yolov8_msgs/msg/_key_point2_d_array_s.c.o[0m
[7.343s] [ 92%] [32mBuilding C object CMakeFiles/yolov8_msgs__rosidl_generator_py.dir/rosidl_generator_py/yolov8_msgs/msg/_key_point3_d_s.c.o[0m
[7.343s] [ 92%] [32mBuilding C object CMakeFiles/yolov8_msgs__rosidl_generator_py.dir/rosidl_generator_py/yolov8_msgs/msg/_detection_array_s.c.o[0m
[7.344s] [ 93%] [32mBuilding C object CMakeFiles/yolov8_msgs__rosidl_generator_py.dir/rosidl_generator_py/yolov8_msgs/msg/_detection_s.c.o[0m
[7.344s] [ 94%] [32mBuilding C object CMakeFiles/yolov8_msgs__rosidl_generator_py.dir/rosidl_generator_py/yolov8_msgs/msg/_key_point3_d_array_s.c.o[0m
[7.452s] [ 95%] [32mBuilding C object CMakeFiles/yolov8_msgs__rosidl_generator_py.dir/rosidl_generator_py/yolov8_msgs/msg/_detection_info_s.c.o[0m
[7.512s] [ 96%] [32m[1mLinking C shared library rosidl_generator_py/yolov8_msgs/libyolov8_msgs__rosidl_generator_py.so[0m
[7.536s] [ 96%] Built target yolov8_msgs__rosidl_generator_py
[7.544s] [ 97%] [32mBuilding C object CMakeFiles/yolov8_msgs__rosidl_typesupport_introspection_c__pyext.dir/rosidl_generator_py/yolov8_msgs/_yolov8_msgs_s.ep.rosidl_typesupport_introspection_c.c.o[0m
[7.544s] [ 98%] [32mBuilding C object CMakeFiles/yolov8_msgs__rosidl_typesupport_fastrtps_c__pyext.dir/rosidl_generator_py/yolov8_msgs/_yolov8_msgs_s.ep.rosidl_typesupport_fastrtps_c.c.o[0m
[7.547s] [ 99%] [32mBuilding C object CMakeFiles/yolov8_msgs__rosidl_typesupport_c__pyext.dir/rosidl_generator_py/yolov8_msgs/_yolov8_msgs_s.ep.rosidl_typesupport_c.c.o[0m
[7.623s] [100%] [32m[1mLinking C shared library rosidl_generator_py/yolov8_msgs/yolov8_msgs_s__rosidl_typesupport_introspection_c.cpython-310-x86_64-linux-gnu.so[0m
[7.625s] [100%] [32m[1mLinking C shared library rosidl_generator_py/yolov8_msgs/yolov8_msgs_s__rosidl_typesupport_c.cpython-310-x86_64-linux-gnu.so[0m
[7.645s] [100%] Built target yolov8_msgs__rosidl_typesupport_introspection_c__pyext
[7.654s] [100%] Built target yolov8_msgs__rosidl_typesupport_c__pyext
[7.659s] [100%] [32m[1mLinking C shared library rosidl_generator_py/yolov8_msgs/yolov8_msgs_s__rosidl_typesupport_fastrtps_c.cpython-310-x86_64-linux-gnu.so[0m
[7.679s] [100%] Built target yolov8_msgs__rosidl_typesupport_fastrtps_c__pyext
[7.687s] Invoked command in '/home/minha/moiro_ws/src/yolov8_ros/build/yolov8_msgs' returned '0': CMAKE_PREFIX_PATH=${CMAKE_PREFIX_PATH}:/home/minha/moiro_ws/install/adaface:/home/minha/moiro_ws/install/yolov8_ros:/home/minha/colcon_ws/install/ultraarm:/home/minha/colcon_ws/install/mypalletizer_260_pi:/home/minha/colcon_ws/install/mypalletizer_260:/home/minha/colcon_ws/install/mypalletizer_communication:/home/minha/colcon_ws/install/mycobot_630:/home/minha/colcon_ws/install/mycobot_600:/home/minha/colcon_ws/install/mycobot_320pi:/home/minha/colcon_ws/install/mycobot_320:/home/minha/colcon_ws/install/mycobot_280pi:/home/minha/colcon_ws/install/mycobot_280jn:/home/minha/colcon_ws/install/mycobot_280_x3pi:/home/minha/colcon_ws/install/mycobot_280:/home/minha/colcon_ws/install/myarm_300:/home/minha/colcon_ws/install/mycobot_communication:/home/minha/colcon_ws/install/mecharm_pi:/home/minha/colcon_ws/install/mecharm:/home/minha/colcon_ws/install/mecharm_communication:/home/minha/colcon_ws/install/mybuddy:/home/minha/colcon_ws/install/mycobot_description:/home/minha/ros2_ws_tut/install/urdf_turtorial:/home/minha/ros2_ws_tut/install/ros_topic:/home/minha/ros2_ws_tut/install/ros_mini_proj:/home/minha/ros2_ws_tut/install/python_parameters:/home/minha/ros2_ws_tut/install/motor_control_serial:/home/minha/ros2_ws_tut/install/action_tutorial:/home/minha/ros2_ws_tut/install/action_service:/opt/ros/humble CONDA_PROMPT_MODIFIER=(new_adaface) /home/minha/.local/bin/cmake --build /home/minha/moiro_ws/src/yolov8_ros/build/yolov8_msgs -- -j12 -l12
[7.935s] Invoking command in '/home/minha/moiro_ws/src/yolov8_ros/build/yolov8_msgs': CMAKE_PREFIX_PATH=${CMAKE_PREFIX_PATH}:/home/minha/moiro_ws/install/adaface:/home/minha/moiro_ws/install/yolov8_ros:/home/minha/colcon_ws/install/ultraarm:/home/minha/colcon_ws/install/mypalletizer_260_pi:/home/minha/colcon_ws/install/mypalletizer_260:/home/minha/colcon_ws/install/mypalletizer_communication:/home/minha/colcon_ws/install/mycobot_630:/home/minha/colcon_ws/install/mycobot_600:/home/minha/colcon_ws/install/mycobot_320pi:/home/minha/colcon_ws/install/mycobot_320:/home/minha/colcon_ws/install/mycobot_280pi:/home/minha/colcon_ws/install/mycobot_280jn:/home/minha/colcon_ws/install/mycobot_280_x3pi:/home/minha/colcon_ws/install/mycobot_280:/home/minha/colcon_ws/install/myarm_300:/home/minha/colcon_ws/install/mycobot_communication:/home/minha/colcon_ws/install/mecharm_pi:/home/minha/colcon_ws/install/mecharm:/home/minha/colcon_ws/install/mecharm_communication:/home/minha/colcon_ws/install/mybuddy:/home/minha/colcon_ws/install/mycobot_description:/home/minha/ros2_ws_tut/install/urdf_turtorial:/home/minha/ros2_ws_tut/install/ros_topic:/home/minha/ros2_ws_tut/install/ros_mini_proj:/home/minha/ros2_ws_tut/install/python_parameters:/home/minha/ros2_ws_tut/install/motor_control_serial:/home/minha/ros2_ws_tut/install/action_tutorial:/home/minha/ros2_ws_tut/install/action_service:/opt/ros/humble CONDA_PROMPT_MODIFIER=(new_adaface) /home/minha/.local/bin/cmake --install /home/minha/moiro_ws/src/yolov8_ros/build/yolov8_msgs
[7.962s] -- Install configuration: ""
[7.962s] -- Installing: /home/minha/moiro_ws/src/yolov8_ros/install/yolov8_msgs/share/ament_index/resource_index/rosidl_interfaces/yolov8_msgs
[7.963s] -- Installing: /home/minha/moiro_ws/src/yolov8_ros/install/yolov8_msgs/include/yolov8_msgs/yolov8_msgs
[7.963s] -- Installing: /home/minha/moiro_ws/src/yolov8_ros/install/yolov8_msgs/include/yolov8_msgs/yolov8_msgs/msg
[7.963s] -- Installing: /home/minha/moiro_ws/src/yolov8_ros/install/yolov8_msgs/include/yolov8_msgs/yolov8_msgs/msg/detail
[7.963s] -- Installing: /home/minha/moiro_ws/src/yolov8_ros/install/yolov8_msgs/include/yolov8_msgs/yolov8_msgs/msg/detail/key_point3_d__struct.h
[7.963s] -- Installing: /home/minha/moiro_ws/src/yolov8_ros/install/yolov8_msgs/include/yolov8_msgs/yolov8_msgs/msg/detail/bounding_box2_d__functions.h
[7.963s] -- Installing: /home/minha/moiro_ws/src/yolov8_ros/install/yolov8_msgs/include/yolov8_msgs/yolov8_msgs/msg/detail/detection_info__type_support.h
[7.963s] -- Installing: /home/minha/moiro_ws/src/yolov8_ros/install/yolov8_msgs/include/yolov8_msgs/yolov8_msgs/msg/detail/vector2__type_support.h
[7.963s] -- Installing: /home/minha/moiro_ws/src/yolov8_ros/install/yolov8_msgs/include/yolov8_msgs/yolov8_msgs/msg/detail/point2_d__functions.h
[7.964s] -- Installing: /home/minha/moiro_ws/src/yolov8_ros/install/yolov8_msgs/include/yolov8_msgs/yolov8_msgs/msg/detail/key_point3_d_array__functions.h
[7.964s] -- Installing: /home/minha/moiro_ws/src/yolov8_ros/install/yolov8_msgs/include/yolov8_msgs/yolov8_msgs/msg/detail/key_point2_d__functions.c
[7.964s] -- Installing: /home/minha/moiro_ws/src/yolov8_ros/install/yolov8_msgs/include/yolov8_msgs/yolov8_msgs/msg/detail/detection_array__functions.h
[7.964s] -- Installing: /home/minha/moiro_ws/src/yolov8_ros/install/yolov8_msgs/include/yolov8_msgs/yolov8_msgs/msg/detail/detection__struct.h
[7.964s] -- Installing: /home/minha/moiro_ws/src/yolov8_ros/install/yolov8_msgs/include/yolov8_msgs/yolov8_msgs/msg/detail/point2_d__struct.h
[7.964s] -- Installing: /home/minha/moiro_ws/src/yolov8_ros/install/yolov8_msgs/include/yolov8_msgs/yolov8_msgs/msg/detail/key_point2_d_array__functions.c
[7.964s] -- Installing: /home/minha/moiro_ws/src/yolov8_ros/install/yolov8_msgs/include/yolov8_msgs/yolov8_msgs/msg/detail/bounding_box3_d__struct.h
[7.964s] -- Installing: /home/minha/moiro_ws/src/yolov8_ros/install/yolov8_msgs/include/yolov8_msgs/yolov8_msgs/msg/detail/key_point2_d__struct.h
[7.964s] -- Installing: /home/minha/moiro_ws/src/yolov8_ros/install/yolov8_msgs/include/yolov8_msgs/yolov8_msgs/msg/detail/point2_d__type_support.h
[7.964s] -- Installing: /home/minha/moiro_ws/src/yolov8_ros/install/yolov8_msgs/include/yolov8_msgs/yolov8_msgs/msg/detail/detection_info__struct.h
[7.964s] -- Installing: /home/minha/moiro_ws/src/yolov8_ros/install/yolov8_msgs/include/yolov8_msgs/yolov8_msgs/msg/detail/pose2_d__functions.h
[7.964s] -- Installing: /home/minha/moiro_ws/src/yolov8_ros/install/yolov8_msgs/include/yolov8_msgs/yolov8_msgs/msg/detail/key_point3_d_array__struct.h
[7.964s] -- Installing: /home/minha/moiro_ws/src/yolov8_ros/install/yolov8_msgs/include/yolov8_msgs/yolov8_msgs/msg/detail/mask__functions.h
[7.964s] -- Installing: /home/minha/moiro_ws/src/yolov8_ros/install/yolov8_msgs/include/yolov8_msgs/yolov8_msgs/msg/detail/vector2__functions.h
[7.964s] -- Installing: /home/minha/moiro_ws/src/yolov8_ros/install/yolov8_msgs/include/yolov8_msgs/yolov8_msgs/msg/detail/detection_array__type_support.h
[7.964s] -- Installing: /home/minha/moiro_ws/src/yolov8_ros/install/yolov8_msgs/include/yolov8_msgs/yolov8_msgs/msg/detail/pose2_d__struct.h
[7.964s] -- Installing: /home/minha/moiro_ws/src/yolov8_ros/install/yolov8_msgs/include/yolov8_msgs/yolov8_msgs/msg/detail/key_point2_d__type_support.h
[7.964s] -- Installing: /home/minha/moiro_ws/src/yolov8_ros/install/yolov8_msgs/include/yolov8_msgs/yolov8_msgs/msg/detail/key_point2_d_array__type_support.h
[7.964s] -- Installing: /home/minha/moiro_ws/src/yolov8_ros/install/yolov8_msgs/include/yolov8_msgs/yolov8_msgs/msg/detail/mask__struct.h
[7.964s] -- Installing: /home/minha/moiro_ws/src/yolov8_ros/install/yolov8_msgs/include/yolov8_msgs/yolov8_msgs/msg/detail/mask__functions.c
[7.964s] -- Installing: /home/minha/moiro_ws/src/yolov8_ros/install/yolov8_msgs/include/yolov8_msgs/yolov8_msgs/msg/detail/detection__functions.c
[7.964s] -- Installing: /home/minha/moiro_ws/src/yolov8_ros/install/yolov8_msgs/include/yolov8_msgs/yolov8_msgs/msg/detail/pose2_d__type_support.h
[7.964s] -- Installing: /home/minha/moiro_ws/src/yolov8_ros/install/yolov8_msgs/include/yolov8_msgs/yolov8_msgs/msg/detail/detection_array__functions.c
[7.964s] -- Installing: /home/minha/moiro_ws/src/yolov8_ros/install/yolov8_msgs/include/yolov8_msgs/yolov8_msgs/msg/detail/mask__type_support.h
[7.965s] -- Installing: /home/minha/moiro_ws/src/yolov8_ros/install/yolov8_msgs/include/yolov8_msgs/yolov8_msgs/msg/detail/key_point3_d_array__type_support.h
[7.965s] -- Installing: /home/minha/moiro_ws/src/yolov8_ros/install/yolov8_msgs/include/yolov8_msgs/yolov8_msgs/msg/detail/key_point2_d__functions.h
[7.965s] -- Installing: /home/minha/moiro_ws/src/yolov8_ros/install/yolov8_msgs/include/yolov8_msgs/yolov8_msgs/msg/detail/bounding_box2_d__functions.c
[7.965s] -- Installing: /home/minha/moiro_ws/src/yolov8_ros/install/yolov8_msgs/include/yolov8_msgs/yolov8_msgs/msg/detail/bounding_box2_d__type_support.h
[7.965s] -- Installing: /home/minha/moiro_ws/src/yolov8_ros/install/yolov8_msgs/include/yolov8_msgs/yolov8_msgs/msg/detail/bounding_box2_d__struct.h
[7.965s] -- Installing: /home/minha/moiro_ws/src/yolov8_ros/install/yolov8_msgs/include/yolov8_msgs/yolov8_msgs/msg/detail/pose2_d__functions.c
[7.965s] -- Installing: /home/minha/moiro_ws/src/yolov8_ros/install/yolov8_msgs/include/yolov8_msgs/yolov8_msgs/msg/detail/bounding_box3_d__type_support.h
[7.965s] -- Installing: /home/minha/moiro_ws/src/yolov8_ros/install/yolov8_msgs/include/yolov8_msgs/yolov8_msgs/msg/detail/key_point2_d_array__struct.h
[7.965s] -- Installing: /home/minha/moiro_ws/src/yolov8_ros/install/yolov8_msgs/include/yolov8_msgs/yolov8_msgs/msg/detail/vector2__functions.c
[7.965s] -- Installing: /home/minha/moiro_ws/src/yolov8_ros/install/yolov8_msgs/include/yolov8_msgs/yolov8_msgs/msg/detail/bounding_box3_d__functions.h
[7.965s] -- Installing: /home/minha/moiro_ws/src/yolov8_ros/install/yolov8_msgs/include/yolov8_msgs/yolov8_msgs/msg/detail/key_point3_d__functions.c
[7.965s] -- Installing: /home/minha/moiro_ws/src/yolov8_ros/install/yolov8_msgs/include/yolov8_msgs/yolov8_msgs/msg/detail/vector2__struct.h
[7.965s] -- Installing: /home/minha/moiro_ws/src/yolov8_ros/install/yolov8_msgs/include/yolov8_msgs/yolov8_msgs/msg/detail/key_point2_d_array__functions.h
[7.965s] -- Installing: /home/minha/moiro_ws/src/yolov8_ros/install/yolov8_msgs/include/yolov8_msgs/yolov8_msgs/msg/detail/detection__type_support.h
[7.965s] -- Installing: /home/minha/moiro_ws/src/yolov8_ros/install/yolov8_msgs/include/yolov8_msgs/yolov8_msgs/msg/detail/detection__functions.h
[7.965s] -- Installing: /home/minha/moiro_ws/src/yolov8_ros/install/yolov8_msgs/include/yolov8_msgs/yolov8_msgs/msg/detail/key_point3_d_array__functions.c
[7.965s] -- Installing: /home/minha/moiro_ws/src/yolov8_ros/install/yolov8_msgs/include/yolov8_msgs/yolov8_msgs/msg/detail/point2_d__functions.c
[7.965s] -- Installing: /home/minha/moiro_ws/src/yolov8_ros/install/yolov8_msgs/include/yolov8_msgs/yolov8_msgs/msg/detail/bounding_box3_d__functions.c
[7.965s] -- Installing: /home/minha/moiro_ws/src/yolov8_ros/install/yolov8_msgs/include/yolov8_msgs/yolov8_msgs/msg/detail/detection_info__functions.h
[7.965s] -- Installing: /home/minha/moiro_ws/src/yolov8_ros/install/yolov8_msgs/include/yolov8_msgs/yolov8_msgs/msg/detail/detection_info__functions.c
[7.965s] -- Installing: /home/minha/moiro_ws/src/yolov8_ros/install/yolov8_msgs/include/yolov8_msgs/yolov8_msgs/msg/detail/key_point3_d__functions.h
[7.965s] -- Installing: /home/minha/moiro_ws/src/yolov8_ros/install/yolov8_msgs/include/yolov8_msgs/yolov8_msgs/msg/detail/detection_array__struct.h
[7.965s] -- Installing: /home/minha/moiro_ws/src/yolov8_ros/install/yolov8_msgs/include/yolov8_msgs/yolov8_msgs/msg/detail/key_point3_d__type_support.h
[7.965s] -- Installing: /home/minha/moiro_ws/src/yolov8_ros/install/yolov8_msgs/include/yolov8_msgs/yolov8_msgs/msg/key_point2_d.h
[7.965s] -- Installing: /home/minha/moiro_ws/src/yolov8_ros/install/yolov8_msgs/include/yolov8_msgs/yolov8_msgs/msg/key_point3_d_array.h
[7.965s] -- Installing: /home/minha/moiro_ws/src/yolov8_ros/install/yolov8_msgs/include/yolov8_msgs/yolov8_msgs/msg/bounding_box2_d.h
[7.965s] -- Installing: /home/minha/moiro_ws/src/yolov8_ros/install/yolov8_msgs/include/yolov8_msgs/yolov8_msgs/msg/key_point2_d_array.h
[7.965s] -- Installing: /home/minha/moiro_ws/src/yolov8_ros/install/yolov8_msgs/include/yolov8_msgs/yolov8_msgs/msg/vector2.h
[7.965s] -- Installing: /home/minha/moiro_ws/src/yolov8_ros/install/yolov8_msgs/include/yolov8_msgs/yolov8_msgs/msg/detection.h
[7.966s] -- Installing: /home/minha/moiro_ws/src/yolov8_ros/install/yolov8_msgs/include/yolov8_msgs/yolov8_msgs/msg/key_point3_d.h
[7.966s] -- Installing: /home/minha/moiro_ws/src/yolov8_ros/install/yolov8_msgs/include/yolov8_msgs/yolov8_msgs/msg/detection_info.h
[7.966s] -- Installing: /home/minha/moiro_ws/src/yolov8_ros/install/yolov8_msgs/include/yolov8_msgs/yolov8_msgs/msg/rosidl_generator_c__visibility_control.h
[7.966s] -- Installing: /home/minha/moiro_ws/src/yolov8_ros/install/yolov8_msgs/include/yolov8_msgs/yolov8_msgs/msg/pose2_d.h
[7.966s] -- Installing: /home/minha/moiro_ws/src/yolov8_ros/install/yolov8_msgs/include/yolov8_msgs/yolov8_msgs/msg/mask.h
[7.966s] -- Installing: /home/minha/moiro_ws/src/yolov8_ros/install/yolov8_msgs/include/yolov8_msgs/yolov8_msgs/msg/bounding_box3_d.h
[7.966s] -- Installing: /home/minha/moiro_ws/src/yolov8_ros/install/yolov8_msgs/include/yolov8_msgs/yolov8_msgs/msg/detection_array.h
[7.966s] -- Installing: /home/minha/moiro_ws/src/yolov8_ros/install/yolov8_msgs/include/yolov8_msgs/yolov8_msgs/msg/point2_d.h
[7.966s] -- Installing: /home/minha/moiro_ws/src/yolov8_ros/install/yolov8_msgs/share/yolov8_msgs/environment/library_path.sh
[7.966s] -- Installing: /home/minha/moiro_ws/src/yolov8_ros/install/yolov8_msgs/share/yolov8_msgs/environment/library_path.dsv
[7.966s] -- Installing: /home/minha/moiro_ws/src/yolov8_ros/install/yolov8_msgs/lib/libyolov8_msgs__rosidl_generator_c.so
[7.966s] -- Set runtime path of "/home/minha/moiro_ws/src/yolov8_ros/install/yolov8_msgs/lib/libyolov8_msgs__rosidl_generator_c.so" to ""
[7.966s] -- Up-to-date: /home/minha/moiro_ws/src/yolov8_ros/install/yolov8_msgs/include/yolov8_msgs/yolov8_msgs
[7.967s] -- Up-to-date: /home/minha/moiro_ws/src/yolov8_ros/install/yolov8_msgs/include/yolov8_msgs/yolov8_msgs/msg
[7.967s] -- Up-to-date: /home/minha/moiro_ws/src/yolov8_ros/install/yolov8_msgs/include/yolov8_msgs/yolov8_msgs/msg/detail
[7.967s] -- Installing: /home/minha/moiro_ws/src/yolov8_ros/install/yolov8_msgs/include/yolov8_msgs/yolov8_msgs/msg/detail/key_point3_d_array__rosidl_typesupport_fastrtps_c.h
[7.967s] -- Installing: /home/minha/moiro_ws/src/yolov8_ros/install/yolov8_msgs/include/yolov8_msgs/yolov8_msgs/msg/detail/key_point2_d_array__rosidl_typesupport_fastrtps_c.h
[7.967s] -- Installing: /home/minha/moiro_ws/src/yolov8_ros/install/yolov8_msgs/include/yolov8_msgs/yolov8_msgs/msg/detail/detection_array__rosidl_typesupport_fastrtps_c.h
[7.967s] -- Installing: /home/minha/moiro_ws/src/yolov8_ros/install/yolov8_msgs/include/yolov8_msgs/yolov8_msgs/msg/detail/vector2__rosidl_typesupport_fastrtps_c.h
[7.967s] -- Installing: /home/minha/moiro_ws/src/yolov8_ros/install/yolov8_msgs/include/yolov8_msgs/yolov8_msgs/msg/detail/point2_d__rosidl_typesupport_fastrtps_c.h
[7.967s] -- Installing: /home/minha/moiro_ws/src/yolov8_ros/install/yolov8_msgs/include/yolov8_msgs/yolov8_msgs/msg/detail/pose2_d__rosidl_typesupport_fastrtps_c.h
[7.967s] -- Installing: /home/minha/moiro_ws/src/yolov8_ros/install/yolov8_msgs/include/yolov8_msgs/yolov8_msgs/msg/detail/detection__rosidl_typesupport_fastrtps_c.h
[7.968s] -- Installing: /home/minha/moiro_ws/src/yolov8_ros/install/yolov8_msgs/include/yolov8_msgs/yolov8_msgs/msg/detail/detection_info__rosidl_typesupport_fastrtps_c.h
[7.968s] -- Installing: /home/minha/moiro_ws/src/yolov8_ros/install/yolov8_msgs/include/yolov8_msgs/yolov8_msgs/msg/detail/key_point2_d__rosidl_typesupport_fastrtps_c.h
[7.968s] -- Installing: /home/minha/moiro_ws/src/yolov8_ros/install/yolov8_msgs/include/yolov8_msgs/yolov8_msgs/msg/detail/bounding_box3_d__rosidl_typesupport_fastrtps_c.h
[7.968s] -- Installing: /home/minha/moiro_ws/src/yolov8_ros/install/yolov8_msgs/include/yolov8_msgs/yolov8_msgs/msg/detail/bounding_box2_d__rosidl_typesupport_fastrtps_c.h
[7.968s] -- Installing: /home/minha/moiro_ws/src/yolov8_ros/install/yolov8_msgs/include/yolov8_msgs/yolov8_msgs/msg/detail/mask__rosidl_typesupport_fastrtps_c.h
[7.968s] -- Installing: /home/minha/moiro_ws/src/yolov8_ros/install/yolov8_msgs/include/yolov8_msgs/yolov8_msgs/msg/detail/key_point3_d__rosidl_typesupport_fastrtps_c.h
[7.968s] -- Installing: /home/minha/moiro_ws/src/yolov8_ros/install/yolov8_msgs/include/yolov8_msgs/yolov8_msgs/msg/rosidl_typesupport_fastrtps_c__visibility_control.h
[7.968s] -- Installing: /home/minha/moiro_ws/src/yolov8_ros/install/yolov8_msgs/lib/libyolov8_msgs__rosidl_typesupport_fastrtps_c.so
[7.968s] -- Set runtime path of "/home/minha/moiro_ws/src/yolov8_ros/install/yolov8_msgs/lib/libyolov8_msgs__rosidl_typesupport_fastrtps_c.so" to ""
[7.969s] -- Up-to-date: /home/minha/moiro_ws/src/yolov8_ros/install/yolov8_msgs/include/yolov8_msgs/yolov8_msgs
[7.969s] -- Up-to-date: /home/minha/moiro_ws/src/yolov8_ros/install/yolov8_msgs/include/yolov8_msgs/yolov8_msgs/msg
[7.969s] -- Installing: /home/minha/moiro_ws/src/yolov8_ros/install/yolov8_msgs/include/yolov8_msgs/yolov8_msgs/msg/bounding_box2_d.hpp
[7.969s] -- Up-to-date: /home/minha/moiro_ws/src/yolov8_ros/install/yolov8_msgs/include/yolov8_msgs/yolov8_msgs/msg/detail
[7.969s] -- Installing: /home/minha/moiro_ws/src/yolov8_ros/install/yolov8_msgs/include/yolov8_msgs/yolov8_msgs/msg/detail/key_point2_d_array__struct.hpp
[7.969s] -- Installing: /home/minha/moiro_ws/src/yolov8_ros/install/yolov8_msgs/include/yolov8_msgs/yolov8_msgs/msg/detail/bounding_box2_d__struct.hpp
[7.969s] -- Installing: /home/minha/moiro_ws/src/yolov8_ros/install/yolov8_msgs/include/yolov8_msgs/yolov8_msgs/msg/detail/key_point2_d__builder.hpp
[7.969s] -- Installing: /home/minha/moiro_ws/src/yolov8_ros/install/yolov8_msgs/include/yolov8_msgs/yolov8_msgs/msg/detail/detection_array__traits.hpp
[7.969s] -- Installing: /home/minha/moiro_ws/src/yolov8_ros/install/yolov8_msgs/include/yolov8_msgs/yolov8_msgs/msg/detail/pose2_d__builder.hpp
[7.970s] -- Installing: /home/minha/moiro_ws/src/yolov8_ros/install/yolov8_msgs/include/yolov8_msgs/yolov8_msgs/msg/detail/detection_info__builder.hpp
[7.970s] -- Installing: /home/minha/moiro_ws/src/yolov8_ros/install/yolov8_msgs/include/yolov8_msgs/yolov8_msgs/msg/detail/point2_d__builder.hpp
[7.970s] -- Installing: /home/minha/moiro_ws/src/yolov8_ros/install/yolov8_msgs/include/yolov8_msgs/yolov8_msgs/msg/detail/detection__struct.hpp
[7.970s] -- Installing: /home/minha/moiro_ws/src/yolov8_ros/install/yolov8_msgs/include/yolov8_msgs/yolov8_msgs/msg/detail/point2_d__traits.hpp
[7.970s] -- Installing: /home/minha/moiro_ws/src/yolov8_ros/install/yolov8_msgs/include/yolov8_msgs/yolov8_msgs/msg/detail/pose2_d__struct.hpp
[7.970s] -- Installing: /home/minha/moiro_ws/src/yolov8_ros/install/yolov8_msgs/include/yolov8_msgs/yolov8_msgs/msg/detail/detection_info__struct.hpp
[7.970s] -- Installing: /home/minha/moiro_ws/src/yolov8_ros/install/yolov8_msgs/include/yolov8_msgs/yolov8_msgs/msg/detail/key_point2_d__traits.hpp
[7.970s] -- Installing: /home/minha/moiro_ws/src/yolov8_ros/install/yolov8_msgs/include/yolov8_msgs/yolov8_msgs/msg/detail/mask__builder.hpp
[7.970s] -- Installing: /home/minha/moiro_ws/src/yolov8_ros/install/yolov8_msgs/include/yolov8_msgs/yolov8_msgs/msg/detail/bounding_box2_d__builder.hpp
[7.971s] -- Installing: /home/minha/moiro_ws/src/yolov8_ros/install/yolov8_msgs/include/yolov8_msgs/yolov8_msgs/msg/detail/key_point2_d_array__builder.hpp
[7.971s] -- Installing: /home/minha/moiro_ws/src/yolov8_ros/install/yolov8_msgs/include/yolov8_msgs/yolov8_msgs/msg/detail/bounding_box3_d__builder.hpp
[7.971s] -- Installing: /home/minha/moiro_ws/src/yolov8_ros/install/yolov8_msgs/include/yolov8_msgs/yolov8_msgs/msg/detail/mask__traits.hpp
[7.972s] -- Installing: /home/minha/moiro_ws/src/yolov8_ros/install/yolov8_msgs/include/yolov8_msgs/yolov8_msgs/msg/detail/point2_d__struct.hpp
[7.972s] -- Installing: /home/minha/moiro_ws/src/yolov8_ros/install/yolov8_msgs/include/yolov8_msgs/yolov8_msgs/msg/detail/key_point3_d_array__traits.hpp
[7.972s] -- Installing: /home/minha/moiro_ws/src/yolov8_ros/install/yolov8_msgs/include/yolov8_msgs/yolov8_msgs/msg/detail/vector2__struct.hpp
[7.972s] -- Installing: /home/minha/moiro_ws/src/yolov8_ros/install/yolov8_msgs/include/yolov8_msgs/yolov8_msgs/msg/detail/bounding_box3_d__traits.hpp
[7.972s] -- Installing: /home/minha/moiro_ws/src/yolov8_ros/install/yolov8_msgs/include/yolov8_msgs/yolov8_msgs/msg/detail/detection_array__struct.hpp
[7.973s] -- Installing: /home/minha/moiro_ws/src/yolov8_ros/install/yolov8_msgs/include/yolov8_msgs/yolov8_msgs/msg/detail/key_point3_d__struct.hpp
[7.973s] -- Installing: /home/minha/moiro_ws/src/yolov8_ros/install/yolov8_msgs/include/yolov8_msgs/yolov8_msgs/msg/detail/bounding_box3_d__struct.hpp
[7.973s] -- Installing: /home/minha/moiro_ws/src/yolov8_ros/install/yolov8_msgs/include/yolov8_msgs/yolov8_msgs/msg/detail/key_point3_d_array__struct.hpp
[7.973s] -- Installing: /home/minha/moiro_ws/src/yolov8_ros/install/yolov8_msgs/include/yolov8_msgs/yolov8_msgs/msg/detail/key_point2_d_array__traits.hpp
[7.973s] -- Installing: /home/minha/moiro_ws/src/yolov8_ros/install/yolov8_msgs/include/yolov8_msgs/yolov8_msgs/msg/detail/key_point3_d__traits.hpp
[7.973s] -- Installing: /home/minha/moiro_ws/src/yolov8_ros/install/yolov8_msgs/include/yolov8_msgs/yolov8_msgs/msg/detail/detection__builder.hpp
[7.973s] -- Installing: /home/minha/moiro_ws/src/yolov8_ros/install/yolov8_msgs/include/yolov8_msgs/yolov8_msgs/msg/detail/detection_array__builder.hpp
[7.973s] -- Installing: /home/minha/moiro_ws/src/yolov8_ros/install/yolov8_msgs/include/yolov8_msgs/yolov8_msgs/msg/detail/bounding_box2_d__traits.hpp
[7.973s] -- Installing: /home/minha/moiro_ws/src/yolov8_ros/install/yolov8_msgs/include/yolov8_msgs/yolov8_msgs/msg/detail/vector2__builder.hpp
[7.973s] -- Installing: /home/minha/moiro_ws/src/yolov8_ros/install/yolov8_msgs/include/yolov8_msgs/yolov8_msgs/msg/detail/key_point3_d__builder.hpp
[7.974s] -- Installing: /home/minha/moiro_ws/src/yolov8_ros/install/yolov8_msgs/include/yolov8_msgs/yolov8_msgs/msg/detail/detection_info__traits.hpp
[7.974s] -- Installing: /home/minha/moiro_ws/src/yolov8_ros/install/yolov8_msgs/include/yolov8_msgs/yolov8_msgs/msg/detail/pose2_d__traits.hpp
[7.974s] -- Installing: /home/minha/moiro_ws/src/yolov8_ros/install/yolov8_msgs/include/yolov8_msgs/yolov8_msgs/msg/detail/vector2__traits.hpp
[7.974s] -- Installing: /home/minha/moiro_ws/src/yolov8_ros/install/yolov8_msgs/include/yolov8_msgs/yolov8_msgs/msg/detail/key_point3_d_array__builder.hpp
[7.974s] -- Installing: /home/minha/moiro_ws/src/yolov8_ros/install/yolov8_msgs/include/yolov8_msgs/yolov8_msgs/msg/detail/detection__traits.hpp
[7.974s] -- Installing: /home/minha/moiro_ws/src/yolov8_ros/install/yolov8_msgs/include/yolov8_msgs/yolov8_msgs/msg/detail/mask__struct.hpp
[7.974s] -- Installing: /home/minha/moiro_ws/src/yolov8_ros/install/yolov8_msgs/include/yolov8_msgs/yolov8_msgs/msg/detail/key_point2_d__struct.hpp
[7.974s] -- Installing: /home/minha/moiro_ws/src/yolov8_ros/install/yolov8_msgs/include/yolov8_msgs/yolov8_msgs/msg/key_point2_d_array.hpp
[7.974s] -- Installing: /home/minha/moiro_ws/src/yolov8_ros/install/yolov8_msgs/include/yolov8_msgs/yolov8_msgs/msg/pose2_d.hpp
[7.975s] -- Installing: /home/minha/moiro_ws/src/yolov8_ros/install/yolov8_msgs/include/yolov8_msgs/yolov8_msgs/msg/key_point3_d.hpp
[7.975s] -- Installing: /home/minha/moiro_ws/src/yolov8_ros/install/yolov8_msgs/include/yolov8_msgs/yolov8_msgs/msg/detection.hpp
[7.975s] -- Installing: /home/minha/moiro_ws/src/yolov8_ros/install/yolov8_msgs/include/yolov8_msgs/yolov8_msgs/msg/key_point3_d_array.hpp
[7.975s] -- Installing: /home/minha/moiro_ws/src/yolov8_ros/install/yolov8_msgs/include/yolov8_msgs/yolov8_msgs/msg/detection_info.hpp
[7.975s] -- Installing: /home/minha/moiro_ws/src/yolov8_ros/install/yolov8_msgs/include/yolov8_msgs/yolov8_msgs/msg/key_point2_d.hpp
[7.975s] -- Installing: /home/minha/moiro_ws/src/yolov8_ros/install/yolov8_msgs/include/yolov8_msgs/yolov8_msgs/msg/point2_d.hpp
[7.975s] -- Installing: /home/minha/moiro_ws/src/yolov8_ros/install/yolov8_msgs/include/yolov8_msgs/yolov8_msgs/msg/mask.hpp
[7.975s] -- Installing: /home/minha/moiro_ws/src/yolov8_ros/install/yolov8_msgs/include/yolov8_msgs/yolov8_msgs/msg/detection_array.hpp
[7.975s] -- Installing: /home/minha/moiro_ws/src/yolov8_ros/install/yolov8_msgs/include/yolov8_msgs/yolov8_msgs/msg/bounding_box3_d.hpp
[7.975s] -- Installing: /home/minha/moiro_ws/src/yolov8_ros/install/yolov8_msgs/include/yolov8_msgs/yolov8_msgs/msg/vector2.hpp
[7.975s] -- Up-to-date: /home/minha/moiro_ws/src/yolov8_ros/install/yolov8_msgs/include/yolov8_msgs/yolov8_msgs
[7.976s] -- Up-to-date: /home/minha/moiro_ws/src/yolov8_ros/install/yolov8_msgs/include/yolov8_msgs/yolov8_msgs/msg
[7.976s] -- Up-to-date: /home/minha/moiro_ws/src/yolov8_ros/install/yolov8_msgs/include/yolov8_msgs/yolov8_msgs/msg/detail
[7.976s] -- Installing: /home/minha/moiro_ws/src/yolov8_ros/install/yolov8_msgs/include/yolov8_msgs/yolov8_msgs/msg/detail/point2_d__rosidl_typesupport_fastrtps_cpp.hpp
[7.976s] -- Installing: /home/minha/moiro_ws/src/yolov8_ros/install/yolov8_msgs/include/yolov8_msgs/yolov8_msgs/msg/detail/detection_info__rosidl_typesupport_fastrtps_cpp.hpp
[7.976s] -- Installing: /home/minha/moiro_ws/src/yolov8_ros/install/yolov8_msgs/include/yolov8_msgs/yolov8_msgs/msg/detail/key_point2_d__rosidl_typesupport_fastrtps_cpp.hpp
[7.976s] -- Installing: /home/minha/moiro_ws/src/yolov8_ros/install/yolov8_msgs/include/yolov8_msgs/yolov8_msgs/msg/detail/key_point3_d__rosidl_typesupport_fastrtps_cpp.hpp
[7.976s] -- Installing: /home/minha/moiro_ws/src/yolov8_ros/install/yolov8_msgs/include/yolov8_msgs/yolov8_msgs/msg/detail/vector2__rosidl_typesupport_fastrtps_cpp.hpp
[7.976s] -- Installing: /home/minha/moiro_ws/src/yolov8_ros/install/yolov8_msgs/include/yolov8_msgs/yolov8_msgs/msg/detail/bounding_box3_d__rosidl_typesupport_fastrtps_cpp.hpp
[7.976s] -- Installing: /home/minha/moiro_ws/src/yolov8_ros/install/yolov8_msgs/include/yolov8_msgs/yolov8_msgs/msg/detail/detection__rosidl_typesupport_fastrtps_cpp.hpp
[7.976s] -- Installing: /home/minha/moiro_ws/src/yolov8_ros/install/yolov8_msgs/include/yolov8_msgs/yolov8_msgs/msg/detail/bounding_box2_d__rosidl_typesupport_fastrtps_cpp.hpp
[7.977s] -- Installing: /home/minha/moiro_ws/src/yolov8_ros/install/yolov8_msgs/include/yolov8_msgs/yolov8_msgs/msg/detail/dds_fastrtps
[7.977s] -- Installing: /home/minha/moiro_ws/src/yolov8_ros/install/yolov8_msgs/include/yolov8_msgs/yolov8_msgs/msg/detail/detection_array__rosidl_typesupport_fastrtps_cpp.hpp
[7.977s] -- Installing: /home/minha/moiro_ws/src/yolov8_ros/install/yolov8_msgs/include/yolov8_msgs/yolov8_msgs/msg/detail/pose2_d__rosidl_typesupport_fastrtps_cpp.hpp
[7.977s] -- Installing: /home/minha/moiro_ws/src/yolov8_ros/install/yolov8_msgs/include/yolov8_msgs/yolov8_msgs/msg/detail/mask__rosidl_typesupport_fastrtps_cpp.hpp
[7.977s] -- Installing: /home/minha/moiro_ws/src/yolov8_ros/install/yolov8_msgs/include/yolov8_msgs/yolov8_msgs/msg/detail/key_point2_d_array__rosidl_typesupport_fastrtps_cpp.hpp
[7.977s] -- Installing: /home/minha/moiro_ws/src/yolov8_ros/install/yolov8_msgs/include/yolov8_msgs/yolov8_msgs/msg/detail/key_point3_d_array__rosidl_typesupport_fastrtps_cpp.hpp
[7.977s] -- Installing: /home/minha/moiro_ws/src/yolov8_ros/install/yolov8_msgs/include/yolov8_msgs/yolov8_msgs/msg/rosidl_typesupport_fastrtps_cpp__visibility_control.h
[7.977s] -- Installing: /home/minha/moiro_ws/src/yolov8_ros/install/yolov8_msgs/lib/libyolov8_msgs__rosidl_typesupport_fastrtps_cpp.so
[7.977s] -- Set runtime path of "/home/minha/moiro_ws/src/yolov8_ros/install/yolov8_msgs/lib/libyolov8_msgs__rosidl_typesupport_fastrtps_cpp.so" to ""
[7.978s] -- Up-to-date: /home/minha/moiro_ws/src/yolov8_ros/install/yolov8_msgs/include/yolov8_msgs/yolov8_msgs
[7.978s] -- Up-to-date: /home/minha/moiro_ws/src/yolov8_ros/install/yolov8_msgs/include/yolov8_msgs/yolov8_msgs/msg
[7.978s] -- Up-to-date: /home/minha/moiro_ws/src/yolov8_ros/install/yolov8_msgs/include/yolov8_msgs/yolov8_msgs/msg/detail
[7.978s] -- Installing: /home/minha/moiro_ws/src/yolov8_ros/install/yolov8_msgs/include/yolov8_msgs/yolov8_msgs/msg/detail/bounding_box2_d__rosidl_typesupport_introspection_c.h
[7.978s] -- Installing: /home/minha/moiro_ws/src/yolov8_ros/install/yolov8_msgs/include/yolov8_msgs/yolov8_msgs/msg/detail/key_point3_d_array__rosidl_typesupport_introspection_c.h
[7.978s] -- Installing: /home/minha/moiro_ws/src/yolov8_ros/install/yolov8_msgs/include/yolov8_msgs/yolov8_msgs/msg/detail/detection__rosidl_typesupport_introspection_c.h
[7.978s] -- Installing: /home/minha/moiro_ws/src/yolov8_ros/install/yolov8_msgs/include/yolov8_msgs/yolov8_msgs/msg/detail/bounding_box3_d__type_support.c
[7.978s] -- Installing: /home/minha/moiro_ws/src/yolov8_ros/install/yolov8_msgs/include/yolov8_msgs/yolov8_msgs/msg/detail/pose2_d__rosidl_typesupport_introspection_c.h
[7.978s] -- Installing: /home/minha/moiro_ws/src/yolov8_ros/install/yolov8_msgs/include/yolov8_msgs/yolov8_msgs/msg/detail/detection_array__type_support.c
[7.978s] -- Installing: /home/minha/moiro_ws/src/yolov8_ros/install/yolov8_msgs/include/yolov8_msgs/yolov8_msgs/msg/detail/key_point2_d_array__type_support.c
[7.978s] -- Installing: /home/minha/moiro_ws/src/yolov8_ros/install/yolov8_msgs/include/yolov8_msgs/yolov8_msgs/msg/detail/key_point2_d__type_support.c
[7.978s] -- Installing: /home/minha/moiro_ws/src/yolov8_ros/install/yolov8_msgs/include/yolov8_msgs/yolov8_msgs/msg/detail/detection_info__type_support.c
[7.979s] -- Installing: /home/minha/moiro_ws/src/yolov8_ros/install/yolov8_msgs/include/yolov8_msgs/yolov8_msgs/msg/detail/point2_d__type_support.c
[7.979s] -- Installing: /home/minha/moiro_ws/src/yolov8_ros/install/yolov8_msgs/include/yolov8_msgs/yolov8_msgs/msg/detail/bounding_box2_d__type_support.c
[7.979s] -- Installing: /home/minha/moiro_ws/src/yolov8_ros/install/yolov8_msgs/include/yolov8_msgs/yolov8_msgs/msg/detail/bounding_box3_d__rosidl_typesupport_introspection_c.h
[7.979s] -- Installing: /home/minha/moiro_ws/src/yolov8_ros/install/yolov8_msgs/include/yolov8_msgs/yolov8_msgs/msg/detail/key_point2_d__rosidl_typesupport_introspection_c.h
[7.979s] -- Installing: /home/minha/moiro_ws/src/yolov8_ros/install/yolov8_msgs/include/yolov8_msgs/yolov8_msgs/msg/detail/point2_d__rosidl_typesupport_introspection_c.h
[7.979s] -- Installing: /home/minha/moiro_ws/src/yolov8_ros/install/yolov8_msgs/include/yolov8_msgs/yolov8_msgs/msg/detail/pose2_d__type_support.c
[7.979s] -- Installing: /home/minha/moiro_ws/src/yolov8_ros/install/yolov8_msgs/include/yolov8_msgs/yolov8_msgs/msg/detail/key_point2_d_array__rosidl_typesupport_introspection_c.h
[7.979s] -- Installing: /home/minha/moiro_ws/src/yolov8_ros/install/yolov8_msgs/include/yolov8_msgs/yolov8_msgs/msg/detail/key_point3_d__rosidl_typesupport_introspection_c.h
[7.979s] -- Installing: /home/minha/moiro_ws/src/yolov8_ros/install/yolov8_msgs/include/yolov8_msgs/yolov8_msgs/msg/detail/detection_array__rosidl_typesupport_introspection_c.h
[7.979s] -- Installing: /home/minha/moiro_ws/src/yolov8_ros/install/yolov8_msgs/include/yolov8_msgs/yolov8_msgs/msg/detail/key_point3_d_array__type_support.c
[7.979s] -- Installing: /home/minha/moiro_ws/src/yolov8_ros/install/yolov8_msgs/include/yolov8_msgs/yolov8_msgs/msg/detail/mask__type_support.c
[7.979s] -- Installing: /home/minha/moiro_ws/src/yolov8_ros/install/yolov8_msgs/include/yolov8_msgs/yolov8_msgs/msg/detail/key_point3_d__type_support.c
[7.979s] -- Installing: /home/minha/moiro_ws/src/yolov8_ros/install/yolov8_msgs/include/yolov8_msgs/yolov8_msgs/msg/detail/vector2__rosidl_typesupport_introspection_c.h
[7.979s] -- Installing: /home/minha/moiro_ws/src/yolov8_ros/install/yolov8_msgs/include/yolov8_msgs/yolov8_msgs/msg/detail/detection_info__rosidl_typesupport_introspection_c.h
[7.979s] -- Installing: /home/minha/moiro_ws/src/yolov8_ros/install/yolov8_msgs/include/yolov8_msgs/yolov8_msgs/msg/detail/detection__type_support.c
[7.979s] -- Installing: /home/minha/moiro_ws/src/yolov8_ros/install/yolov8_msgs/include/yolov8_msgs/yolov8_msgs/msg/detail/vector2__type_support.c
[7.979s] -- Installing: /home/minha/moiro_ws/src/yolov8_ros/install/yolov8_msgs/include/yolov8_msgs/yolov8_msgs/msg/detail/mask__rosidl_typesupport_introspection_c.h
[7.979s] -- Installing: /home/minha/moiro_ws/src/yolov8_ros/install/yolov8_msgs/include/yolov8_msgs/yolov8_msgs/msg/rosidl_typesupport_introspection_c__visibility_control.h
[7.979s] -- Installing: /home/minha/moiro_ws/src/yolov8_ros/install/yolov8_msgs/lib/libyolov8_msgs__rosidl_typesupport_introspection_c.so
[7.979s] -- Set runtime path of "/home/minha/moiro_ws/src/yolov8_ros/install/yolov8_msgs/lib/libyolov8_msgs__rosidl_typesupport_introspection_c.so" to ""
[7.979s] -- Installing: /home/minha/moiro_ws/src/yolov8_ros/install/yolov8_msgs/lib/libyolov8_msgs__rosidl_typesupport_c.so
[7.979s] -- Set runtime path of "/home/minha/moiro_ws/src/yolov8_ros/install/yolov8_msgs/lib/libyolov8_msgs__rosidl_typesupport_c.so" to ""
[7.979s] -- Up-to-date: /home/minha/moiro_ws/src/yolov8_ros/install/yolov8_msgs/include/yolov8_msgs/yolov8_msgs
[7.979s] -- Up-to-date: /home/minha/moiro_ws/src/yolov8_ros/install/yolov8_msgs/include/yolov8_msgs/yolov8_msgs/msg
[7.980s] -- Up-to-date: /home/minha/moiro_ws/src/yolov8_ros/install/yolov8_msgs/include/yolov8_msgs/yolov8_msgs/msg/detail
[7.980s] -- Installing: /home/minha/moiro_ws/src/yolov8_ros/install/yolov8_msgs/include/yolov8_msgs/yolov8_msgs/msg/detail/key_point2_d__type_support.cpp
[7.980s] -- Installing: /home/minha/moiro_ws/src/yolov8_ros/install/yolov8_msgs/include/yolov8_msgs/yolov8_msgs/msg/detail/key_point3_d_array__rosidl_typesupport_introspection_cpp.hpp
[7.980s] -- Installing: /home/minha/moiro_ws/src/yolov8_ros/install/yolov8_msgs/include/yolov8_msgs/yolov8_msgs/msg/detail/key_point3_d__type_support.cpp
[7.980s] -- Installing: /home/minha/moiro_ws/src/yolov8_ros/install/yolov8_msgs/include/yolov8_msgs/yolov8_msgs/msg/detail/pose2_d__type_support.cpp
[7.980s] -- Installing: /home/minha/moiro_ws/src/yolov8_ros/install/yolov8_msgs/include/yolov8_msgs/yolov8_msgs/msg/detail/detection__type_support.cpp
[7.980s] -- Installing: /home/minha/moiro_ws/src/yolov8_ros/install/yolov8_msgs/include/yolov8_msgs/yolov8_msgs/msg/detail/bounding_box3_d__type_support.cpp
[7.980s] -- Installing: /home/minha/moiro_ws/src/yolov8_ros/install/yolov8_msgs/include/yolov8_msgs/yolov8_msgs/msg/detail/bounding_box2_d__type_support.cpp
[7.980s] -- Installing: /home/minha/moiro_ws/src/yolov8_ros/install/yolov8_msgs/include/yolov8_msgs/yolov8_msgs/msg/detail/point2_d__type_support.cpp
[7.980s] -- Installing: /home/minha/moiro_ws/src/yolov8_ros/install/yolov8_msgs/include/yolov8_msgs/yolov8_msgs/msg/detail/mask__type_support.cpp
[7.980s] -- Installing: /home/minha/moiro_ws/src/yolov8_ros/install/yolov8_msgs/include/yolov8_msgs/yolov8_msgs/msg/detail/key_point2_d_array__rosidl_typesupport_introspection_cpp.hpp
[7.980s] -- Installing: /home/minha/moiro_ws/src/yolov8_ros/install/yolov8_msgs/include/yolov8_msgs/yolov8_msgs/msg/detail/key_point2_d__rosidl_typesupport_introspection_cpp.hpp
[7.980s] -- Installing: /home/minha/moiro_ws/src/yolov8_ros/install/yolov8_msgs/include/yolov8_msgs/yolov8_msgs/msg/detail/key_point3_d__rosidl_typesupport_introspection_cpp.hpp
[7.980s] -- Installing: /home/minha/moiro_ws/src/yolov8_ros/install/yolov8_msgs/include/yolov8_msgs/yolov8_msgs/msg/detail/key_point2_d_array__type_support.cpp
[7.980s] -- Installing: /home/minha/moiro_ws/src/yolov8_ros/install/yolov8_msgs/include/yolov8_msgs/yolov8_msgs/msg/detail/detection_array__rosidl_typesupport_introspection_cpp.hpp
[7.980s] -- Installing: /home/minha/moiro_ws/src/yolov8_ros/install/yolov8_msgs/include/yolov8_msgs/yolov8_msgs/msg/detail/point2_d__rosidl_typesupport_introspection_cpp.hpp
[7.980s] -- Installing: /home/minha/moiro_ws/src/yolov8_ros/install/yolov8_msgs/include/yolov8_msgs/yolov8_msgs/msg/detail/detection_info__rosidl_typesupport_introspection_cpp.hpp
[7.980s] -- Installing: /home/minha/moiro_ws/src/yolov8_ros/install/yolov8_msgs/include/yolov8_msgs/yolov8_msgs/msg/detail/vector2__type_support.cpp
[7.980s] -- Installing: /home/minha/moiro_ws/src/yolov8_ros/install/yolov8_msgs/include/yolov8_msgs/yolov8_msgs/msg/detail/detection_info__type_support.cpp
[7.980s] -- Installing: /home/minha/moiro_ws/src/yolov8_ros/install/yolov8_msgs/include/yolov8_msgs/yolov8_msgs/msg/detail/detection_array__type_support.cpp
[7.980s] -- Installing: /home/minha/moiro_ws/src/yolov8_ros/install/yolov8_msgs/include/yolov8_msgs/yolov8_msgs/msg/detail/detection__rosidl_typesupport_introspection_cpp.hpp
[7.980s] -- Installing: /home/minha/moiro_ws/src/yolov8_ros/install/yolov8_msgs/include/yolov8_msgs/yolov8_msgs/msg/detail/vector2__rosidl_typesupport_introspection_cpp.hpp
[7.980s] -- Installing: /home/minha/moiro_ws/src/yolov8_ros/install/yolov8_msgs/include/yolov8_msgs/yolov8_msgs/msg/detail/bounding_box3_d__rosidl_typesupport_introspection_cpp.hpp
[7.980s] -- Installing: /home/minha/moiro_ws/src/yolov8_ros/install/yolov8_msgs/include/yolov8_msgs/yolov8_msgs/msg/detail/bounding_box2_d__rosidl_typesupport_introspection_cpp.hpp
[7.980s] -- Installing: /home/minha/moiro_ws/src/yolov8_ros/install/yolov8_msgs/include/yolov8_msgs/yolov8_msgs/msg/detail/pose2_d__rosidl_typesupport_introspection_cpp.hpp
[7.980s] -- Installing: /home/minha/moiro_ws/src/yolov8_ros/install/yolov8_msgs/include/yolov8_msgs/yolov8_msgs/msg/detail/key_point3_d_array__type_support.cpp
[7.980s] -- Installing: /home/minha/moiro_ws/src/yolov8_ros/install/yolov8_msgs/include/yolov8_msgs/yolov8_msgs/msg/detail/mask__rosidl_typesupport_introspection_cpp.hpp
[7.980s] -- Installing: /home/minha/moiro_ws/src/yolov8_ros/install/yolov8_msgs/lib/libyolov8_msgs__rosidl_typesupport_introspection_cpp.so
[7.980s] -- Set runtime path of "/home/minha/moiro_ws/src/yolov8_ros/install/yolov8_msgs/lib/libyolov8_msgs__rosidl_typesupport_introspection_cpp.so" to ""
[7.980s] -- Installing: /home/minha/moiro_ws/src/yolov8_ros/install/yolov8_msgs/lib/libyolov8_msgs__rosidl_typesupport_cpp.so
[7.980s] -- Set runtime path of "/home/minha/moiro_ws/src/yolov8_ros/install/yolov8_msgs/lib/libyolov8_msgs__rosidl_typesupport_cpp.so" to ""
[7.980s] -- Installing: /home/minha/moiro_ws/src/yolov8_ros/install/yolov8_msgs/share/yolov8_msgs/environment/pythonpath.sh
[7.980s] -- Installing: /home/minha/moiro_ws/src/yolov8_ros/install/yolov8_msgs/share/yolov8_msgs/environment/pythonpath.dsv
[7.980s] -- Installing: /home/minha/moiro_ws/src/yolov8_ros/install/yolov8_msgs/lib/python3.10/site-packages/yolov8_msgs-0.0.0-py3.10.egg-info
[7.980s] -- Installing: /home/minha/moiro_ws/src/yolov8_ros/install/yolov8_msgs/lib/python3.10/site-packages/yolov8_msgs-0.0.0-py3.10.egg-info/dependency_links.txt
[7.980s] -- Installing: /home/minha/moiro_ws/src/yolov8_ros/install/yolov8_msgs/lib/python3.10/site-packages/yolov8_msgs-0.0.0-py3.10.egg-info/top_level.txt
[7.981s] -- Installing: /home/minha/moiro_ws/src/yolov8_ros/install/yolov8_msgs/lib/python3.10/site-packages/yolov8_msgs-0.0.0-py3.10.egg-info/SOURCES.txt
[7.981s] -- Installing: /home/minha/moiro_ws/src/yolov8_ros/install/yolov8_msgs/lib/python3.10/site-packages/yolov8_msgs-0.0.0-py3.10.egg-info/PKG-INFO
[7.981s] -- Installing: /home/minha/moiro_ws/src/yolov8_ros/install/yolov8_msgs/lib/python3.10/site-packages/yolov8_msgs
[7.981s] -- Installing: /home/minha/moiro_ws/src/yolov8_ros/install/yolov8_msgs/lib/python3.10/site-packages/yolov8_msgs/yolov8_msgs_s__rosidl_typesupport_introspection_c.cpython-310-x86_64-linux-gnu.so
[7.981s] -- Installing: /home/minha/moiro_ws/src/yolov8_ros/install/yolov8_msgs/lib/python3.10/site-packages/yolov8_msgs/_yolov8_msgs_s.ep.rosidl_typesupport_introspection_c.c
[7.981s] -- Installing: /home/minha/moiro_ws/src/yolov8_ros/install/yolov8_msgs/lib/python3.10/site-packages/yolov8_msgs/libyolov8_msgs__rosidl_generator_py.so
[7.981s] -- Installing: /home/minha/moiro_ws/src/yolov8_ros/install/yolov8_msgs/lib/python3.10/site-packages/yolov8_msgs/_yolov8_msgs_s.ep.rosidl_typesupport_c.c
[7.981s] -- Installing: /home/minha/moiro_ws/src/yolov8_ros/install/yolov8_msgs/lib/python3.10/site-packages/yolov8_msgs/yolov8_msgs_s__rosidl_typesupport_fastrtps_c.cpython-310-x86_64-linux-gnu.so
[7.981s] -- Installing: /home/minha/moiro_ws/src/yolov8_ros/install/yolov8_msgs/lib/python3.10/site-packages/yolov8_msgs/__init__.py
[7.981s] -- Installing: /home/minha/moiro_ws/src/yolov8_ros/install/yolov8_msgs/lib/python3.10/site-packages/yolov8_msgs/yolov8_msgs_s__rosidl_typesupport_c.cpython-310-x86_64-linux-gnu.so
[7.981s] -- Installing: /home/minha/moiro_ws/src/yolov8_ros/install/yolov8_msgs/lib/python3.10/site-packages/yolov8_msgs/_yolov8_msgs_s.ep.rosidl_typesupport_fastrtps_c.c
[7.981s] -- Installing: /home/minha/moiro_ws/src/yolov8_ros/install/yolov8_msgs/lib/python3.10/site-packages/yolov8_msgs/msg
[7.981s] -- Installing: /home/minha/moiro_ws/src/yolov8_ros/install/yolov8_msgs/lib/python3.10/site-packages/yolov8_msgs/msg/_pose2_d_s.c
[7.981s] -- Installing: /home/minha/moiro_ws/src/yolov8_ros/install/yolov8_msgs/lib/python3.10/site-packages/yolov8_msgs/msg/_key_point2_d_array.py
[7.981s] -- Installing: /home/minha/moiro_ws/src/yolov8_ros/install/yolov8_msgs/lib/python3.10/site-packages/yolov8_msgs/msg/_key_point3_d_array_s.c
[7.981s] -- Installing: /home/minha/moiro_ws/src/yolov8_ros/install/yolov8_msgs/lib/python3.10/site-packages/yolov8_msgs/msg/_key_point2_d_s.c
[7.981s] -- Installing: /home/minha/moiro_ws/src/yolov8_ros/install/yolov8_msgs/lib/python3.10/site-packages/yolov8_msgs/msg/_detection_array_s.c
[7.981s] -- Installing: /home/minha/moiro_ws/src/yolov8_ros/install/yolov8_msgs/lib/python3.10/site-packages/yolov8_msgs/msg/_detection_s.c
[7.981s] -- Installing: /home/minha/moiro_ws/src/yolov8_ros/install/yolov8_msgs/lib/python3.10/site-packages/yolov8_msgs/msg/_pose2_d.py
[7.981s] -- Installing: /home/minha/moiro_ws/src/yolov8_ros/install/yolov8_msgs/lib/python3.10/site-packages/yolov8_msgs/msg/_mask.py
[7.981s] -- Installing: /home/minha/moiro_ws/src/yolov8_ros/install/yolov8_msgs/lib/python3.10/site-packages/yolov8_msgs/msg/_bounding_box3_d.py
[7.981s] -- Installing: /home/minha/moiro_ws/src/yolov8_ros/install/yolov8_msgs/lib/python3.10/site-packages/yolov8_msgs/msg/_bounding_box3_d_s.c
[7.981s] -- Installing: /home/minha/moiro_ws/src/yolov8_ros/install/yolov8_msgs/lib/python3.10/site-packages/yolov8_msgs/msg/_key_point2_d_array_s.c
[7.981s] -- Installing: /home/minha/moiro_ws/src/yolov8_ros/install/yolov8_msgs/lib/python3.10/site-packages/yolov8_msgs/msg/_point2_d_s.c
[7.981s] -- Installing: /home/minha/moiro_ws/src/yolov8_ros/install/yolov8_msgs/lib/python3.10/site-packages/yolov8_msgs/msg/_key_point3_d_array.py
[7.981s] -- Installing: /home/minha/moiro_ws/src/yolov8_ros/install/yolov8_msgs/lib/python3.10/site-packages/yolov8_msgs/msg/__init__.py
[7.981s] -- Installing: /home/minha/moiro_ws/src/yolov8_ros/install/yolov8_msgs/lib/python3.10/site-packages/yolov8_msgs/msg/_detection_array.py
[7.981s] -- Installing: /home/minha/moiro_ws/src/yolov8_ros/install/yolov8_msgs/lib/python3.10/site-packages/yolov8_msgs/msg/_detection_info_s.c
[7.981s] -- Installing: /home/minha/moiro_ws/src/yolov8_ros/install/yolov8_msgs/lib/python3.10/site-packages/yolov8_msgs/msg/_key_point3_d.py
[7.981s] -- Installing: /home/minha/moiro_ws/src/yolov8_ros/install/yolov8_msgs/lib/python3.10/site-packages/yolov8_msgs/msg/_mask_s.c
[7.981s] -- Installing: /home/minha/moiro_ws/src/yolov8_ros/install/yolov8_msgs/lib/python3.10/site-packages/yolov8_msgs/msg/_detection_info.py
[7.981s] -- Installing: /home/minha/moiro_ws/src/yolov8_ros/install/yolov8_msgs/lib/python3.10/site-packages/yolov8_msgs/msg/_vector2_s.c
[7.981s] -- Installing: /home/minha/moiro_ws/src/yolov8_ros/install/yolov8_msgs/lib/python3.10/site-packages/yolov8_msgs/msg/_vector2.py
[7.981s] -- Installing: /home/minha/moiro_ws/src/yolov8_ros/install/yolov8_msgs/lib/python3.10/site-packages/yolov8_msgs/msg/_point2_d.py
[7.981s] -- Installing: /home/minha/moiro_ws/src/yolov8_ros/install/yolov8_msgs/lib/python3.10/site-packages/yolov8_msgs/msg/_bounding_box2_d_s.c
[7.981s] -- Installing: /home/minha/moiro_ws/src/yolov8_ros/install/yolov8_msgs/lib/python3.10/site-packages/yolov8_msgs/msg/_key_point3_d_s.c
[7.981s] -- Installing: /home/minha/moiro_ws/src/yolov8_ros/install/yolov8_msgs/lib/python3.10/site-packages/yolov8_msgs/msg/_key_point2_d.py
[7.982s] -- Installing: /home/minha/moiro_ws/src/yolov8_ros/install/yolov8_msgs/lib/python3.10/site-packages/yolov8_msgs/msg/_detection.py
[7.982s] -- Installing: /home/minha/moiro_ws/src/yolov8_ros/install/yolov8_msgs/lib/python3.10/site-packages/yolov8_msgs/msg/_bounding_box2_d.py
[8.020s] Listing '/home/minha/moiro_ws/src/yolov8_ros/install/yolov8_msgs/lib/python3.10/site-packages/yolov8_msgs'...
[8.020s] Compiling '/home/minha/moiro_ws/src/yolov8_ros/install/yolov8_msgs/lib/python3.10/site-packages/yolov8_msgs/__init__.py'...
[8.020s] Listing '/home/minha/moiro_ws/src/yolov8_ros/install/yolov8_msgs/lib/python3.10/site-packages/yolov8_msgs/msg'...
[8.020s] Compiling '/home/minha/moiro_ws/src/yolov8_ros/install/yolov8_msgs/lib/python3.10/site-packages/yolov8_msgs/msg/__init__.py'...
[8.020s] Compiling '/home/minha/moiro_ws/src/yolov8_ros/install/yolov8_msgs/lib/python3.10/site-packages/yolov8_msgs/msg/_bounding_box2_d.py'...
[8.020s] Compiling '/home/minha/moiro_ws/src/yolov8_ros/install/yolov8_msgs/lib/python3.10/site-packages/yolov8_msgs/msg/_bounding_box3_d.py'...
[8.020s] Compiling '/home/minha/moiro_ws/src/yolov8_ros/install/yolov8_msgs/lib/python3.10/site-packages/yolov8_msgs/msg/_detection.py'...
[8.020s] Compiling '/home/minha/moiro_ws/src/yolov8_ros/install/yolov8_msgs/lib/python3.10/site-packages/yolov8_msgs/msg/_detection_array.py'...
[8.020s] Compiling '/home/minha/moiro_ws/src/yolov8_ros/install/yolov8_msgs/lib/python3.10/site-packages/yolov8_msgs/msg/_detection_info.py'...
[8.020s] Compiling '/home/minha/moiro_ws/src/yolov8_ros/install/yolov8_msgs/lib/python3.10/site-packages/yolov8_msgs/msg/_key_point2_d.py'...
[8.020s] Compiling '/home/minha/moiro_ws/src/yolov8_ros/install/yolov8_msgs/lib/python3.10/site-packages/yolov8_msgs/msg/_key_point2_d_array.py'...
[8.020s] Compiling '/home/minha/moiro_ws/src/yolov8_ros/install/yolov8_msgs/lib/python3.10/site-packages/yolov8_msgs/msg/_key_point3_d.py'...
[8.020s] Compiling '/home/minha/moiro_ws/src/yolov8_ros/install/yolov8_msgs/lib/python3.10/site-packages/yolov8_msgs/msg/_key_point3_d_array.py'...
[8.020s] Compiling '/home/minha/moiro_ws/src/yolov8_ros/install/yolov8_msgs/lib/python3.10/site-packages/yolov8_msgs/msg/_mask.py'...
[8.020s] Compiling '/home/minha/moiro_ws/src/yolov8_ros/install/yolov8_msgs/lib/python3.10/site-packages/yolov8_msgs/msg/_point2_d.py'...
[8.020s] Compiling '/home/minha/moiro_ws/src/yolov8_ros/install/yolov8_msgs/lib/python3.10/site-packages/yolov8_msgs/msg/_pose2_d.py'...
[8.020s] Compiling '/home/minha/moiro_ws/src/yolov8_ros/install/yolov8_msgs/lib/python3.10/site-packages/yolov8_msgs/msg/_vector2.py'...
[8.023s] -- Installing: /home/minha/moiro_ws/src/yolov8_ros/install/yolov8_msgs/lib/python3.10/site-packages/yolov8_msgs/yolov8_msgs_s__rosidl_typesupport_fastrtps_c.cpython-310-x86_64-linux-gnu.so
[8.023s] -- Set runtime path of "/home/minha/moiro_ws/src/yolov8_ros/install/yolov8_msgs/lib/python3.10/site-packages/yolov8_msgs/yolov8_msgs_s__rosidl_typesupport_fastrtps_c.cpython-310-x86_64-linux-gnu.so" to ""
[8.023s] -- Installing: /home/minha/moiro_ws/src/yolov8_ros/install/yolov8_msgs/lib/python3.10/site-packages/yolov8_msgs/yolov8_msgs_s__rosidl_typesupport_introspection_c.cpython-310-x86_64-linux-gnu.so
[8.023s] -- Set runtime path of "/home/minha/moiro_ws/src/yolov8_ros/install/yolov8_msgs/lib/python3.10/site-packages/yolov8_msgs/yolov8_msgs_s__rosidl_typesupport_introspection_c.cpython-310-x86_64-linux-gnu.so" to ""
[8.023s] -- Installing: /home/minha/moiro_ws/src/yolov8_ros/install/yolov8_msgs/lib/python3.10/site-packages/yolov8_msgs/yolov8_msgs_s__rosidl_typesupport_c.cpython-310-x86_64-linux-gnu.so
[8.023s] -- Set runtime path of "/home/minha/moiro_ws/src/yolov8_ros/install/yolov8_msgs/lib/python3.10/site-packages/yolov8_msgs/yolov8_msgs_s__rosidl_typesupport_c.cpython-310-x86_64-linux-gnu.so" to ""
[8.024s] -- Installing: /home/minha/moiro_ws/src/yolov8_ros/install/yolov8_msgs/lib/libyolov8_msgs__rosidl_generator_py.so
[8.024s] -- Set runtime path of "/home/minha/moiro_ws/src/yolov8_ros/install/yolov8_msgs/lib/libyolov8_msgs__rosidl_generator_py.so" to ""
[8.024s] -- Installing: /home/minha/moiro_ws/src/yolov8_ros/install/yolov8_msgs/share/yolov8_msgs/msg/Point2D.idl
[8.024s] -- Installing: /home/minha/moiro_ws/src/yolov8_ros/install/yolov8_msgs/share/yolov8_msgs/msg/Vector2.idl
[8.024s] -- Installing: /home/minha/moiro_ws/src/yolov8_ros/install/yolov8_msgs/share/yolov8_msgs/msg/Pose2D.idl
[8.024s] -- Installing: /home/minha/moiro_ws/src/yolov8_ros/install/yolov8_msgs/share/yolov8_msgs/msg/BoundingBox2D.idl
[8.024s] -- Installing: /home/minha/moiro_ws/src/yolov8_ros/install/yolov8_msgs/share/yolov8_msgs/msg/BoundingBox3D.idl
[8.024s] -- Installing: /home/minha/moiro_ws/src/yolov8_ros/install/yolov8_msgs/share/yolov8_msgs/msg/Mask.idl
[8.024s] -- Installing: /home/minha/moiro_ws/src/yolov8_ros/install/yolov8_msgs/share/yolov8_msgs/msg/KeyPoint2D.idl
[8.024s] -- Installing: /home/minha/moiro_ws/src/yolov8_ros/install/yolov8_msgs/share/yolov8_msgs/msg/KeyPoint2DArray.idl
[8.024s] -- Installing: /home/minha/moiro_ws/src/yolov8_ros/install/yolov8_msgs/share/yolov8_msgs/msg/KeyPoint3D.idl
[8.024s] -- Installing: /home/minha/moiro_ws/src/yolov8_ros/install/yolov8_msgs/share/yolov8_msgs/msg/KeyPoint3DArray.idl
[8.024s] -- Installing: /home/minha/moiro_ws/src/yolov8_ros/install/yolov8_msgs/share/yolov8_msgs/msg/Detection.idl
[8.024s] -- Installing: /home/minha/moiro_ws/src/yolov8_ros/install/yolov8_msgs/share/yolov8_msgs/msg/DetectionArray.idl
[8.024s] -- Installing: /home/minha/moiro_ws/src/yolov8_ros/install/yolov8_msgs/share/yolov8_msgs/msg/DetectionInfo.idl
[8.024s] -- Installing: /home/minha/moiro_ws/src/yolov8_ros/install/yolov8_msgs/share/yolov8_msgs/msg/Point2D.msg
[8.024s] -- Installing: /home/minha/moiro_ws/src/yolov8_ros/install/yolov8_msgs/share/yolov8_msgs/msg/Vector2.msg
[8.024s] -- Installing: /home/minha/moiro_ws/src/yolov8_ros/install/yolov8_msgs/share/yolov8_msgs/msg/Pose2D.msg
[8.024s] -- Installing: /home/minha/moiro_ws/src/yolov8_ros/install/yolov8_msgs/share/yolov8_msgs/msg/BoundingBox2D.msg
[8.025s] -- Installing: /home/minha/moiro_ws/src/yolov8_ros/install/yolov8_msgs/share/yolov8_msgs/msg/BoundingBox3D.msg
[8.025s] -- Installing: /home/minha/moiro_ws/src/yolov8_ros/install/yolov8_msgs/share/yolov8_msgs/msg/Mask.msg
[8.025s] -- Installing: /home/minha/moiro_ws/src/yolov8_ros/install/yolov8_msgs/share/yolov8_msgs/msg/KeyPoint2D.msg
[8.025s] -- Installing: /home/minha/moiro_ws/src/yolov8_ros/install/yolov8_msgs/share/yolov8_msgs/msg/KeyPoint2DArray.msg
[8.025s] -- Installing: /home/minha/moiro_ws/src/yolov8_ros/install/yolov8_msgs/share/yolov8_msgs/msg/KeyPoint3D.msg
[8.025s] -- Installing: /home/minha/moiro_ws/src/yolov8_ros/install/yolov8_msgs/share/yolov8_msgs/msg/KeyPoint3DArray.msg
[8.025s] -- Installing: /home/minha/moiro_ws/src/yolov8_ros/install/yolov8_msgs/share/yolov8_msgs/msg/Detection.msg
[8.025s] -- Installing: /home/minha/moiro_ws/src/yolov8_ros/install/yolov8_msgs/share/yolov8_msgs/msg/DetectionArray.msg
[8.025s] -- Installing: /home/minha/moiro_ws/src/yolov8_ros/install/yolov8_msgs/share/yolov8_msgs/msg/DetectionInfo.msg
[8.025s] -- Installing: /home/minha/moiro_ws/src/yolov8_ros/install/yolov8_msgs/share/ament_index/resource_index/package_run_dependencies/yolov8_msgs
[8.025s] -- Installing: /home/minha/moiro_ws/src/yolov8_ros/install/yolov8_msgs/share/ament_index/resource_index/parent_prefix_path/yolov8_msgs
[8.025s] -- Installing: /home/minha/moiro_ws/src/yolov8_ros/install/yolov8_msgs/share/yolov8_msgs/environment/ament_prefix_path.sh
[8.025s] -- Installing: /home/minha/moiro_ws/src/yolov8_ros/install/yolov8_msgs/share/yolov8_msgs/environment/ament_prefix_path.dsv
[8.025s] -- Installing: /home/minha/moiro_ws/src/yolov8_ros/install/yolov8_msgs/share/yolov8_msgs/environment/path.sh
[8.025s] -- Installing: /home/minha/moiro_ws/src/yolov8_ros/install/yolov8_msgs/share/yolov8_msgs/environment/path.dsv
[8.025s] -- Installing: /home/minha/moiro_ws/src/yolov8_ros/install/yolov8_msgs/share/yolov8_msgs/local_setup.bash
[8.025s] -- Installing: /home/minha/moiro_ws/src/yolov8_ros/install/yolov8_msgs/share/yolov8_msgs/local_setup.sh
[8.025s] -- Installing: /home/minha/moiro_ws/src/yolov8_ros/install/yolov8_msgs/share/yolov8_msgs/local_setup.zsh
[8.025s] -- Installing: /home/minha/moiro_ws/src/yolov8_ros/install/yolov8_msgs/share/yolov8_msgs/local_setup.dsv
[8.025s] -- Installing: /home/minha/moiro_ws/src/yolov8_ros/install/yolov8_msgs/share/yolov8_msgs/package.dsv
[8.025s] -- Installing: /home/minha/moiro_ws/src/yolov8_ros/install/yolov8_msgs/share/ament_index/resource_index/packages/yolov8_msgs
[8.026s] -- Installing: /home/minha/moiro_ws/src/yolov8_ros/install/yolov8_msgs/share/yolov8_msgs/cmake/export_yolov8_msgs__rosidl_generator_cExport.cmake
[8.026s] -- Installing: /home/minha/moiro_ws/src/yolov8_ros/install/yolov8_msgs/share/yolov8_msgs/cmake/export_yolov8_msgs__rosidl_generator_cExport-noconfig.cmake
[8.026s] -- Installing: /home/minha/moiro_ws/src/yolov8_ros/install/yolov8_msgs/share/yolov8_msgs/cmake/export_yolov8_msgs__rosidl_typesupport_fastrtps_cExport.cmake
[8.026s] -- Installing: /home/minha/moiro_ws/src/yolov8_ros/install/yolov8_msgs/share/yolov8_msgs/cmake/export_yolov8_msgs__rosidl_typesupport_fastrtps_cExport-noconfig.cmake
[8.026s] -- Installing: /home/minha/moiro_ws/src/yolov8_ros/install/yolov8_msgs/share/yolov8_msgs/cmake/export_yolov8_msgs__rosidl_generator_cppExport.cmake
[8.026s] -- Installing: /home/minha/moiro_ws/src/yolov8_ros/install/yolov8_msgs/share/yolov8_msgs/cmake/export_yolov8_msgs__rosidl_typesupport_fastrtps_cppExport.cmake
[8.026s] -- Installing: /home/minha/moiro_ws/src/yolov8_ros/install/yolov8_msgs/share/yolov8_msgs/cmake/export_yolov8_msgs__rosidl_typesupport_fastrtps_cppExport-noconfig.cmake
[8.026s] -- Installing: /home/minha/moiro_ws/src/yolov8_ros/install/yolov8_msgs/share/yolov8_msgs/cmake/yolov8_msgs__rosidl_typesupport_introspection_cExport.cmake
[8.026s] -- Installing: /home/minha/moiro_ws/src/yolov8_ros/install/yolov8_msgs/share/yolov8_msgs/cmake/yolov8_msgs__rosidl_typesupport_introspection_cExport-noconfig.cmake
[8.026s] -- Installing: /home/minha/moiro_ws/src/yolov8_ros/install/yolov8_msgs/share/yolov8_msgs/cmake/yolov8_msgs__rosidl_typesupport_cExport.cmake
[8.026s] -- Installing: /home/minha/moiro_ws/src/yolov8_ros/install/yolov8_msgs/share/yolov8_msgs/cmake/yolov8_msgs__rosidl_typesupport_cExport-noconfig.cmake
[8.026s] -- Installing: /home/minha/moiro_ws/src/yolov8_ros/install/yolov8_msgs/share/yolov8_msgs/cmake/yolov8_msgs__rosidl_typesupport_introspection_cppExport.cmake
[8.026s] -- Installing: /home/minha/moiro_ws/src/yolov8_ros/install/yolov8_msgs/share/yolov8_msgs/cmake/yolov8_msgs__rosidl_typesupport_introspection_cppExport-noconfig.cmake
[8.026s] -- Installing: /home/minha/moiro_ws/src/yolov8_ros/install/yolov8_msgs/share/yolov8_msgs/cmake/yolov8_msgs__rosidl_typesupport_cppExport.cmake
[8.026s] -- Installing: /home/minha/moiro_ws/src/yolov8_ros/install/yolov8_msgs/share/yolov8_msgs/cmake/yolov8_msgs__rosidl_typesupport_cppExport-noconfig.cmake
[8.026s] -- Installing: /home/minha/moiro_ws/src/yolov8_ros/install/yolov8_msgs/share/yolov8_msgs/cmake/export_yolov8_msgs__rosidl_generator_pyExport.cmake
[8.026s] -- Installing: /home/minha/moiro_ws/src/yolov8_ros/install/yolov8_msgs/share/yolov8_msgs/cmake/export_yolov8_msgs__rosidl_generator_pyExport-noconfig.cmake
[8.027s] -- Installing: /home/minha/moiro_ws/src/yolov8_ros/install/yolov8_msgs/share/yolov8_msgs/cmake/rosidl_cmake-extras.cmake
[8.027s] -- Installing: /home/minha/moiro_ws/src/yolov8_ros/install/yolov8_msgs/share/yolov8_msgs/cmake/ament_cmake_export_dependencies-extras.cmake
[8.027s] -- Installing: /home/minha/moiro_ws/src/yolov8_ros/install/yolov8_msgs/share/yolov8_msgs/cmake/ament_cmake_export_include_directories-extras.cmake
[8.027s] -- Installing: /home/minha/moiro_ws/src/yolov8_ros/install/yolov8_msgs/share/yolov8_msgs/cmake/ament_cmake_export_libraries-extras.cmake
[8.027s] -- Installing: /home/minha/moiro_ws/src/yolov8_ros/install/yolov8_msgs/share/yolov8_msgs/cmake/ament_cmake_export_targets-extras.cmake
[8.027s] -- Installing: /home/minha/moiro_ws/src/yolov8_ros/install/yolov8_msgs/share/yolov8_msgs/cmake/rosidl_cmake_export_typesupport_targets-extras.cmake
[8.027s] -- Installing: /home/minha/moiro_ws/src/yolov8_ros/install/yolov8_msgs/share/yolov8_msgs/cmake/rosidl_cmake_export_typesupport_libraries-extras.cmake
[8.027s] -- Installing: /home/minha/moiro_ws/src/yolov8_ros/install/yolov8_msgs/share/yolov8_msgs/cmake/yolov8_msgsConfig.cmake
[8.027s] -- Installing: /home/minha/moiro_ws/src/yolov8_ros/install/yolov8_msgs/share/yolov8_msgs/cmake/yolov8_msgsConfig-version.cmake
[8.027s] -- Installing: /home/minha/moiro_ws/src/yolov8_ros/install/yolov8_msgs/share/yolov8_msgs/package.xml
[8.031s] Invoked command in '/home/minha/moiro_ws/src/yolov8_ros/build/yolov8_msgs' returned '0': CMAKE_PREFIX_PATH=${CMAKE_PREFIX_PATH}:/home/minha/moiro_ws/install/adaface:/home/minha/moiro_ws/install/yolov8_ros:/home/minha/colcon_ws/install/ultraarm:/home/minha/colcon_ws/install/mypalletizer_260_pi:/home/minha/colcon_ws/install/mypalletizer_260:/home/minha/colcon_ws/install/mypalletizer_communication:/home/minha/colcon_ws/install/mycobot_630:/home/minha/colcon_ws/install/mycobot_600:/home/minha/colcon_ws/install/mycobot_320pi:/home/minha/colcon_ws/install/mycobot_320:/home/minha/colcon_ws/install/mycobot_280pi:/home/minha/colcon_ws/install/mycobot_280jn:/home/minha/colcon_ws/install/mycobot_280_x3pi:/home/minha/colcon_ws/install/mycobot_280:/home/minha/colcon_ws/install/myarm_300:/home/minha/colcon_ws/install/mycobot_communication:/home/minha/colcon_ws/install/mecharm_pi:/home/minha/colcon_ws/install/mecharm:/home/minha/colcon_ws/install/mecharm_communication:/home/minha/colcon_ws/install/mybuddy:/home/minha/colcon_ws/install/mycobot_description:/home/minha/ros2_ws_tut/install/urdf_turtorial:/home/minha/ros2_ws_tut/install/ros_topic:/home/minha/ros2_ws_tut/install/ros_mini_proj:/home/minha/ros2_ws_tut/install/python_parameters:/home/minha/ros2_ws_tut/install/motor_control_serial:/home/minha/ros2_ws_tut/install/action_tutorial:/home/minha/ros2_ws_tut/install/action_service:/opt/ros/humble CONDA_PROMPT_MODIFIER=(new_adaface) /home/minha/.local/bin/cmake --install /home/minha/moiro_ws/src/yolov8_ros/build/yolov8_msgs
