[0.078s] DEBUG:colcon:Command line arguments: ['/usr/bin/colcon', 'build']
[0.078s] DEBUG:colcon:Parsed command line arguments: Namespace(log_base=None, log_level=None, verb_name='build', build_base='build', install_base='install', merge_install=False, symlink_install=False, test_result_base=None, continue_on_error=False, executor='parallel', parallel_workers=12, event_handlers=None, ignore_user_meta=False, metas=['./colcon.meta'], base_paths=['.'], packages_ignore=None, packages_ignore_regex=None, paths=None, packages_up_to=None, packages_up_to_regex=None, packages_above=None, packages_above_and_dependencies=None, packages_above_depth=None, packages_select_by_dep=None, packages_skip_by_dep=None, packages_skip_up_to=None, packages_select_build_failed=False, packages_skip_build_finished=False, packages_select_test_failures=False, packages_skip_test_passed=False, packages_select=None, packages_skip=None, packages_select_regex=None, packages_skip_regex=None, packages_start=None, packages_end=None, allow_overriding=[], cmake_args=None, cmake_target=None, cmake_target_skip_unavailable=False, cmake_clean_cache=False, cmake_clean_first=False, cmake_force_configure=False, ament_cmake_args=None, catkin_cmake_args=None, catkin_skip_building_tests=False, verb_parser=<colcon_defaults.argument_parser.defaults.DefaultArgumentsDecorator object at 0x7c0de6065570>, verb_extension=<colcon_core.verb.build.BuildVerb object at 0x7c0de6065120>, main=<bound method BuildVerb.main of <colcon_core.verb.build.BuildVerb object at 0x7c0de6065120>>)
[0.211s] Level 1:colcon.colcon_core.package_discovery:discover_packages(colcon_meta) check parameters
[0.211s] Level 1:colcon.colcon_core.package_discovery:discover_packages(recursive) check parameters
[0.213s] Level 1:colcon.colcon_core.package_discovery:discover_packages(ignore) check parameters
[0.213s] Level 1:colcon.colcon_core.package_discovery:discover_packages(path) check parameters
[0.213s] Level 1:colcon.colcon_core.package_discovery:discover_packages(colcon_meta) discover
[0.213s] Level 1:colcon.colcon_core.package_discovery:discover_packages(recursive) discover
[0.213s] INFO:colcon.colcon_core.package_discovery:Crawling recursively for packages in '/home/minha/moiro_ws/src/yolov8_ros'
[0.213s] Level 1:colcon.colcon_core.package_identification:_identify(.) by extensions ['ignore', 'ignore_ament_install']
[0.213s] Level 1:colcon.colcon_core.package_identification:_identify(.) by extension 'ignore'
[0.213s] Level 1:colcon.colcon_core.package_identification:_identify(.) by extension 'ignore_ament_install'
[0.213s] Level 1:colcon.colcon_core.package_identification:_identify(.) by extensions ['colcon_pkg']
[0.214s] Level 1:colcon.colcon_core.package_identification:_identify(.) by extension 'colcon_pkg'
[0.214s] Level 1:colcon.colcon_core.package_identification:_identify(.) by extensions ['colcon_meta']
[0.214s] Level 1:colcon.colcon_core.package_identification:_identify(.) by extension 'colcon_meta'
[0.214s] Level 1:colcon.colcon_core.package_identification:_identify(.) by extensions ['ros']
[0.214s] Level 1:colcon.colcon_core.package_identification:_identify(.) by extension 'ros'
[0.226s] Level 1:colcon.colcon_core.package_identification:_identify(.) by extensions ['cmake', 'python']
[0.226s] Level 1:colcon.colcon_core.package_identification:_identify(.) by extension 'cmake'
[0.227s] Level 1:colcon.colcon_core.package_identification:_identify(.) by extension 'python'
[0.227s] Level 1:colcon.colcon_core.package_identification:_identify(.) by extensions ['python_setup_py']
[0.227s] Level 1:colcon.colcon_core.package_identification:_identify(.) by extension 'python_setup_py'
[0.227s] Level 1:colcon.colcon_core.package_identification:_identify(build) by extensions ['ignore', 'ignore_ament_install']
[0.227s] Level 1:colcon.colcon_core.package_identification:_identify(build) by extension 'ignore'
[0.227s] Level 1:colcon.colcon_core.package_identification:_identify(build) ignored
[0.227s] Level 1:colcon.colcon_core.package_identification:_identify(docs) by extensions ['ignore', 'ignore_ament_install']
[0.227s] Level 1:colcon.colcon_core.package_identification:_identify(docs) by extension 'ignore'
[0.227s] Level 1:colcon.colcon_core.package_identification:_identify(docs) by extension 'ignore_ament_install'
[0.227s] Level 1:colcon.colcon_core.package_identification:_identify(docs) by extensions ['colcon_pkg']
[0.227s] Level 1:colcon.colcon_core.package_identification:_identify(docs) by extension 'colcon_pkg'
[0.227s] Level 1:colcon.colcon_core.package_identification:_identify(docs) by extensions ['colcon_meta']
[0.227s] Level 1:colcon.colcon_core.package_identification:_identify(docs) by extension 'colcon_meta'
[0.227s] Level 1:colcon.colcon_core.package_identification:_identify(docs) by extensions ['ros']
[0.227s] Level 1:colcon.colcon_core.package_identification:_identify(docs) by extension 'ros'
[0.227s] Level 1:colcon.colcon_core.package_identification:_identify(docs) by extensions ['cmake', 'python']
[0.227s] Level 1:colcon.colcon_core.package_identification:_identify(docs) by extension 'cmake'
[0.227s] Level 1:colcon.colcon_core.package_identification:_identify(docs) by extension 'python'
[0.227s] Level 1:colcon.colcon_core.package_identification:_identify(docs) by extensions ['python_setup_py']
[0.227s] Level 1:colcon.colcon_core.package_identification:_identify(docs) by extension 'python_setup_py'
[0.227s] Level 1:colcon.colcon_core.package_identification:_identify(install) by extensions ['ignore', 'ignore_ament_install']
[0.227s] Level 1:colcon.colcon_core.package_identification:_identify(install) by extension 'ignore'
[0.227s] Level 1:colcon.colcon_core.package_identification:_identify(install) ignored
[0.227s] Level 1:colcon.colcon_core.package_identification:_identify(log) by extensions ['ignore', 'ignore_ament_install']
[0.227s] Level 1:colcon.colcon_core.package_identification:_identify(log) by extension 'ignore'
[0.227s] Level 1:colcon.colcon_core.package_identification:_identify(log) ignored
[0.228s] Level 1:colcon.colcon_core.package_identification:_identify(yolov8_bringup) by extensions ['ignore', 'ignore_ament_install']
[0.228s] Level 1:colcon.colcon_core.package_identification:_identify(yolov8_bringup) by extension 'ignore'
[0.228s] Level 1:colcon.colcon_core.package_identification:_identify(yolov8_bringup) by extension 'ignore_ament_install'
[0.228s] Level 1:colcon.colcon_core.package_identification:_identify(yolov8_bringup) by extensions ['colcon_pkg']
[0.228s] Level 1:colcon.colcon_core.package_identification:_identify(yolov8_bringup) by extension 'colcon_pkg'
[0.228s] Level 1:colcon.colcon_core.package_identification:_identify(yolov8_bringup) by extensions ['colcon_meta']
[0.228s] Level 1:colcon.colcon_core.package_identification:_identify(yolov8_bringup) by extension 'colcon_meta'
[0.228s] Level 1:colcon.colcon_core.package_identification:_identify(yolov8_bringup) by extensions ['ros']
[0.228s] Level 1:colcon.colcon_core.package_identification:_identify(yolov8_bringup) by extension 'ros'
[0.229s] DEBUG:colcon.colcon_core.package_identification:Package 'yolov8_bringup' with type 'ros.ament_cmake' and name 'yolov8_bringup'
[0.229s] Level 1:colcon.colcon_core.package_identification:_identify(yolov8_msgs) by extensions ['ignore', 'ignore_ament_install']
[0.229s] Level 1:colcon.colcon_core.package_identification:_identify(yolov8_msgs) by extension 'ignore'
[0.230s] Level 1:colcon.colcon_core.package_identification:_identify(yolov8_msgs) by extension 'ignore_ament_install'
[0.230s] Level 1:colcon.colcon_core.package_identification:_identify(yolov8_msgs) by extensions ['colcon_pkg']
[0.230s] Level 1:colcon.colcon_core.package_identification:_identify(yolov8_msgs) by extension 'colcon_pkg'
[0.230s] Level 1:colcon.colcon_core.package_identification:_identify(yolov8_msgs) by extensions ['colcon_meta']
[0.230s] Level 1:colcon.colcon_core.package_identification:_identify(yolov8_msgs) by extension 'colcon_meta'
[0.230s] Level 1:colcon.colcon_core.package_identification:_identify(yolov8_msgs) by extensions ['ros']
[0.230s] Level 1:colcon.colcon_core.package_identification:_identify(yolov8_msgs) by extension 'ros'
[0.230s] DEBUG:colcon.colcon_core.package_identification:Package 'yolov8_msgs' with type 'ros.ament_cmake' and name 'yolov8_msgs'
[0.230s] Level 1:colcon.colcon_core.package_identification:_identify(yolov8_ros) by extensions ['ignore', 'ignore_ament_install']
[0.230s] Level 1:colcon.colcon_core.package_identification:_identify(yolov8_ros) by extension 'ignore'
[0.230s] Level 1:colcon.colcon_core.package_identification:_identify(yolov8_ros) by extension 'ignore_ament_install'
[0.230s] Level 1:colcon.colcon_core.package_identification:_identify(yolov8_ros) by extensions ['colcon_pkg']
[0.230s] Level 1:colcon.colcon_core.package_identification:_identify(yolov8_ros) by extension 'colcon_pkg'
[0.230s] Level 1:colcon.colcon_core.package_identification:_identify(yolov8_ros) by extensions ['colcon_meta']
[0.230s] Level 1:colcon.colcon_core.package_identification:_identify(yolov8_ros) by extension 'colcon_meta'
[0.230s] Level 1:colcon.colcon_core.package_identification:_identify(yolov8_ros) by extensions ['ros']
[0.230s] Level 1:colcon.colcon_core.package_identification:_identify(yolov8_ros) by extension 'ros'
[0.231s] DEBUG:colcon.colcon_core.package_identification:Package 'yolov8_ros' with type 'ros.ament_python' and name 'yolov8_ros'
[0.231s] Level 1:colcon.colcon_core.package_discovery:discover_packages(recursive) using defaults
[0.231s] Level 1:colcon.colcon_core.package_discovery:discover_packages(ignore) discover
[0.231s] Level 1:colcon.colcon_core.package_discovery:discover_packages(ignore) using defaults
[0.231s] Level 1:colcon.colcon_core.package_discovery:discover_packages(path) discover
[0.231s] Level 1:colcon.colcon_core.package_discovery:discover_packages(path) using defaults
[0.246s] Level 1:colcon.colcon_core.package_discovery:discover_packages(prefix_path) check parameters
[0.246s] Level 1:colcon.colcon_core.package_discovery:discover_packages(prefix_path) discover
[0.248s] DEBUG:colcon.colcon_installed_package_information.package_discovery:Found 8 installed packages in /home/minha/moiro_ws/install
[0.248s] DEBUG:colcon.colcon_installed_package_information.package_discovery:Found 22 installed packages in /home/minha/colcon_ws/install
[0.249s] DEBUG:colcon.colcon_installed_package_information.package_discovery:Found 15 installed packages in /home/minha/ros2_ws_tut/install
[0.249s] DEBUG:colcon.colcon_installed_package_information.package_discovery:Found 8 installed packages in /home/minha/ros2_ws/install
[0.249s] DEBUG:colcon.colcon_installed_package_information.package_discovery:Found 3 installed packages in /home/minha/turtlebot3_ws/install
[0.250s] DEBUG:colcon.colcon_installed_package_information.package_discovery:Found 283 installed packages in /opt/ros/humble
[0.252s] Level 1:colcon.colcon_core.package_discovery:discover_packages(prefix_path) using defaults
[0.275s] WARNING:colcon.colcon_core.package_selection:Some selected packages are already built in one or more underlay workspaces:
	'yolov8_ros' is in: /home/minha/moiro_ws/install/yolov8_ros
	'yolov8_msgs' is in: /home/minha/moiro_ws/install/yolov8_msgs
If a package in a merged underlay workspace is overridden and it installs headers, then all packages in the overlay must sort their include directories by workspace order. Failure to do so may result in build failures or undefined behavior at run time.
If the overridden package is used by another package in any underlay, then the overriding package in the overlay must be API and ABI compatible or undefined behavior at run time may occur.

If you understand the risks and want to override a package anyways, add the following to the command line:
	--allow-overriding yolov8_msgs yolov8_ros

This may be promoted to an error in a future release of colcon-override-check.
[0.275s] Level 5:colcon.colcon_core.verb:set package 'yolov8_msgs' build argument 'cmake_args' from command line to 'None'
[0.275s] Level 5:colcon.colcon_core.verb:set package 'yolov8_msgs' build argument 'cmake_target' from command line to 'None'
[0.275s] Level 5:colcon.colcon_core.verb:set package 'yolov8_msgs' build argument 'cmake_target_skip_unavailable' from command line to 'False'
[0.275s] Level 5:colcon.colcon_core.verb:set package 'yolov8_msgs' build argument 'cmake_clean_cache' from command line to 'False'
[0.275s] Level 5:colcon.colcon_core.verb:set package 'yolov8_msgs' build argument 'cmake_clean_first' from command line to 'False'
[0.275s] Level 5:colcon.colcon_core.verb:set package 'yolov8_msgs' build argument 'cmake_force_configure' from command line to 'False'
[0.275s] Level 5:colcon.colcon_core.verb:set package 'yolov8_msgs' build argument 'ament_cmake_args' from command line to 'None'
[0.276s] Level 5:colcon.colcon_core.verb:set package 'yolov8_msgs' build argument 'catkin_cmake_args' from command line to 'None'
[0.276s] Level 5:colcon.colcon_core.verb:set package 'yolov8_msgs' build argument 'catkin_skip_building_tests' from command line to 'False'
[0.276s] DEBUG:colcon.colcon_core.verb:Building package 'yolov8_msgs' with the following arguments: {'ament_cmake_args': None, 'build_base': '/home/minha/moiro_ws/src/yolov8_ros/build/yolov8_msgs', 'catkin_cmake_args': None, 'catkin_skip_building_tests': False, 'cmake_args': None, 'cmake_clean_cache': False, 'cmake_clean_first': False, 'cmake_force_configure': False, 'cmake_target': None, 'cmake_target_skip_unavailable': False, 'install_base': '/home/minha/moiro_ws/src/yolov8_ros/install/yolov8_msgs', 'merge_install': False, 'path': '/home/minha/moiro_ws/src/yolov8_ros/yolov8_msgs', 'symlink_install': False, 'test_result_base': None}
[0.276s] Level 5:colcon.colcon_core.verb:set package 'yolov8_ros' build argument 'cmake_args' from command line to 'None'
[0.276s] Level 5:colcon.colcon_core.verb:set package 'yolov8_ros' build argument 'cmake_target' from command line to 'None'
[0.276s] Level 5:colcon.colcon_core.verb:set package 'yolov8_ros' build argument 'cmake_target_skip_unavailable' from command line to 'False'
[0.276s] Level 5:colcon.colcon_core.verb:set package 'yolov8_ros' build argument 'cmake_clean_cache' from command line to 'False'
[0.276s] Level 5:colcon.colcon_core.verb:set package 'yolov8_ros' build argument 'cmake_clean_first' from command line to 'False'
[0.276s] Level 5:colcon.colcon_core.verb:set package 'yolov8_ros' build argument 'cmake_force_configure' from command line to 'False'
[0.276s] Level 5:colcon.colcon_core.verb:set package 'yolov8_ros' build argument 'ament_cmake_args' from command line to 'None'
[0.276s] Level 5:colcon.colcon_core.verb:set package 'yolov8_ros' build argument 'catkin_cmake_args' from command line to 'None'
[0.276s] Level 5:colcon.colcon_core.verb:set package 'yolov8_ros' build argument 'catkin_skip_building_tests' from command line to 'False'
[0.276s] DEBUG:colcon.colcon_core.verb:Building package 'yolov8_ros' with the following arguments: {'ament_cmake_args': None, 'build_base': '/home/minha/moiro_ws/src/yolov8_ros/build/yolov8_ros', 'catkin_cmake_args': None, 'catkin_skip_building_tests': False, 'cmake_args': None, 'cmake_clean_cache': False, 'cmake_clean_first': False, 'cmake_force_configure': False, 'cmake_target': None, 'cmake_target_skip_unavailable': False, 'install_base': '/home/minha/moiro_ws/src/yolov8_ros/install/yolov8_ros', 'merge_install': False, 'path': '/home/minha/moiro_ws/src/yolov8_ros/yolov8_ros', 'symlink_install': False, 'test_result_base': None}
[0.276s] Level 5:colcon.colcon_core.verb:set package 'yolov8_bringup' build argument 'cmake_args' from command line to 'None'
[0.276s] Level 5:colcon.colcon_core.verb:set package 'yolov8_bringup' build argument 'cmake_target' from command line to 'None'
[0.276s] Level 5:colcon.colcon_core.verb:set package 'yolov8_bringup' build argument 'cmake_target_skip_unavailable' from command line to 'False'
[0.276s] Level 5:colcon.colcon_core.verb:set package 'yolov8_bringup' build argument 'cmake_clean_cache' from command line to 'False'
[0.276s] Level 5:colcon.colcon_core.verb:set package 'yolov8_bringup' build argument 'cmake_clean_first' from command line to 'False'
[0.276s] Level 5:colcon.colcon_core.verb:set package 'yolov8_bringup' build argument 'cmake_force_configure' from command line to 'False'
[0.276s] Level 5:colcon.colcon_core.verb:set package 'yolov8_bringup' build argument 'ament_cmake_args' from command line to 'None'
[0.276s] Level 5:colcon.colcon_core.verb:set package 'yolov8_bringup' build argument 'catkin_cmake_args' from command line to 'None'
[0.276s] Level 5:colcon.colcon_core.verb:set package 'yolov8_bringup' build argument 'catkin_skip_building_tests' from command line to 'False'
[0.276s] DEBUG:colcon.colcon_core.verb:Building package 'yolov8_bringup' with the following arguments: {'ament_cmake_args': None, 'build_base': '/home/minha/moiro_ws/src/yolov8_ros/build/yolov8_bringup', 'catkin_cmake_args': None, 'catkin_skip_building_tests': False, 'cmake_args': None, 'cmake_clean_cache': False, 'cmake_clean_first': False, 'cmake_force_configure': False, 'cmake_target': None, 'cmake_target_skip_unavailable': False, 'install_base': '/home/minha/moiro_ws/src/yolov8_ros/install/yolov8_bringup', 'merge_install': False, 'path': '/home/minha/moiro_ws/src/yolov8_ros/yolov8_bringup', 'symlink_install': False, 'test_result_base': None}
[0.276s] INFO:colcon.colcon_core.executor:Executing jobs using 'parallel' executor
[0.277s] DEBUG:colcon.colcon_parallel_executor.executor.parallel:run_until_complete
[0.277s] INFO:colcon.colcon_ros.task.ament_python.build:Building ROS package in '/home/minha/moiro_ws/src/yolov8_ros/yolov8_ros' with build type 'ament_python'
[0.277s] Level 1:colcon.colcon_core.shell:create_environment_hook('yolov8_ros', 'ament_prefix_path')
[0.279s] INFO:colcon.colcon_core.plugin_system:Skipping extension 'colcon_core.shell.bat': Not used on non-Windows systems
[0.279s] INFO:colcon.colcon_core.shell:Creating environment hook '/home/minha/moiro_ws/src/yolov8_ros/install/yolov8_ros/share/yolov8_ros/hook/ament_prefix_path.ps1'
[0.279s] INFO:colcon.colcon_core.shell:Creating environment descriptor '/home/minha/moiro_ws/src/yolov8_ros/install/yolov8_ros/share/yolov8_ros/hook/ament_prefix_path.dsv'
[0.280s] INFO:colcon.colcon_core.shell:Creating environment hook '/home/minha/moiro_ws/src/yolov8_ros/install/yolov8_ros/share/yolov8_ros/hook/ament_prefix_path.sh'
[0.280s] INFO:colcon.colcon_core.shell:Skip shell extension 'powershell' for command environment: Not usable outside of PowerShell
[0.280s] DEBUG:colcon.colcon_core.shell:Skip shell extension 'dsv' for command environment
[0.284s] INFO:colcon.colcon_ros.task.ament_cmake.build:Building ROS package in '/home/minha/moiro_ws/src/yolov8_ros/yolov8_msgs' with build type 'ament_cmake'
[0.284s] INFO:colcon.colcon_cmake.task.cmake.build:Building CMake package in '/home/minha/moiro_ws/src/yolov8_ros/yolov8_msgs'
[0.284s] INFO:colcon.colcon_core.shell:Skip shell extension 'powershell' for command environment: Not usable outside of PowerShell
[0.284s] DEBUG:colcon.colcon_core.shell:Skip shell extension 'dsv' for command environment
[0.503s] INFO:colcon.colcon_core.task.python.build:Building Python package in '/home/minha/moiro_ws/src/yolov8_ros/yolov8_ros'
[0.503s] INFO:colcon.colcon_core.shell:Skip shell extension 'powershell' for command environment: Not usable outside of PowerShell
[0.503s] DEBUG:colcon.colcon_core.shell:Skip shell extension 'dsv' for command environment
[0.511s] DEBUG:colcon.colcon_core.event_handler.log_command:Invoking command in '/home/minha/moiro_ws/src/yolov8_ros/build/yolov8_msgs': CMAKE_PREFIX_PATH=${CMAKE_PREFIX_PATH}:/home/minha/moiro_ws/install/adaface:/home/minha/moiro_ws/install/yolov8_ros:/home/minha/colcon_ws/install/ultraarm:/home/minha/colcon_ws/install/mypalletizer_260_pi:/home/minha/colcon_ws/install/mypalletizer_260:/home/minha/colcon_ws/install/mypalletizer_communication:/home/minha/colcon_ws/install/mycobot_630:/home/minha/colcon_ws/install/mycobot_600:/home/minha/colcon_ws/install/mycobot_320pi:/home/minha/colcon_ws/install/mycobot_320:/home/minha/colcon_ws/install/mycobot_280pi:/home/minha/colcon_ws/install/mycobot_280jn:/home/minha/colcon_ws/install/mycobot_280_x3pi:/home/minha/colcon_ws/install/mycobot_280:/home/minha/colcon_ws/install/myarm_300:/home/minha/colcon_ws/install/mycobot_communication:/home/minha/colcon_ws/install/mecharm_pi:/home/minha/colcon_ws/install/mecharm:/home/minha/colcon_ws/install/mecharm_communication:/home/minha/colcon_ws/install/mybuddy:/home/minha/colcon_ws/install/mycobot_description:/home/minha/ros2_ws_tut/install/urdf_turtorial:/home/minha/ros2_ws_tut/install/ros_topic:/home/minha/ros2_ws_tut/install/ros_mini_proj:/home/minha/ros2_ws_tut/install/python_parameters:/home/minha/ros2_ws_tut/install/motor_control_serial:/home/minha/ros2_ws_tut/install/action_tutorial:/home/minha/ros2_ws_tut/install/action_service:/opt/ros/humble CONDA_PROMPT_MODIFIER=(new_adaface) /home/minha/.local/bin/cmake /home/minha/moiro_ws/src/yolov8_ros/yolov8_msgs -DCMAKE_INSTALL_PREFIX=/home/minha/moiro_ws/src/yolov8_ros/install/yolov8_msgs
[0.825s] DEBUG:colcon.colcon_core.event_handler.log_command:Invoking command in '/home/minha/moiro_ws/src/yolov8_ros/yolov8_ros': CONDA_PROMPT_MODIFIER=(new_adaface) PYTHONPATH=/home/minha/moiro_ws/src/yolov8_ros/build/yolov8_ros/prefix_override:/home/minha/moiro_ws/src/yolov8_ros/install/yolov8_ros/lib/python3.10/site-packages:${PYTHONPATH} /usr/bin/python3 -W ignore:setup.py install is deprecated setup.py egg_info --egg-base ../build/yolov8_ros build --build-base /home/minha/moiro_ws/src/yolov8_ros/build/yolov8_ros/build install --record /home/minha/moiro_ws/src/yolov8_ros/build/yolov8_ros/install.log --single-version-externally-managed install_data
[1.067s] DEBUG:colcon.colcon_core.event_handler.log_command:Invoked command in '/home/minha/moiro_ws/src/yolov8_ros/yolov8_ros' returned '0': CONDA_PROMPT_MODIFIER=(new_adaface) PYTHONPATH=/home/minha/moiro_ws/src/yolov8_ros/build/yolov8_ros/prefix_override:/home/minha/moiro_ws/src/yolov8_ros/install/yolov8_ros/lib/python3.10/site-packages:${PYTHONPATH} /usr/bin/python3 -W ignore:setup.py install is deprecated setup.py egg_info --egg-base ../build/yolov8_ros build --build-base /home/minha/moiro_ws/src/yolov8_ros/build/yolov8_ros/build install --record /home/minha/moiro_ws/src/yolov8_ros/build/yolov8_ros/install.log --single-version-externally-managed install_data
[1.068s] Level 1:colcon.colcon_core.environment:checking '/home/minha/moiro_ws/src/yolov8_ros/install/yolov8_ros' for CMake module files
[1.069s] Level 1:colcon.colcon_core.environment:checking '/home/minha/moiro_ws/src/yolov8_ros/install/yolov8_ros' for CMake config files
[1.069s] Level 1:colcon.colcon_core.environment:checking '/home/minha/moiro_ws/src/yolov8_ros/install/yolov8_ros/lib'
[1.069s] Level 1:colcon.colcon_core.environment:checking '/home/minha/moiro_ws/src/yolov8_ros/install/yolov8_ros/bin'
[1.069s] Level 1:colcon.colcon_core.environment:checking '/home/minha/moiro_ws/src/yolov8_ros/install/yolov8_ros/lib/pkgconfig/yolov8_ros.pc'
[1.069s] Level 1:colcon.colcon_core.environment:checking '/home/minha/moiro_ws/src/yolov8_ros/install/yolov8_ros/lib/python3.10/site-packages'
[1.069s] Level 1:colcon.colcon_core.shell:create_environment_hook('yolov8_ros', 'pythonpath')
[1.070s] INFO:colcon.colcon_core.shell:Creating environment hook '/home/minha/moiro_ws/src/yolov8_ros/install/yolov8_ros/share/yolov8_ros/hook/pythonpath.ps1'
[1.070s] INFO:colcon.colcon_core.shell:Creating environment descriptor '/home/minha/moiro_ws/src/yolov8_ros/install/yolov8_ros/share/yolov8_ros/hook/pythonpath.dsv'
[1.070s] INFO:colcon.colcon_core.shell:Creating environment hook '/home/minha/moiro_ws/src/yolov8_ros/install/yolov8_ros/share/yolov8_ros/hook/pythonpath.sh'
[1.070s] Level 1:colcon.colcon_core.environment:checking '/home/minha/moiro_ws/src/yolov8_ros/install/yolov8_ros/bin'
[1.070s] Level 1:colcon.colcon_core.environment:create_environment_scripts_only(yolov8_ros)
[1.070s] INFO:colcon.colcon_core.shell:Creating package script '/home/minha/moiro_ws/src/yolov8_ros/install/yolov8_ros/share/yolov8_ros/package.ps1'
[1.071s] INFO:colcon.colcon_core.shell:Creating package descriptor '/home/minha/moiro_ws/src/yolov8_ros/install/yolov8_ros/share/yolov8_ros/package.dsv'
[1.071s] INFO:colcon.colcon_core.shell:Creating package script '/home/minha/moiro_ws/src/yolov8_ros/install/yolov8_ros/share/yolov8_ros/package.sh'
[1.072s] INFO:colcon.colcon_core.shell:Creating package script '/home/minha/moiro_ws/src/yolov8_ros/install/yolov8_ros/share/yolov8_ros/package.bash'
[1.072s] INFO:colcon.colcon_core.shell:Creating package script '/home/minha/moiro_ws/src/yolov8_ros/install/yolov8_ros/share/yolov8_ros/package.zsh'
[1.072s] Level 1:colcon.colcon_core.environment:create_file_with_runtime_dependencies(/home/minha/moiro_ws/src/yolov8_ros/install/yolov8_ros/share/colcon-core/packages/yolov8_ros)
[1.072s] INFO:colcon.colcon_ros.task.ament_cmake.build:Building ROS package in '/home/minha/moiro_ws/src/yolov8_ros/yolov8_bringup' with build type 'ament_cmake'
[1.073s] INFO:colcon.colcon_cmake.task.cmake.build:Building CMake package in '/home/minha/moiro_ws/src/yolov8_ros/yolov8_bringup'
[1.073s] INFO:colcon.colcon_core.shell:Skip shell extension 'powershell' for command environment: Not usable outside of PowerShell
[1.073s] DEBUG:colcon.colcon_core.shell:Skip shell extension 'dsv' for command environment
[1.082s] DEBUG:colcon.colcon_core.event_handler.log_command:Invoking command in '/home/minha/moiro_ws/src/yolov8_ros/build/yolov8_bringup': AMENT_PREFIX_PATH=/home/minha/moiro_ws/src/yolov8_ros/install/yolov8_ros:${AMENT_PREFIX_PATH} CMAKE_PREFIX_PATH=${CMAKE_PREFIX_PATH}:/home/minha/moiro_ws/install/adaface:/home/minha/moiro_ws/install/yolov8_ros:/home/minha/colcon_ws/install/ultraarm:/home/minha/colcon_ws/install/mypalletizer_260_pi:/home/minha/colcon_ws/install/mypalletizer_260:/home/minha/colcon_ws/install/mypalletizer_communication:/home/minha/colcon_ws/install/mycobot_630:/home/minha/colcon_ws/install/mycobot_600:/home/minha/colcon_ws/install/mycobot_320pi:/home/minha/colcon_ws/install/mycobot_320:/home/minha/colcon_ws/install/mycobot_280pi:/home/minha/colcon_ws/install/mycobot_280jn:/home/minha/colcon_ws/install/mycobot_280_x3pi:/home/minha/colcon_ws/install/mycobot_280:/home/minha/colcon_ws/install/myarm_300:/home/minha/colcon_ws/install/mycobot_communication:/home/minha/colcon_ws/install/mecharm_pi:/home/minha/colcon_ws/install/mecharm:/home/minha/colcon_ws/install/mecharm_communication:/home/minha/colcon_ws/install/mybuddy:/home/minha/colcon_ws/install/mycobot_description:/home/minha/ros2_ws_tut/install/urdf_turtorial:/home/minha/ros2_ws_tut/install/ros_topic:/home/minha/ros2_ws_tut/install/ros_mini_proj:/home/minha/ros2_ws_tut/install/python_parameters:/home/minha/ros2_ws_tut/install/motor_control_serial:/home/minha/ros2_ws_tut/install/action_tutorial:/home/minha/ros2_ws_tut/install/action_service:/opt/ros/humble CONDA_PROMPT_MODIFIER=(new_adaface) PYTHONPATH=/home/minha/moiro_ws/src/yolov8_ros/install/yolov8_ros/lib/python3.10/site-packages:${PYTHONPATH} /home/minha/.local/bin/cmake /home/minha/moiro_ws/src/yolov8_ros/yolov8_bringup -DCMAKE_INSTALL_PREFIX=/home/minha/moiro_ws/src/yolov8_ros/install/yolov8_bringup
[1.914s] DEBUG:colcon.colcon_core.event_handler.log_command:Invoked command in '/home/minha/moiro_ws/src/yolov8_ros/build/yolov8_bringup' returned '0': AMENT_PREFIX_PATH=/home/minha/moiro_ws/src/yolov8_ros/install/yolov8_ros:${AMENT_PREFIX_PATH} CMAKE_PREFIX_PATH=${CMAKE_PREFIX_PATH}:/home/minha/moiro_ws/install/adaface:/home/minha/moiro_ws/install/yolov8_ros:/home/minha/colcon_ws/install/ultraarm:/home/minha/colcon_ws/install/mypalletizer_260_pi:/home/minha/colcon_ws/install/mypalletizer_260:/home/minha/colcon_ws/install/mypalletizer_communication:/home/minha/colcon_ws/install/mycobot_630:/home/minha/colcon_ws/install/mycobot_600:/home/minha/colcon_ws/install/mycobot_320pi:/home/minha/colcon_ws/install/mycobot_320:/home/minha/colcon_ws/install/mycobot_280pi:/home/minha/colcon_ws/install/mycobot_280jn:/home/minha/colcon_ws/install/mycobot_280_x3pi:/home/minha/colcon_ws/install/mycobot_280:/home/minha/colcon_ws/install/myarm_300:/home/minha/colcon_ws/install/mycobot_communication:/home/minha/colcon_ws/install/mecharm_pi:/home/minha/colcon_ws/install/mecharm:/home/minha/colcon_ws/install/mecharm_communication:/home/minha/colcon_ws/install/mybuddy:/home/minha/colcon_ws/install/mycobot_description:/home/minha/ros2_ws_tut/install/urdf_turtorial:/home/minha/ros2_ws_tut/install/ros_topic:/home/minha/ros2_ws_tut/install/ros_mini_proj:/home/minha/ros2_ws_tut/install/python_parameters:/home/minha/ros2_ws_tut/install/motor_control_serial:/home/minha/ros2_ws_tut/install/action_tutorial:/home/minha/ros2_ws_tut/install/action_service:/opt/ros/humble CONDA_PROMPT_MODIFIER=(new_adaface) PYTHONPATH=/home/minha/moiro_ws/src/yolov8_ros/install/yolov8_ros/lib/python3.10/site-packages:${PYTHONPATH} /home/minha/.local/bin/cmake /home/minha/moiro_ws/src/yolov8_ros/yolov8_bringup -DCMAKE_INSTALL_PREFIX=/home/minha/moiro_ws/src/yolov8_ros/install/yolov8_bringup
[1.915s] DEBUG:colcon.colcon_core.event_handler.log_command:Invoking command in '/home/minha/moiro_ws/src/yolov8_ros/build/yolov8_bringup': AMENT_PREFIX_PATH=/home/minha/moiro_ws/src/yolov8_ros/install/yolov8_ros:${AMENT_PREFIX_PATH} CMAKE_PREFIX_PATH=${CMAKE_PREFIX_PATH}:/home/minha/moiro_ws/install/adaface:/home/minha/moiro_ws/install/yolov8_ros:/home/minha/colcon_ws/install/ultraarm:/home/minha/colcon_ws/install/mypalletizer_260_pi:/home/minha/colcon_ws/install/mypalletizer_260:/home/minha/colcon_ws/install/mypalletizer_communication:/home/minha/colcon_ws/install/mycobot_630:/home/minha/colcon_ws/install/mycobot_600:/home/minha/colcon_ws/install/mycobot_320pi:/home/minha/colcon_ws/install/mycobot_320:/home/minha/colcon_ws/install/mycobot_280pi:/home/minha/colcon_ws/install/mycobot_280jn:/home/minha/colcon_ws/install/mycobot_280_x3pi:/home/minha/colcon_ws/install/mycobot_280:/home/minha/colcon_ws/install/myarm_300:/home/minha/colcon_ws/install/mycobot_communication:/home/minha/colcon_ws/install/mecharm_pi:/home/minha/colcon_ws/install/mecharm:/home/minha/colcon_ws/install/mecharm_communication:/home/minha/colcon_ws/install/mybuddy:/home/minha/colcon_ws/install/mycobot_description:/home/minha/ros2_ws_tut/install/urdf_turtorial:/home/minha/ros2_ws_tut/install/ros_topic:/home/minha/ros2_ws_tut/install/ros_mini_proj:/home/minha/ros2_ws_tut/install/python_parameters:/home/minha/ros2_ws_tut/install/motor_control_serial:/home/minha/ros2_ws_tut/install/action_tutorial:/home/minha/ros2_ws_tut/install/action_service:/opt/ros/humble CONDA_PROMPT_MODIFIER=(new_adaface) PYTHONPATH=/home/minha/moiro_ws/src/yolov8_ros/install/yolov8_ros/lib/python3.10/site-packages:${PYTHONPATH} /home/minha/.local/bin/cmake --build /home/minha/moiro_ws/src/yolov8_ros/build/yolov8_bringup -- -j12 -l12
[1.951s] DEBUG:colcon.colcon_core.event_handler.log_command:Invoked command in '/home/minha/moiro_ws/src/yolov8_ros/build/yolov8_bringup' returned '0': AMENT_PREFIX_PATH=/home/minha/moiro_ws/src/yolov8_ros/install/yolov8_ros:${AMENT_PREFIX_PATH} CMAKE_PREFIX_PATH=${CMAKE_PREFIX_PATH}:/home/minha/moiro_ws/install/adaface:/home/minha/moiro_ws/install/yolov8_ros:/home/minha/colcon_ws/install/ultraarm:/home/minha/colcon_ws/install/mypalletizer_260_pi:/home/minha/colcon_ws/install/mypalletizer_260:/home/minha/colcon_ws/install/mypalletizer_communication:/home/minha/colcon_ws/install/mycobot_630:/home/minha/colcon_ws/install/mycobot_600:/home/minha/colcon_ws/install/mycobot_320pi:/home/minha/colcon_ws/install/mycobot_320:/home/minha/colcon_ws/install/mycobot_280pi:/home/minha/colcon_ws/install/mycobot_280jn:/home/minha/colcon_ws/install/mycobot_280_x3pi:/home/minha/colcon_ws/install/mycobot_280:/home/minha/colcon_ws/install/myarm_300:/home/minha/colcon_ws/install/mycobot_communication:/home/minha/colcon_ws/install/mecharm_pi:/home/minha/colcon_ws/install/mecharm:/home/minha/colcon_ws/install/mecharm_communication:/home/minha/colcon_ws/install/mybuddy:/home/minha/colcon_ws/install/mycobot_description:/home/minha/ros2_ws_tut/install/urdf_turtorial:/home/minha/ros2_ws_tut/install/ros_topic:/home/minha/ros2_ws_tut/install/ros_mini_proj:/home/minha/ros2_ws_tut/install/python_parameters:/home/minha/ros2_ws_tut/install/motor_control_serial:/home/minha/ros2_ws_tut/install/action_tutorial:/home/minha/ros2_ws_tut/install/action_service:/opt/ros/humble CONDA_PROMPT_MODIFIER=(new_adaface) PYTHONPATH=/home/minha/moiro_ws/src/yolov8_ros/install/yolov8_ros/lib/python3.10/site-packages:${PYTHONPATH} /home/minha/.local/bin/cmake --build /home/minha/moiro_ws/src/yolov8_ros/build/yolov8_bringup -- -j12 -l12
[2.035s] DEBUG:colcon.colcon_core.event_handler.log_command:Invoking command in '/home/minha/moiro_ws/src/yolov8_ros/build/yolov8_bringup': AMENT_PREFIX_PATH=/home/minha/moiro_ws/src/yolov8_ros/install/yolov8_ros:${AMENT_PREFIX_PATH} CMAKE_PREFIX_PATH=${CMAKE_PREFIX_PATH}:/home/minha/moiro_ws/install/adaface:/home/minha/moiro_ws/install/yolov8_ros:/home/minha/colcon_ws/install/ultraarm:/home/minha/colcon_ws/install/mypalletizer_260_pi:/home/minha/colcon_ws/install/mypalletizer_260:/home/minha/colcon_ws/install/mypalletizer_communication:/home/minha/colcon_ws/install/mycobot_630:/home/minha/colcon_ws/install/mycobot_600:/home/minha/colcon_ws/install/mycobot_320pi:/home/minha/colcon_ws/install/mycobot_320:/home/minha/colcon_ws/install/mycobot_280pi:/home/minha/colcon_ws/install/mycobot_280jn:/home/minha/colcon_ws/install/mycobot_280_x3pi:/home/minha/colcon_ws/install/mycobot_280:/home/minha/colcon_ws/install/myarm_300:/home/minha/colcon_ws/install/mycobot_communication:/home/minha/colcon_ws/install/mecharm_pi:/home/minha/colcon_ws/install/mecharm:/home/minha/colcon_ws/install/mecharm_communication:/home/minha/colcon_ws/install/mybuddy:/home/minha/colcon_ws/install/mycobot_description:/home/minha/ros2_ws_tut/install/urdf_turtorial:/home/minha/ros2_ws_tut/install/ros_topic:/home/minha/ros2_ws_tut/install/ros_mini_proj:/home/minha/ros2_ws_tut/install/python_parameters:/home/minha/ros2_ws_tut/install/motor_control_serial:/home/minha/ros2_ws_tut/install/action_tutorial:/home/minha/ros2_ws_tut/install/action_service:/opt/ros/humble CONDA_PROMPT_MODIFIER=(new_adaface) PYTHONPATH=/home/minha/moiro_ws/src/yolov8_ros/install/yolov8_ros/lib/python3.10/site-packages:${PYTHONPATH} /home/minha/.local/bin/cmake --install /home/minha/moiro_ws/src/yolov8_ros/build/yolov8_bringup
[2.066s] Level 1:colcon.colcon_core.environment:create_environment_scripts_only(yolov8_bringup)
[2.066s] Level 1:colcon.colcon_core.environment:checking '/home/minha/moiro_ws/src/yolov8_ros/install/yolov8_bringup' for CMake module files
[2.067s] DEBUG:colcon.colcon_core.event_handler.log_command:Invoked command in '/home/minha/moiro_ws/src/yolov8_ros/build/yolov8_bringup' returned '0': AMENT_PREFIX_PATH=/home/minha/moiro_ws/src/yolov8_ros/install/yolov8_ros:${AMENT_PREFIX_PATH} CMAKE_PREFIX_PATH=${CMAKE_PREFIX_PATH}:/home/minha/moiro_ws/install/adaface:/home/minha/moiro_ws/install/yolov8_ros:/home/minha/colcon_ws/install/ultraarm:/home/minha/colcon_ws/install/mypalletizer_260_pi:/home/minha/colcon_ws/install/mypalletizer_260:/home/minha/colcon_ws/install/mypalletizer_communication:/home/minha/colcon_ws/install/mycobot_630:/home/minha/colcon_ws/install/mycobot_600:/home/minha/colcon_ws/install/mycobot_320pi:/home/minha/colcon_ws/install/mycobot_320:/home/minha/colcon_ws/install/mycobot_280pi:/home/minha/colcon_ws/install/mycobot_280jn:/home/minha/colcon_ws/install/mycobot_280_x3pi:/home/minha/colcon_ws/install/mycobot_280:/home/minha/colcon_ws/install/myarm_300:/home/minha/colcon_ws/install/mycobot_communication:/home/minha/colcon_ws/install/mecharm_pi:/home/minha/colcon_ws/install/mecharm:/home/minha/colcon_ws/install/mecharm_communication:/home/minha/colcon_ws/install/mybuddy:/home/minha/colcon_ws/install/mycobot_description:/home/minha/ros2_ws_tut/install/urdf_turtorial:/home/minha/ros2_ws_tut/install/ros_topic:/home/minha/ros2_ws_tut/install/ros_mini_proj:/home/minha/ros2_ws_tut/install/python_parameters:/home/minha/ros2_ws_tut/install/motor_control_serial:/home/minha/ros2_ws_tut/install/action_tutorial:/home/minha/ros2_ws_tut/install/action_service:/opt/ros/humble CONDA_PROMPT_MODIFIER=(new_adaface) PYTHONPATH=/home/minha/moiro_ws/src/yolov8_ros/install/yolov8_ros/lib/python3.10/site-packages:${PYTHONPATH} /home/minha/.local/bin/cmake --install /home/minha/moiro_ws/src/yolov8_ros/build/yolov8_bringup
[2.067s] Level 1:colcon.colcon_core.environment:checking '/home/minha/moiro_ws/src/yolov8_ros/install/yolov8_bringup' for CMake config files
[2.067s] Level 1:colcon.colcon_core.shell:create_environment_hook('yolov8_bringup', 'cmake_prefix_path')
[2.068s] INFO:colcon.colcon_core.shell:Creating environment hook '/home/minha/moiro_ws/src/yolov8_ros/install/yolov8_bringup/share/yolov8_bringup/hook/cmake_prefix_path.ps1'
[2.068s] INFO:colcon.colcon_core.shell:Creating environment descriptor '/home/minha/moiro_ws/src/yolov8_ros/install/yolov8_bringup/share/yolov8_bringup/hook/cmake_prefix_path.dsv'
[2.069s] INFO:colcon.colcon_core.shell:Creating environment hook '/home/minha/moiro_ws/src/yolov8_ros/install/yolov8_bringup/share/yolov8_bringup/hook/cmake_prefix_path.sh'
[2.069s] Level 1:colcon.colcon_core.environment:checking '/home/minha/moiro_ws/src/yolov8_ros/install/yolov8_bringup/bin'
[2.069s] Level 1:colcon.colcon_core.environment:checking '/home/minha/moiro_ws/src/yolov8_ros/install/yolov8_bringup/lib/pkgconfig/yolov8_bringup.pc'
[2.069s] Level 1:colcon.colcon_core.environment:checking '/home/minha/moiro_ws/src/yolov8_ros/install/yolov8_bringup/lib/python3.10/site-packages'
[2.070s] Level 1:colcon.colcon_core.environment:checking '/home/minha/moiro_ws/src/yolov8_ros/install/yolov8_bringup/bin'
[2.070s] INFO:colcon.colcon_core.shell:Creating package script '/home/minha/moiro_ws/src/yolov8_ros/install/yolov8_bringup/share/yolov8_bringup/package.ps1'
[2.071s] INFO:colcon.colcon_core.shell:Creating package descriptor '/home/minha/moiro_ws/src/yolov8_ros/install/yolov8_bringup/share/yolov8_bringup/package.dsv'
[2.071s] INFO:colcon.colcon_core.shell:Creating package script '/home/minha/moiro_ws/src/yolov8_ros/install/yolov8_bringup/share/yolov8_bringup/package.sh'
[2.071s] INFO:colcon.colcon_core.shell:Creating package script '/home/minha/moiro_ws/src/yolov8_ros/install/yolov8_bringup/share/yolov8_bringup/package.bash'
[2.072s] INFO:colcon.colcon_core.shell:Creating package script '/home/minha/moiro_ws/src/yolov8_ros/install/yolov8_bringup/share/yolov8_bringup/package.zsh'
[2.072s] Level 1:colcon.colcon_core.environment:create_file_with_runtime_dependencies(/home/minha/moiro_ws/src/yolov8_ros/install/yolov8_bringup/share/colcon-core/packages/yolov8_bringup)
[2.114s] Level 1:colcon.colcon_core.environment:create_environment_scripts_only(yolov8_bringup)
[2.114s] Level 1:colcon.colcon_core.environment:checking '/home/minha/moiro_ws/src/yolov8_ros/install/yolov8_bringup' for CMake module files
[2.115s] Level 1:colcon.colcon_core.environment:checking '/home/minha/moiro_ws/src/yolov8_ros/install/yolov8_bringup' for CMake config files
[2.115s] Level 1:colcon.colcon_core.shell:create_environment_hook('yolov8_bringup', 'cmake_prefix_path')
[2.115s] INFO:colcon.colcon_core.shell:Creating environment hook '/home/minha/moiro_ws/src/yolov8_ros/install/yolov8_bringup/share/yolov8_bringup/hook/cmake_prefix_path.ps1'
[2.116s] INFO:colcon.colcon_core.shell:Creating environment descriptor '/home/minha/moiro_ws/src/yolov8_ros/install/yolov8_bringup/share/yolov8_bringup/hook/cmake_prefix_path.dsv'
[2.116s] INFO:colcon.colcon_core.shell:Creating environment hook '/home/minha/moiro_ws/src/yolov8_ros/install/yolov8_bringup/share/yolov8_bringup/hook/cmake_prefix_path.sh'
[2.116s] Level 1:colcon.colcon_core.environment:checking '/home/minha/moiro_ws/src/yolov8_ros/install/yolov8_bringup/bin'
[2.116s] Level 1:colcon.colcon_core.environment:checking '/home/minha/moiro_ws/src/yolov8_ros/install/yolov8_bringup/lib/pkgconfig/yolov8_bringup.pc'
[2.116s] Level 1:colcon.colcon_core.environment:checking '/home/minha/moiro_ws/src/yolov8_ros/install/yolov8_bringup/lib/python3.10/site-packages'
[2.117s] Level 1:colcon.colcon_core.environment:checking '/home/minha/moiro_ws/src/yolov8_ros/install/yolov8_bringup/bin'
[2.117s] INFO:colcon.colcon_core.shell:Creating package script '/home/minha/moiro_ws/src/yolov8_ros/install/yolov8_bringup/share/yolov8_bringup/package.ps1'
[2.117s] INFO:colcon.colcon_core.shell:Creating package descriptor '/home/minha/moiro_ws/src/yolov8_ros/install/yolov8_bringup/share/yolov8_bringup/package.dsv'
[2.117s] INFO:colcon.colcon_core.shell:Creating package script '/home/minha/moiro_ws/src/yolov8_ros/install/yolov8_bringup/share/yolov8_bringup/package.sh'
[2.118s] INFO:colcon.colcon_core.shell:Creating package script '/home/minha/moiro_ws/src/yolov8_ros/install/yolov8_bringup/share/yolov8_bringup/package.bash'
[2.118s] INFO:colcon.colcon_core.shell:Creating package script '/home/minha/moiro_ws/src/yolov8_ros/install/yolov8_bringup/share/yolov8_bringup/package.zsh'
[2.118s] Level 1:colcon.colcon_core.environment:create_file_with_runtime_dependencies(/home/minha/moiro_ws/src/yolov8_ros/install/yolov8_bringup/share/colcon-core/packages/yolov8_bringup)
[2.962s] DEBUG:colcon.colcon_core.event_handler.log_command:Invoked command in '/home/minha/moiro_ws/src/yolov8_ros/build/yolov8_msgs' returned '0': CMAKE_PREFIX_PATH=${CMAKE_PREFIX_PATH}:/home/minha/moiro_ws/install/adaface:/home/minha/moiro_ws/install/yolov8_ros:/home/minha/colcon_ws/install/ultraarm:/home/minha/colcon_ws/install/mypalletizer_260_pi:/home/minha/colcon_ws/install/mypalletizer_260:/home/minha/colcon_ws/install/mypalletizer_communication:/home/minha/colcon_ws/install/mycobot_630:/home/minha/colcon_ws/install/mycobot_600:/home/minha/colcon_ws/install/mycobot_320pi:/home/minha/colcon_ws/install/mycobot_320:/home/minha/colcon_ws/install/mycobot_280pi:/home/minha/colcon_ws/install/mycobot_280jn:/home/minha/colcon_ws/install/mycobot_280_x3pi:/home/minha/colcon_ws/install/mycobot_280:/home/minha/colcon_ws/install/myarm_300:/home/minha/colcon_ws/install/mycobot_communication:/home/minha/colcon_ws/install/mecharm_pi:/home/minha/colcon_ws/install/mecharm:/home/minha/colcon_ws/install/mecharm_communication:/home/minha/colcon_ws/install/mybuddy:/home/minha/colcon_ws/install/mycobot_description:/home/minha/ros2_ws_tut/install/urdf_turtorial:/home/minha/ros2_ws_tut/install/ros_topic:/home/minha/ros2_ws_tut/install/ros_mini_proj:/home/minha/ros2_ws_tut/install/python_parameters:/home/minha/ros2_ws_tut/install/motor_control_serial:/home/minha/ros2_ws_tut/install/action_tutorial:/home/minha/ros2_ws_tut/install/action_service:/opt/ros/humble CONDA_PROMPT_MODIFIER=(new_adaface) /home/minha/.local/bin/cmake /home/minha/moiro_ws/src/yolov8_ros/yolov8_msgs -DCMAKE_INSTALL_PREFIX=/home/minha/moiro_ws/src/yolov8_ros/install/yolov8_msgs
[2.962s] DEBUG:colcon.colcon_core.event_handler.log_command:Invoking command in '/home/minha/moiro_ws/src/yolov8_ros/build/yolov8_msgs': CMAKE_PREFIX_PATH=${CMAKE_PREFIX_PATH}:/home/minha/moiro_ws/install/adaface:/home/minha/moiro_ws/install/yolov8_ros:/home/minha/colcon_ws/install/ultraarm:/home/minha/colcon_ws/install/mypalletizer_260_pi:/home/minha/colcon_ws/install/mypalletizer_260:/home/minha/colcon_ws/install/mypalletizer_communication:/home/minha/colcon_ws/install/mycobot_630:/home/minha/colcon_ws/install/mycobot_600:/home/minha/colcon_ws/install/mycobot_320pi:/home/minha/colcon_ws/install/mycobot_320:/home/minha/colcon_ws/install/mycobot_280pi:/home/minha/colcon_ws/install/mycobot_280jn:/home/minha/colcon_ws/install/mycobot_280_x3pi:/home/minha/colcon_ws/install/mycobot_280:/home/minha/colcon_ws/install/myarm_300:/home/minha/colcon_ws/install/mycobot_communication:/home/minha/colcon_ws/install/mecharm_pi:/home/minha/colcon_ws/install/mecharm:/home/minha/colcon_ws/install/mecharm_communication:/home/minha/colcon_ws/install/mybuddy:/home/minha/colcon_ws/install/mycobot_description:/home/minha/ros2_ws_tut/install/urdf_turtorial:/home/minha/ros2_ws_tut/install/ros_topic:/home/minha/ros2_ws_tut/install/ros_mini_proj:/home/minha/ros2_ws_tut/install/python_parameters:/home/minha/ros2_ws_tut/install/motor_control_serial:/home/minha/ros2_ws_tut/install/action_tutorial:/home/minha/ros2_ws_tut/install/action_service:/opt/ros/humble CONDA_PROMPT_MODIFIER=(new_adaface) /home/minha/.local/bin/cmake --build /home/minha/moiro_ws/src/yolov8_ros/build/yolov8_msgs -- -j12 -l12
[7.971s] DEBUG:colcon.colcon_core.event_handler.log_command:Invoked command in '/home/minha/moiro_ws/src/yolov8_ros/build/yolov8_msgs' returned '0': CMAKE_PREFIX_PATH=${CMAKE_PREFIX_PATH}:/home/minha/moiro_ws/install/adaface:/home/minha/moiro_ws/install/yolov8_ros:/home/minha/colcon_ws/install/ultraarm:/home/minha/colcon_ws/install/mypalletizer_260_pi:/home/minha/colcon_ws/install/mypalletizer_260:/home/minha/colcon_ws/install/mypalletizer_communication:/home/minha/colcon_ws/install/mycobot_630:/home/minha/colcon_ws/install/mycobot_600:/home/minha/colcon_ws/install/mycobot_320pi:/home/minha/colcon_ws/install/mycobot_320:/home/minha/colcon_ws/install/mycobot_280pi:/home/minha/colcon_ws/install/mycobot_280jn:/home/minha/colcon_ws/install/mycobot_280_x3pi:/home/minha/colcon_ws/install/mycobot_280:/home/minha/colcon_ws/install/myarm_300:/home/minha/colcon_ws/install/mycobot_communication:/home/minha/colcon_ws/install/mecharm_pi:/home/minha/colcon_ws/install/mecharm:/home/minha/colcon_ws/install/mecharm_communication:/home/minha/colcon_ws/install/mybuddy:/home/minha/colcon_ws/install/mycobot_description:/home/minha/ros2_ws_tut/install/urdf_turtorial:/home/minha/ros2_ws_tut/install/ros_topic:/home/minha/ros2_ws_tut/install/ros_mini_proj:/home/minha/ros2_ws_tut/install/python_parameters:/home/minha/ros2_ws_tut/install/motor_control_serial:/home/minha/ros2_ws_tut/install/action_tutorial:/home/minha/ros2_ws_tut/install/action_service:/opt/ros/humble CONDA_PROMPT_MODIFIER=(new_adaface) /home/minha/.local/bin/cmake --build /home/minha/moiro_ws/src/yolov8_ros/build/yolov8_msgs -- -j12 -l12
[8.220s] DEBUG:colcon.colcon_core.event_handler.log_command:Invoking command in '/home/minha/moiro_ws/src/yolov8_ros/build/yolov8_msgs': CMAKE_PREFIX_PATH=${CMAKE_PREFIX_PATH}:/home/minha/moiro_ws/install/adaface:/home/minha/moiro_ws/install/yolov8_ros:/home/minha/colcon_ws/install/ultraarm:/home/minha/colcon_ws/install/mypalletizer_260_pi:/home/minha/colcon_ws/install/mypalletizer_260:/home/minha/colcon_ws/install/mypalletizer_communication:/home/minha/colcon_ws/install/mycobot_630:/home/minha/colcon_ws/install/mycobot_600:/home/minha/colcon_ws/install/mycobot_320pi:/home/minha/colcon_ws/install/mycobot_320:/home/minha/colcon_ws/install/mycobot_280pi:/home/minha/colcon_ws/install/mycobot_280jn:/home/minha/colcon_ws/install/mycobot_280_x3pi:/home/minha/colcon_ws/install/mycobot_280:/home/minha/colcon_ws/install/myarm_300:/home/minha/colcon_ws/install/mycobot_communication:/home/minha/colcon_ws/install/mecharm_pi:/home/minha/colcon_ws/install/mecharm:/home/minha/colcon_ws/install/mecharm_communication:/home/minha/colcon_ws/install/mybuddy:/home/minha/colcon_ws/install/mycobot_description:/home/minha/ros2_ws_tut/install/urdf_turtorial:/home/minha/ros2_ws_tut/install/ros_topic:/home/minha/ros2_ws_tut/install/ros_mini_proj:/home/minha/ros2_ws_tut/install/python_parameters:/home/minha/ros2_ws_tut/install/motor_control_serial:/home/minha/ros2_ws_tut/install/action_tutorial:/home/minha/ros2_ws_tut/install/action_service:/opt/ros/humble CONDA_PROMPT_MODIFIER=(new_adaface) /home/minha/.local/bin/cmake --install /home/minha/moiro_ws/src/yolov8_ros/build/yolov8_msgs
[8.315s] Level 1:colcon.colcon_core.environment:create_environment_scripts_only(yolov8_msgs)
[8.316s] DEBUG:colcon.colcon_core.event_handler.log_command:Invoked command in '/home/minha/moiro_ws/src/yolov8_ros/build/yolov8_msgs' returned '0': CMAKE_PREFIX_PATH=${CMAKE_PREFIX_PATH}:/home/minha/moiro_ws/install/adaface:/home/minha/moiro_ws/install/yolov8_ros:/home/minha/colcon_ws/install/ultraarm:/home/minha/colcon_ws/install/mypalletizer_260_pi:/home/minha/colcon_ws/install/mypalletizer_260:/home/minha/colcon_ws/install/mypalletizer_communication:/home/minha/colcon_ws/install/mycobot_630:/home/minha/colcon_ws/install/mycobot_600:/home/minha/colcon_ws/install/mycobot_320pi:/home/minha/colcon_ws/install/mycobot_320:/home/minha/colcon_ws/install/mycobot_280pi:/home/minha/colcon_ws/install/mycobot_280jn:/home/minha/colcon_ws/install/mycobot_280_x3pi:/home/minha/colcon_ws/install/mycobot_280:/home/minha/colcon_ws/install/myarm_300:/home/minha/colcon_ws/install/mycobot_communication:/home/minha/colcon_ws/install/mecharm_pi:/home/minha/colcon_ws/install/mecharm:/home/minha/colcon_ws/install/mecharm_communication:/home/minha/colcon_ws/install/mybuddy:/home/minha/colcon_ws/install/mycobot_description:/home/minha/ros2_ws_tut/install/urdf_turtorial:/home/minha/ros2_ws_tut/install/ros_topic:/home/minha/ros2_ws_tut/install/ros_mini_proj:/home/minha/ros2_ws_tut/install/python_parameters:/home/minha/ros2_ws_tut/install/motor_control_serial:/home/minha/ros2_ws_tut/install/action_tutorial:/home/minha/ros2_ws_tut/install/action_service:/opt/ros/humble CONDA_PROMPT_MODIFIER=(new_adaface) /home/minha/.local/bin/cmake --install /home/minha/moiro_ws/src/yolov8_ros/build/yolov8_msgs
[8.316s] Level 1:colcon.colcon_core.environment:checking '/home/minha/moiro_ws/src/yolov8_ros/install/yolov8_msgs' for CMake module files
[8.317s] Level 1:colcon.colcon_core.environment:checking '/home/minha/moiro_ws/src/yolov8_ros/install/yolov8_msgs' for CMake config files
[8.317s] Level 1:colcon.colcon_core.shell:create_environment_hook('yolov8_msgs', 'cmake_prefix_path')
[8.317s] INFO:colcon.colcon_core.shell:Creating environment hook '/home/minha/moiro_ws/src/yolov8_ros/install/yolov8_msgs/share/yolov8_msgs/hook/cmake_prefix_path.ps1'
[8.318s] INFO:colcon.colcon_core.shell:Creating environment descriptor '/home/minha/moiro_ws/src/yolov8_ros/install/yolov8_msgs/share/yolov8_msgs/hook/cmake_prefix_path.dsv'
[8.318s] INFO:colcon.colcon_core.shell:Creating environment hook '/home/minha/moiro_ws/src/yolov8_ros/install/yolov8_msgs/share/yolov8_msgs/hook/cmake_prefix_path.sh'
[8.319s] Level 1:colcon.colcon_core.environment:checking '/home/minha/moiro_ws/src/yolov8_ros/install/yolov8_msgs/lib'
[8.319s] Level 1:colcon.colcon_core.shell:create_environment_hook('yolov8_msgs', 'ld_library_path_lib')
[8.319s] INFO:colcon.colcon_core.shell:Creating environment hook '/home/minha/moiro_ws/src/yolov8_ros/install/yolov8_msgs/share/yolov8_msgs/hook/ld_library_path_lib.ps1'
[8.319s] INFO:colcon.colcon_core.shell:Creating environment descriptor '/home/minha/moiro_ws/src/yolov8_ros/install/yolov8_msgs/share/yolov8_msgs/hook/ld_library_path_lib.dsv'
[8.320s] INFO:colcon.colcon_core.shell:Creating environment hook '/home/minha/moiro_ws/src/yolov8_ros/install/yolov8_msgs/share/yolov8_msgs/hook/ld_library_path_lib.sh'
[8.320s] Level 1:colcon.colcon_core.environment:checking '/home/minha/moiro_ws/src/yolov8_ros/install/yolov8_msgs/bin'
[8.320s] Level 1:colcon.colcon_core.environment:checking '/home/minha/moiro_ws/src/yolov8_ros/install/yolov8_msgs/lib/pkgconfig/yolov8_msgs.pc'
[8.320s] Level 1:colcon.colcon_core.environment:checking '/home/minha/moiro_ws/src/yolov8_ros/install/yolov8_msgs/lib/python3.10/site-packages'
[8.320s] Level 1:colcon.colcon_core.shell:create_environment_hook('yolov8_msgs', 'pythonpath')
[8.320s] INFO:colcon.colcon_core.shell:Creating environment hook '/home/minha/moiro_ws/src/yolov8_ros/install/yolov8_msgs/share/yolov8_msgs/hook/pythonpath.ps1'
[8.320s] INFO:colcon.colcon_core.shell:Creating environment descriptor '/home/minha/moiro_ws/src/yolov8_ros/install/yolov8_msgs/share/yolov8_msgs/hook/pythonpath.dsv'
[8.321s] INFO:colcon.colcon_core.shell:Creating environment hook '/home/minha/moiro_ws/src/yolov8_ros/install/yolov8_msgs/share/yolov8_msgs/hook/pythonpath.sh'
[8.321s] Level 1:colcon.colcon_core.environment:checking '/home/minha/moiro_ws/src/yolov8_ros/install/yolov8_msgs/bin'
[8.321s] INFO:colcon.colcon_core.shell:Creating package script '/home/minha/moiro_ws/src/yolov8_ros/install/yolov8_msgs/share/yolov8_msgs/package.ps1'
[8.321s] INFO:colcon.colcon_core.shell:Creating package descriptor '/home/minha/moiro_ws/src/yolov8_ros/install/yolov8_msgs/share/yolov8_msgs/package.dsv'
[8.322s] INFO:colcon.colcon_core.shell:Creating package script '/home/minha/moiro_ws/src/yolov8_ros/install/yolov8_msgs/share/yolov8_msgs/package.sh'
[8.322s] INFO:colcon.colcon_core.shell:Creating package script '/home/minha/moiro_ws/src/yolov8_ros/install/yolov8_msgs/share/yolov8_msgs/package.bash'
[8.322s] INFO:colcon.colcon_core.shell:Creating package script '/home/minha/moiro_ws/src/yolov8_ros/install/yolov8_msgs/share/yolov8_msgs/package.zsh'
[8.322s] Level 1:colcon.colcon_core.environment:create_file_with_runtime_dependencies(/home/minha/moiro_ws/src/yolov8_ros/install/yolov8_msgs/share/colcon-core/packages/yolov8_msgs)
[8.556s] Level 1:colcon.colcon_core.environment:create_environment_scripts_only(yolov8_msgs)
[8.556s] Level 1:colcon.colcon_core.environment:checking '/home/minha/moiro_ws/src/yolov8_ros/install/yolov8_msgs' for CMake module files
[8.556s] Level 1:colcon.colcon_core.environment:checking '/home/minha/moiro_ws/src/yolov8_ros/install/yolov8_msgs' for CMake config files
[8.557s] Level 1:colcon.colcon_core.shell:create_environment_hook('yolov8_msgs', 'cmake_prefix_path')
[8.557s] INFO:colcon.colcon_core.shell:Creating environment hook '/home/minha/moiro_ws/src/yolov8_ros/install/yolov8_msgs/share/yolov8_msgs/hook/cmake_prefix_path.ps1'
[8.557s] INFO:colcon.colcon_core.shell:Creating environment descriptor '/home/minha/moiro_ws/src/yolov8_ros/install/yolov8_msgs/share/yolov8_msgs/hook/cmake_prefix_path.dsv'
[8.557s] INFO:colcon.colcon_core.shell:Creating environment hook '/home/minha/moiro_ws/src/yolov8_ros/install/yolov8_msgs/share/yolov8_msgs/hook/cmake_prefix_path.sh'
[8.558s] Level 1:colcon.colcon_core.environment:checking '/home/minha/moiro_ws/src/yolov8_ros/install/yolov8_msgs/lib'
[8.558s] Level 1:colcon.colcon_core.shell:create_environment_hook('yolov8_msgs', 'ld_library_path_lib')
[8.558s] INFO:colcon.colcon_core.shell:Creating environment hook '/home/minha/moiro_ws/src/yolov8_ros/install/yolov8_msgs/share/yolov8_msgs/hook/ld_library_path_lib.ps1'
[8.558s] INFO:colcon.colcon_core.shell:Creating environment descriptor '/home/minha/moiro_ws/src/yolov8_ros/install/yolov8_msgs/share/yolov8_msgs/hook/ld_library_path_lib.dsv'
[8.558s] INFO:colcon.colcon_core.shell:Creating environment hook '/home/minha/moiro_ws/src/yolov8_ros/install/yolov8_msgs/share/yolov8_msgs/hook/ld_library_path_lib.sh'
[8.558s] Level 1:colcon.colcon_core.environment:checking '/home/minha/moiro_ws/src/yolov8_ros/install/yolov8_msgs/bin'
[8.558s] Level 1:colcon.colcon_core.environment:checking '/home/minha/moiro_ws/src/yolov8_ros/install/yolov8_msgs/lib/pkgconfig/yolov8_msgs.pc'
[8.558s] Level 1:colcon.colcon_core.environment:checking '/home/minha/moiro_ws/src/yolov8_ros/install/yolov8_msgs/lib/python3.10/site-packages'
[8.558s] Level 1:colcon.colcon_core.shell:create_environment_hook('yolov8_msgs', 'pythonpath')
[8.559s] INFO:colcon.colcon_core.shell:Creating environment hook '/home/minha/moiro_ws/src/yolov8_ros/install/yolov8_msgs/share/yolov8_msgs/hook/pythonpath.ps1'
[8.559s] INFO:colcon.colcon_core.shell:Creating environment descriptor '/home/minha/moiro_ws/src/yolov8_ros/install/yolov8_msgs/share/yolov8_msgs/hook/pythonpath.dsv'
[8.559s] INFO:colcon.colcon_core.shell:Creating environment hook '/home/minha/moiro_ws/src/yolov8_ros/install/yolov8_msgs/share/yolov8_msgs/hook/pythonpath.sh'
[8.559s] Level 1:colcon.colcon_core.environment:checking '/home/minha/moiro_ws/src/yolov8_ros/install/yolov8_msgs/bin'
[8.559s] INFO:colcon.colcon_core.shell:Creating package script '/home/minha/moiro_ws/src/yolov8_ros/install/yolov8_msgs/share/yolov8_msgs/package.ps1'
[8.560s] INFO:colcon.colcon_core.shell:Creating package descriptor '/home/minha/moiro_ws/src/yolov8_ros/install/yolov8_msgs/share/yolov8_msgs/package.dsv'
[8.560s] INFO:colcon.colcon_core.shell:Creating package script '/home/minha/moiro_ws/src/yolov8_ros/install/yolov8_msgs/share/yolov8_msgs/package.sh'
[8.560s] INFO:colcon.colcon_core.shell:Creating package script '/home/minha/moiro_ws/src/yolov8_ros/install/yolov8_msgs/share/yolov8_msgs/package.bash'
[8.560s] INFO:colcon.colcon_core.shell:Creating package script '/home/minha/moiro_ws/src/yolov8_ros/install/yolov8_msgs/share/yolov8_msgs/package.zsh'
[8.561s] Level 1:colcon.colcon_core.environment:create_file_with_runtime_dependencies(/home/minha/moiro_ws/src/yolov8_ros/install/yolov8_msgs/share/colcon-core/packages/yolov8_msgs)
[8.561s] DEBUG:colcon.colcon_parallel_executor.executor.parallel:closing loop
[8.561s] DEBUG:colcon.colcon_parallel_executor.executor.parallel:loop closed
[8.561s] DEBUG:colcon.colcon_parallel_executor.executor.parallel:run_until_complete finished with '0'
[8.561s] DEBUG:colcon.colcon_core.event_reactor:joining thread
[8.565s] INFO:colcon.colcon_core.plugin_system:Skipping extension 'colcon_notification.desktop_notification.terminal_notifier': Not used on non-Darwin systems
[8.565s] INFO:colcon.colcon_core.plugin_system:Skipping extension 'colcon_notification.desktop_notification.win32': Not used on non-Windows systems
[8.565s] INFO:colcon.colcon_notification.desktop_notification:Sending desktop notification using 'notify2'
[8.582s] DEBUG:colcon.colcon_core.event_reactor:joined thread
[8.582s] INFO:colcon.colcon_core.shell:Creating prefix script '/home/minha/moiro_ws/src/yolov8_ros/install/local_setup.ps1'
[8.583s] INFO:colcon.colcon_core.shell:Creating prefix util module '/home/minha/moiro_ws/src/yolov8_ros/install/_local_setup_util_ps1.py'
[8.584s] INFO:colcon.colcon_core.shell:Creating prefix chain script '/home/minha/moiro_ws/src/yolov8_ros/install/setup.ps1'
[8.586s] INFO:colcon.colcon_core.shell:Creating prefix script '/home/minha/moiro_ws/src/yolov8_ros/install/local_setup.sh'
[8.586s] INFO:colcon.colcon_core.shell:Creating prefix util module '/home/minha/moiro_ws/src/yolov8_ros/install/_local_setup_util_sh.py'
[8.586s] INFO:colcon.colcon_core.shell:Creating prefix chain script '/home/minha/moiro_ws/src/yolov8_ros/install/setup.sh'
[8.588s] INFO:colcon.colcon_core.shell:Creating prefix script '/home/minha/moiro_ws/src/yolov8_ros/install/local_setup.bash'
[8.589s] INFO:colcon.colcon_core.shell:Creating prefix chain script '/home/minha/moiro_ws/src/yolov8_ros/install/setup.bash'
[8.590s] INFO:colcon.colcon_core.shell:Creating prefix script '/home/minha/moiro_ws/src/yolov8_ros/install/local_setup.zsh'
[8.591s] INFO:colcon.colcon_core.shell:Creating prefix chain script '/home/minha/moiro_ws/src/yolov8_ros/install/setup.zsh'
