[0.548s] Invoking command in '/home/minha/moiro_ws/src/yolov8_ros/yolov8_ros': CONDA_PROMPT_MODIFIER=(new_adaface) PYTHONPATH=/home/minha/moiro_ws/src/yolov8_ros/build/yolov8_ros/prefix_override:/home/minha/moiro_ws/src/yolov8_ros/install/yolov8_ros/lib/python3.10/site-packages:${PYTHONPATH} /usr/bin/python3 -W ignore:setup.py install is deprecated setup.py egg_info --egg-base ../build/yolov8_ros build --build-base /home/minha/moiro_ws/src/yolov8_ros/build/yolov8_ros/build install --record /home/minha/moiro_ws/src/yolov8_ros/build/yolov8_ros/install.log --single-version-externally-managed install_data
[0.746s] running egg_info
[0.746s] creating ../build/yolov8_ros/yolov8_ros.egg-info
[0.746s] writing ../build/yolov8_ros/yolov8_ros.egg-info/PKG-INFO
[0.747s] writing dependency_links to ../build/yolov8_ros/yolov8_ros.egg-info/dependency_links.txt
[0.747s] writing entry points to ../build/yolov8_ros/yolov8_ros.egg-info/entry_points.txt
[0.747s] writing requirements to ../build/yolov8_ros/yolov8_ros.egg-info/requires.txt
[0.747s] writing top-level names to ../build/yolov8_ros/yolov8_ros.egg-info/top_level.txt
[0.747s] writing manifest file '../build/yolov8_ros/yolov8_ros.egg-info/SOURCES.txt'
[0.748s] reading manifest file '../build/yolov8_ros/yolov8_ros.egg-info/SOURCES.txt'
[0.749s] writing manifest file '../build/yolov8_ros/yolov8_ros.egg-info/SOURCES.txt'
[0.749s] running build
[0.749s] running build_py
[0.749s] creating /home/minha/moiro_ws/src/yolov8_ros/build/yolov8_ros/build
[0.749s] creating /home/minha/moiro_ws/src/yolov8_ros/build/yolov8_ros/build/lib
[0.749s] creating /home/minha/moiro_ws/src/yolov8_ros/build/yolov8_ros/build/lib/yolov8_ros
[0.749s] copying yolov8_ros/tracking_node.py -> /home/minha/moiro_ws/src/yolov8_ros/build/yolov8_ros/build/lib/yolov8_ros
[0.749s] copying yolov8_ros/debug_node.py -> /home/minha/moiro_ws/src/yolov8_ros/build/yolov8_ros/build/lib/yolov8_ros
[0.749s] copying yolov8_ros/__init__.py -> /home/minha/moiro_ws/src/yolov8_ros/build/yolov8_ros/build/lib/yolov8_ros
[0.749s] copying yolov8_ros/yolov8_node.py -> /home/minha/moiro_ws/src/yolov8_ros/build/yolov8_ros/build/lib/yolov8_ros
[0.750s] copying yolov8_ros/detect_3d_node.py -> /home/minha/moiro_ws/src/yolov8_ros/build/yolov8_ros/build/lib/yolov8_ros
[0.750s] running install
[0.750s] running install_lib
[0.750s] creating /home/minha/moiro_ws/src/yolov8_ros/install/yolov8_ros/lib/python3.10/site-packages/yolov8_ros
[0.750s] copying /home/minha/moiro_ws/src/yolov8_ros/build/yolov8_ros/build/lib/yolov8_ros/tracking_node.py -> /home/minha/moiro_ws/src/yolov8_ros/install/yolov8_ros/lib/python3.10/site-packages/yolov8_ros
[0.750s] copying /home/minha/moiro_ws/src/yolov8_ros/build/yolov8_ros/build/lib/yolov8_ros/debug_node.py -> /home/minha/moiro_ws/src/yolov8_ros/install/yolov8_ros/lib/python3.10/site-packages/yolov8_ros
[0.750s] copying /home/minha/moiro_ws/src/yolov8_ros/build/yolov8_ros/build/lib/yolov8_ros/__init__.py -> /home/minha/moiro_ws/src/yolov8_ros/install/yolov8_ros/lib/python3.10/site-packages/yolov8_ros
[0.750s] copying /home/minha/moiro_ws/src/yolov8_ros/build/yolov8_ros/build/lib/yolov8_ros/yolov8_node.py -> /home/minha/moiro_ws/src/yolov8_ros/install/yolov8_ros/lib/python3.10/site-packages/yolov8_ros
[0.750s] copying /home/minha/moiro_ws/src/yolov8_ros/build/yolov8_ros/build/lib/yolov8_ros/detect_3d_node.py -> /home/minha/moiro_ws/src/yolov8_ros/install/yolov8_ros/lib/python3.10/site-packages/yolov8_ros
[0.751s] byte-compiling /home/minha/moiro_ws/src/yolov8_ros/install/yolov8_ros/lib/python3.10/site-packages/yolov8_ros/tracking_node.py to tracking_node.cpython-310.pyc
[0.751s] byte-compiling /home/minha/moiro_ws/src/yolov8_ros/install/yolov8_ros/lib/python3.10/site-packages/yolov8_ros/debug_node.py to debug_node.cpython-310.pyc
[0.752s] byte-compiling /home/minha/moiro_ws/src/yolov8_ros/install/yolov8_ros/lib/python3.10/site-packages/yolov8_ros/__init__.py to __init__.cpython-310.pyc
[0.753s] byte-compiling /home/minha/moiro_ws/src/yolov8_ros/install/yolov8_ros/lib/python3.10/site-packages/yolov8_ros/yolov8_node.py to yolov8_node.cpython-310.pyc
[0.753s] byte-compiling /home/minha/moiro_ws/src/yolov8_ros/install/yolov8_ros/lib/python3.10/site-packages/yolov8_ros/detect_3d_node.py to detect_3d_node.cpython-310.pyc
[0.754s] running install_data
[0.755s] creating /home/minha/moiro_ws/src/yolov8_ros/install/yolov8_ros/share/ament_index
[0.755s] creating /home/minha/moiro_ws/src/yolov8_ros/install/yolov8_ros/share/ament_index/resource_index
[0.755s] creating /home/minha/moiro_ws/src/yolov8_ros/install/yolov8_ros/share/ament_index/resource_index/packages
[0.755s] copying resource/yolov8_ros -> /home/minha/moiro_ws/src/yolov8_ros/install/yolov8_ros/share/ament_index/resource_index/packages
[0.755s] copying package.xml -> /home/minha/moiro_ws/src/yolov8_ros/install/yolov8_ros/share/yolov8_ros
[0.755s] running install_egg_info
[0.756s] Copying ../build/yolov8_ros/yolov8_ros.egg-info to /home/minha/moiro_ws/src/yolov8_ros/install/yolov8_ros/lib/python3.10/site-packages/yolov8_ros-0.0.0-py3.10.egg-info
[0.757s] running install_scripts
[0.772s] Installing debug_node script to /home/minha/moiro_ws/src/yolov8_ros/install/yolov8_ros/lib/yolov8_ros
[0.772s] Installing detect_3d_node script to /home/minha/moiro_ws/src/yolov8_ros/install/yolov8_ros/lib/yolov8_ros
[0.772s] Installing tracking_node script to /home/minha/moiro_ws/src/yolov8_ros/install/yolov8_ros/lib/yolov8_ros
[0.772s] Installing yolov8_node script to /home/minha/moiro_ws/src/yolov8_ros/install/yolov8_ros/lib/yolov8_ros
[0.772s] writing list of installed files to '/home/minha/moiro_ws/src/yolov8_ros/build/yolov8_ros/install.log'
[0.789s] Invoked command in '/home/minha/moiro_ws/src/yolov8_ros/yolov8_ros' returned '0': CONDA_PROMPT_MODIFIER=(new_adaface) PYTHONPATH=/home/minha/moiro_ws/src/yolov8_ros/build/yolov8_ros/prefix_override:/home/minha/moiro_ws/src/yolov8_ros/install/yolov8_ros/lib/python3.10/site-packages:${PYTHONPATH} /usr/bin/python3 -W ignore:setup.py install is deprecated setup.py egg_info --egg-base ../build/yolov8_ros build --build-base /home/minha/moiro_ws/src/yolov8_ros/build/yolov8_ros/build install --record /home/minha/moiro_ws/src/yolov8_ros/build/yolov8_ros/install.log --single-version-externally-managed install_data
